{"/Users/andela/myBrandAlexis/myBland/server/server.js":{"path":"/Users/andela/myBrandAlexis/myBland/server/server.js","statementMap":{"0":{"start":{"line":3,"column":0},"end":{"line":5,"column":3}},"1":{"start":{"line":6,"column":0},"end":{"line":6,"column":28}},"2":{"start":{"line":8,"column":0},"end":{"line":8,"column":27}},"3":{"start":{"line":10,"column":15},"end":{"line":10,"column":57}},"4":{"start":{"line":12,"column":16},"end":{"line":12,"column":59}},"5":{"start":{"line":14,"column":16},"end":{"line":14,"column":72}},"6":{"start":{"line":16,"column":13},"end":{"line":16,"column":66}},"7":{"start":{"line":18,"column":16},"end":{"line":18,"column":72}},"8":{"start":{"line":20,"column":13},"end":{"line":20,"column":66}},"9":{"start":{"line":22,"column":19},"end":{"line":22,"column":53}},"10":{"start":{"line":24,"column":16},"end":{"line":24,"column":59}},"11":{"start":{"line":26,"column":14},"end":{"line":26,"column":55}},"12":{"start":{"line":28,"column":39},"end":{"line":28,"column":95}},"13":{"start":{"line":30,"column":0},"end":{"line":30,"column":28}},"14":{"start":{"line":33,"column":10},"end":{"line":33,"column":36}},"15":{"start":{"line":35,"column":0},"end":{"line":35,"column":66}},"16":{"start":{"line":37,"column":19},"end":{"line":37,"column":30}},"17":{"start":{"line":38,"column":15},"end":{"line":38,"column":36}},"18":{"start":{"line":39,"column":10},"end":{"line":39,"column":26}},"19":{"start":{"line":40,"column":21},"end":{"line":40,"column":48}},"20":{"start":{"line":42,"column":0},"end":{"line":44,"column":3}},"21":{"start":{"line":46,"column":10},"end":{"line":46,"column":41}},"22":{"start":{"line":47,"column":0},"end":{"line":49,"column":3}},"23":{"start":{"line":48,"column":2},"end":{"line":48,"column":30}},"24":{"start":{"line":51,"column":0},"end":{"line":53,"column":4}},"25":{"start":{"line":55,"column":0},"end":{"line":55,"column":43}},"26":{"start":{"line":56,"column":0},"end":{"line":56,"column":36}},"27":{"start":{"line":57,"column":0},"end":{"line":57,"column":51}},"28":{"start":{"line":58,"column":0},"end":{"line":58,"column":39}},"29":{"start":{"line":59,"column":0},"end":{"line":59,"column":43}},"30":{"start":{"line":60,"column":0},"end":{"line":60,"column":37}},"31":{"start":{"line":61,"column":0},"end":{"line":61,"column":43}},"32":{"start":{"line":63,"column":0},"end":{"line":63,"column":49}},"33":{"start":{"line":64,"column":0},"end":{"line":66,"column":3}},"34":{"start":{"line":65,"column":2},"end":{"line":65,"column":32}},"35":{"start":{"line":67,"column":15},"end":{"line":67,"column":18}},"36":{"start":{"line":68,"column":0},"end":{"line":68,"column":30}}},"fnMap":{"0":{"name":"_interopRequireDefault","decl":{"start":{"line":28,"column":9},"end":{"line":28,"column":31}},"loc":{"start":{"line":28,"column":37},"end":{"line":28,"column":97}},"line":28},"1":{"name":"(anonymous_1)","decl":{"start":{"line":47,"column":15},"end":{"line":47,"column":16}},"loc":{"start":{"line":47,"column":27},"end":{"line":49,"column":1}},"line":47},"2":{"name":"(anonymous_2)","decl":{"start":{"line":64,"column":17},"end":{"line":64,"column":18}},"loc":{"start":{"line":64,"column":29},"end":{"line":66,"column":1}},"line":64}},"branchMap":{"0":{"loc":{"start":{"line":28,"column":46},"end":{"line":28,"column":94}},"type":"cond-expr","locations":[{"start":{"line":28,"column":70},"end":{"line":28,"column":73}},{"start":{"line":28,"column":76},"end":{"line":28,"column":94}}],"line":28},"1":{"loc":{"start":{"line":28,"column":46},"end":{"line":28,"column":67}},"type":"binary-expr","locations":[{"start":{"line":28,"column":46},"end":{"line":28,"column":49}},{"start":{"line":28,"column":53},"end":{"line":28,"column":67}}],"line":28},"2":{"loc":{"start":{"line":42,"column":29},"end":{"line":42,"column":71}},"type":"cond-expr","locations":[{"start":{"line":42,"column":51},"end":{"line":42,"column":65}},{"start":{"line":42,"column":68},"end":{"line":42,"column":71}}],"line":42}},"s":{"0":1,"1":1,"2":1,"3":1,"4":1,"5":1,"6":1,"7":1,"8":1,"9":1,"10":1,"11":1,"12":8,"13":1,"14":1,"15":1,"16":1,"17":1,"18":1,"19":1,"20":1,"21":1,"22":1,"23":1,"24":1,"25":1,"26":1,"27":1,"28":1,"29":1,"30":1,"31":1,"32":1,"33":1,"34":1,"35":1,"36":1},"f":{"0":8,"1":1,"2":1},"b":{"0":[4,4],"1":[8,8],"2":[0,1]},"inputSourceMap":{"version":3,"sources":["server.js"],"names":["dotenv","config","app","require","passport","process","env","NODE_ENV","URL","MONGO_URI_TEST","mongoose","connect","useNewUrlParser","con","connection","on","console","log","use","express","urlencoded","extended","initialize","json","upload","single","queryRoute","contactRoute","blogRoute","articleRoute","listen"],"mappings":";;;;;;;AAAA;;AACA;;AACA;;AACA;;AACA;;AACA;;AACA;;AACA;;AACA;;AACA;;;;AAEAA,mBAAOC,MAAP,G,CAEA;;;AAEA,IAAMC,GAAG,GAAG,0BAAZ;;AACEC,OAAO,CAAC,uBAAD,CAAP,YAAyCC,oBAAzC;;mBACwCC,OAAO,CAACC,G;IAAzCC,Q,gBAAAA,Q;IAAUC,G,gBAAAA,G;IAAKC,c,gBAAAA,c;;AACxBC,qBAASC,OAAT,CAAiBJ,QAAQ,KAAK,MAAb,GAAqBE,cAArB,GAAoCD,GAArD,EAA0D;AAAEI,EAAAA,eAAe,EAAE;AAAnB,CAA1D;;AACC,IAAMC,GAAG,GAAGH,qBAASI,UAArB;AAEAD,GAAG,CAACE,EAAJ,CAAO,MAAP,EAAe,YAAM;AAEpBC,EAAAA,OAAO,CAACC,GAAR,CAAY,cAAZ;AACA,CAHD,E,CAKA;;AAEDf,GAAG,CAACgB,GAAJ,CAAQC,oBAAQC,UAAR,CAAmB;AAACC,EAAAA,QAAQ,EAAE;AAAX,CAAnB,CAAR,E,CAEE;;AACAnB,GAAG,CAACgB,GAAJ,CAAQd,qBAASkB,UAAT,EAAR;AAGDpB,GAAG,CAACgB,GAAJ,CAAQC,oBAAQI,IAAR,EAAR;AACArB,GAAG,CAACgB,GAAJ,CAAQM,oBAAOC,MAAP,CAAc,aAAd,CAAR;AACAvB,GAAG,CAACgB,GAAJ,CAAQ,UAAR,EAAoBQ,iBAApB;AACAxB,GAAG,CAACgB,GAAJ,CAAQ,WAAR,EAAqBS,oBAArB;AACAzB,GAAG,CAACgB,GAAJ,CAAQ,QAAR,EAAkBU,iBAAlB;AACA1B,GAAG,CAACgB,GAAJ,CAAQ,WAAR,EAAqBW,oBAArB,E,CAEA;;AACA3B,GAAG,CAACgB,GAAJ,CAAQ,QAAR,EAAkBf,OAAO,CAAC,oBAAD,CAAzB;AACAD,GAAG,CAAC4B,MAAJ,CAAW,IAAX,EAAiB,YAAM;AACtBd,EAAAA,OAAO,CAACC,GAAR,CAAY,gBAAZ;AACA,CAFD;eAIcf,G","sourceRoot":"/Users/andela/myBrandAlexis/myBland/server/","sourcesContent":["import '@babel/polyfill'\nimport express from \"express\"\nimport mongoose from \"mongoose\"\nimport contactRoute from './scr/routes/contacts'\nimport blogRoute from './scr/routes/blogs'\nimport articleRoute from './scr/routes/articles'\nimport queryRoute from './scr/routes/query'\nimport {upload} from './scr/utils/imageUpload'\nimport passport from'passport'\nimport dotenv from 'dotenv'\n\ndotenv.config()\n\n//loading passpot\n\nconst app = express()\n  require('./scr/config/passport').default(passport)\nconst {  NODE_ENV, URL, MONGO_URI_TEST} = process.env\nmongoose.connect(NODE_ENV === 'test'? MONGO_URI_TEST:URL, { useNewUrlParser: true })\n\tconst con = mongoose.connection\n\t\n\tcon.on('open', () => {\n\n\t\tconsole.log('Connected...')\n\t})\n\n\t//bodyparser\n\napp.use(express.urlencoded({extended: false }));\n\n  // passport middleware\n  app.use(passport.initialize());\n\n\n\tapp.use(express.json())\n\tapp.use(upload.single(\"blogPicture\"))\n\tapp.use('/queries', queryRoute)\n\tapp.use('/contacts', contactRoute)\n\tapp.use('/blogs', blogRoute)\n\tapp.use('/articles', articleRoute)\n\n\t// app.use('/', require('./routes/index'))\n\tapp.use('/users', require('./scr/routes/users'))\n\tapp.listen(6000, () => {\n\t\tconsole.log('Server started')\n\t})\n\nexport default app"]},"_coverageSchema":"1a1c01bbd47fc00a2c39e90264f33305004495a9","hash":"0c6c68cb2865134c9f465b76b6157a28e093f723","contentHash":"4fa46e1c788c6b40f02d70c38b0a1187012b08cf07970ebe846c20f555599a5d"},"/Users/andela/myBrandAlexis/myBland/server/scr/routes/contacts.js":{"path":"/Users/andela/myBrandAlexis/myBland/server/scr/routes/contacts.js","statementMap":{"0":{"start":{"line":3,"column":0},"end":{"line":5,"column":3}},"1":{"start":{"line":6,"column":0},"end":{"line":6,"column":28}},"2":{"start":{"line":8,"column":15},"end":{"line":8,"column":57}},"3":{"start":{"line":10,"column":15},"end":{"line":10,"column":67}},"4":{"start":{"line":12,"column":25},"end":{"line":12,"column":91}},"5":{"start":{"line":14,"column":39},"end":{"line":14,"column":95}},"6":{"start":{"line":16,"column":13},"end":{"line":16,"column":41}},"7":{"start":{"line":18,"column":0},"end":{"line":18,"column":62}},"8":{"start":{"line":19,"column":0},"end":{"line":19,"column":64}},"9":{"start":{"line":20,"column":15},"end":{"line":20,"column":21}},"10":{"start":{"line":21,"column":0},"end":{"line":21,"column":30}}},"fnMap":{"0":{"name":"_interopRequireDefault","decl":{"start":{"line":14,"column":9},"end":{"line":14,"column":31}},"loc":{"start":{"line":14,"column":37},"end":{"line":14,"column":97}},"line":14}},"branchMap":{"0":{"loc":{"start":{"line":14,"column":46},"end":{"line":14,"column":94}},"type":"cond-expr","locations":[{"start":{"line":14,"column":70},"end":{"line":14,"column":73}},{"start":{"line":14,"column":76},"end":{"line":14,"column":94}}],"line":14},"1":{"loc":{"start":{"line":14,"column":46},"end":{"line":14,"column":67}},"type":"binary-expr","locations":[{"start":{"line":14,"column":46},"end":{"line":14,"column":49}},{"start":{"line":14,"column":53},"end":{"line":14,"column":67}}],"line":14}},"s":{"0":1,"1":1,"2":1,"3":1,"4":1,"5":3,"6":1,"7":1,"8":1,"9":1,"10":1},"f":{"0":3},"b":{"0":[1,2],"1":[3,3]},"inputSourceMap":{"version":3,"sources":["contacts.js"],"names":["router","express","Router","get","contactController","contactGetName","post","contactPostName"],"mappings":";;;;;;;AAAA;;AACA;;AACA;;;;AACA,IAAMA,MAAM,GAAGC,oBAAQC,MAAR,EAAf;;AACAF,MAAM,CAACG,GAAP,CAAW,GAAX,EAAgBC,8BAAkBC,cAAlC;AAEAL,MAAM,CAACM,IAAP,CAAY,GAAZ,EAAiBF,8BAAkBG,eAAnC;eAEeP,M","sourceRoot":"/Users/andela/myBrandAlexis/myBland/server/scr/routes/","sourcesContent":["import express from \"express\"\nimport contact from '../models/Contact'\nimport contactController from '../controller/contactController'\nconst router = express.Router()\nrouter.get('/', contactController.contactGetName)\n\nrouter.post('/', contactController.contactPostName)\n\nexport default router;"]},"_coverageSchema":"1a1c01bbd47fc00a2c39e90264f33305004495a9","hash":"e92c333f5d1f5503dc274ecd5e104fee55eae241","contentHash":"1d71c14bcf38ba119fde4ce4778225cb9336c1d96fbe900f180fc4cb2d8917bb"},"/Users/andela/myBrandAlexis/myBland/server/scr/models/Contact.js":{"path":"/Users/andela/myBrandAlexis/myBland/server/scr/models/Contact.js","statementMap":{"0":{"start":{"line":3,"column":16},"end":{"line":3,"column":59}},"1":{"start":{"line":5,"column":39},"end":{"line":5,"column":95}},"2":{"start":{"line":7,"column":20},"end":{"line":14,"column":2}},"3":{"start":{"line":15,"column":0},"end":{"line":15,"column":70}}},"fnMap":{"0":{"name":"_interopRequireDefault","decl":{"start":{"line":5,"column":9},"end":{"line":5,"column":31}},"loc":{"start":{"line":5,"column":37},"end":{"line":5,"column":97}},"line":5}},"branchMap":{"0":{"loc":{"start":{"line":5,"column":46},"end":{"line":5,"column":94}},"type":"cond-expr","locations":[{"start":{"line":5,"column":70},"end":{"line":5,"column":73}},{"start":{"line":5,"column":76},"end":{"line":5,"column":94}}],"line":5},"1":{"loc":{"start":{"line":5,"column":46},"end":{"line":5,"column":67}},"type":"binary-expr","locations":[{"start":{"line":5,"column":46},"end":{"line":5,"column":49}},{"start":{"line":5,"column":53},"end":{"line":5,"column":67}}],"line":5}},"s":{"0":1,"1":1,"2":1,"3":1},"f":{"0":1},"b":{"0":[0,1],"1":[1,1]},"inputSourceMap":{"version":3,"sources":["Contact.js"],"names":["contactSchema","mongoose","Schema","title","type","String","message","module","exports","model"],"mappings":";;AAAA;;;;AAEA,IAAMA,aAAa,GAAG,IAAIC,qBAASC,MAAb,CAAoB;AAEtCC,EAAAA,KAAK,EAAE;AACHC,IAAAA,IAAI,EAAEC;AADH,GAF+B;AAKtCC,EAAAA,OAAO,EAAE;AACLF,IAAAA,IAAI,EAAEC;AADD;AAL6B,CAApB,CAAtB;AAUAE,MAAM,CAACC,OAAP,GAAiBP,qBAASQ,KAAT,CAAe,SAAf,EAA0BT,aAA1B,CAAjB","sourceRoot":"/Users/andela/myBrandAlexis/myBland/server/scr/models/","sourcesContent":["import mongoose from 'mongoose'\n\nconst contactSchema = new mongoose.Schema({\n\n    title: {\n        type: String\n    },\n    message: {\n        type: String\n    }\n})\n\nmodule.exports = mongoose.model('contact', contactSchema)"]},"_coverageSchema":"1a1c01bbd47fc00a2c39e90264f33305004495a9","hash":"f22d7d7b48f77438bcdabed5d85da8bc2a7ca6b7","contentHash":"f28be84b5bf1d2a6507bb758ab7d969820a37e005480a9715b85c62d1bf24765"},"/Users/andela/myBrandAlexis/myBland/server/scr/controller/contactController.js":{"path":"/Users/andela/myBrandAlexis/myBland/server/scr/controller/contactController.js","statementMap":{"0":{"start":{"line":3,"column":0},"end":{"line":5,"column":3}},"1":{"start":{"line":6,"column":0},"end":{"line":6,"column":28}},"2":{"start":{"line":8,"column":15},"end":{"line":8,"column":67}},"3":{"start":{"line":10,"column":15},"end":{"line":10,"column":82}},"4":{"start":{"line":12,"column":39},"end":{"line":12,"column":95}},"5":{"start":{"line":14,"column":77},"end":{"line":14,"column":175}},"6":{"start":{"line":14,"column":94},"end":{"line":14,"column":107}},"7":{"start":{"line":14,"column":121},"end":{"line":14,"column":131}},"8":{"start":{"line":14,"column":151},"end":{"line":14,"column":165}},"9":{"start":{"line":14,"column":166},"end":{"line":14,"column":173}},"10":{"start":{"line":14,"column":176},"end":{"line":14,"column":263}},"11":{"start":{"line":14,"column":193},"end":{"line":14,"column":208}},"12":{"start":{"line":14,"column":218},"end":{"line":14,"column":261}},"13":{"start":{"line":16,"column":33},"end":{"line":16,"column":387}},"14":{"start":{"line":16,"column":65},"end":{"line":16,"column":69}},"15":{"start":{"line":16,"column":78},"end":{"line":16,"column":87}},"16":{"start":{"line":16,"column":89},"end":{"line":16,"column":384}},"17":{"start":{"line":16,"column":147},"end":{"line":16,"column":167}},"18":{"start":{"line":16,"column":193},"end":{"line":16,"column":264}},"19":{"start":{"line":16,"column":290},"end":{"line":16,"column":360}},"20":{"start":{"line":16,"column":363},"end":{"line":16,"column":380}},"21":{"start":{"line":18,"column":50},"end":{"line":18,"column":151}},"22":{"start":{"line":18,"column":92},"end":{"line":18,"column":149}},"23":{"start":{"line":20,"column":44},"end":{"line":20,"column":315}},"24":{"start":{"line":20,"column":57},"end":{"line":20,"column":58}},"25":{"start":{"line":20,"column":102},"end":{"line":20,"column":110}},"26":{"start":{"line":20,"column":112},"end":{"line":20,"column":167}},"27":{"start":{"line":20,"column":168},"end":{"line":20,"column":199}},"28":{"start":{"line":20,"column":200},"end":{"line":20,"column":254}},"29":{"start":{"line":20,"column":227},"end":{"line":20,"column":254}},"30":{"start":{"line":20,"column":255},"end":{"line":20,"column":313}},"31":{"start":{"line":22,"column":62},"end":{"line":22,"column":131}},"32":{"start":{"line":22,"column":78},"end":{"line":22,"column":131}},"33":{"start":{"line":22,"column":132},"end":{"line":22,"column":193}},"34":{"start":{"line":22,"column":149},"end":{"line":22,"column":193}},"35":{"start":{"line":22,"column":194},"end":{"line":22,"column":213}},"36":{"start":{"line":24,"column":38},"end":{"line":122,"column":3}},"37":{"start":{"line":26,"column":4},"end":{"line":26,"column":46}},"38":{"start":{"line":29,"column":2},"end":{"line":119,"column":6}},"39":{"start":{"line":32,"column":28},"end":{"line":59,"column":9}},"40":{"start":{"line":34,"column":8},"end":{"line":58,"column":36}},"41":{"start":{"line":35,"column":10},"end":{"line":57,"column":11}},"42":{"start":{"line":36,"column":12},"end":{"line":56,"column":13}},"43":{"start":{"line":38,"column":16},"end":{"line":38,"column":34}},"44":{"start":{"line":39,"column":16},"end":{"line":39,"column":34}},"45":{"start":{"line":40,"column":16},"end":{"line":40,"column":50}},"46":{"start":{"line":43,"column":16},"end":{"line":43,"column":41}},"47":{"start":{"line":44,"column":16},"end":{"line":44,"column":35}},"48":{"start":{"line":45,"column":16},"end":{"line":45,"column":35}},"49":{"start":{"line":46,"column":16},"end":{"line":46,"column":22}},"50":{"start":{"line":49,"column":16},"end":{"line":49,"column":34}},"51":{"start":{"line":50,"column":16},"end":{"line":50,"column":51}},"52":{"start":{"line":51,"column":16},"end":{"line":51,"column":48}},"53":{"start":{"line":55,"column":16},"end":{"line":55,"column":39}},"54":{"start":{"line":62,"column":8},"end":{"line":62,"column":54}},"55":{"start":{"line":65,"column":6},"end":{"line":65,"column":28}},"56":{"start":{"line":70,"column":29},"end":{"line":111,"column":9}},"57":{"start":{"line":73,"column":8},"end":{"line":110,"column":38}},"58":{"start":{"line":74,"column":10},"end":{"line":109,"column":11}},"59":{"start":{"line":75,"column":12},"end":{"line":108,"column":13}},"60":{"start":{"line":77,"column":16},"end":{"line":77,"column":106}},"61":{"start":{"line":79,"column":16},"end":{"line":84,"column":17}},"62":{"start":{"line":80,"column":18},"end":{"line":83,"column":21}},"63":{"start":{"line":86,"column":16},"end":{"line":89,"column":19}},"64":{"start":{"line":90,"column":16},"end":{"line":90,"column":35}},"65":{"start":{"line":91,"column":16},"end":{"line":91,"column":35}},"66":{"start":{"line":92,"column":16},"end":{"line":92,"column":35}},"67":{"start":{"line":95,"column":16},"end":{"line":95,"column":42}},"68":{"start":{"line":96,"column":16},"end":{"line":96,"column":35}},"69":{"start":{"line":97,"column":16},"end":{"line":97,"column":36}},"70":{"start":{"line":98,"column":16},"end":{"line":98,"column":22}},"71":{"start":{"line":101,"column":16},"end":{"line":101,"column":36}},"72":{"start":{"line":102,"column":16},"end":{"line":102,"column":53}},"73":{"start":{"line":103,"column":16},"end":{"line":103,"column":34}},"74":{"start":{"line":107,"column":16},"end":{"line":107,"column":40}},"75":{"start":{"line":114,"column":8},"end":{"line":114,"column":55}},"76":{"start":{"line":117,"column":6},"end":{"line":117,"column":29}},"77":{"start":{"line":121,"column":2},"end":{"line":121,"column":28}},"78":{"start":{"line":124,"column":15},"end":{"line":124,"column":33}},"79":{"start":{"line":125,"column":0},"end":{"line":125,"column":30}}},"fnMap":{"0":{"name":"_interopRequireDefault","decl":{"start":{"line":12,"column":9},"end":{"line":12,"column":31}},"loc":{"start":{"line":12,"column":37},"end":{"line":12,"column":97}},"line":12},"1":{"name":"asyncGeneratorStep","decl":{"start":{"line":14,"column":9},"end":{"line":14,"column":27}},"loc":{"start":{"line":14,"column":75},"end":{"line":14,"column":265}},"line":14},"2":{"name":"_asyncToGenerator","decl":{"start":{"line":16,"column":9},"end":{"line":16,"column":26}},"loc":{"start":{"line":16,"column":31},"end":{"line":16,"column":389}},"line":16},"3":{"name":"(anonymous_3)","decl":{"start":{"line":16,"column":40},"end":{"line":16,"column":41}},"loc":{"start":{"line":16,"column":52},"end":{"line":16,"column":386}},"line":16},"4":{"name":"(anonymous_4)","decl":{"start":{"line":16,"column":108},"end":{"line":16,"column":109}},"loc":{"start":{"line":16,"column":135},"end":{"line":16,"column":382}},"line":16},"5":{"name":"_next","decl":{"start":{"line":16,"column":178},"end":{"line":16,"column":183}},"loc":{"start":{"line":16,"column":191},"end":{"line":16,"column":266}},"line":16},"6":{"name":"_throw","decl":{"start":{"line":16,"column":276},"end":{"line":16,"column":282}},"loc":{"start":{"line":16,"column":288},"end":{"line":16,"column":362}},"line":16},"7":{"name":"_classCallCheck","decl":{"start":{"line":18,"column":9},"end":{"line":18,"column":24}},"loc":{"start":{"line":18,"column":48},"end":{"line":18,"column":153}},"line":18},"8":{"name":"_defineProperties","decl":{"start":{"line":20,"column":9},"end":{"line":20,"column":26}},"loc":{"start":{"line":20,"column":42},"end":{"line":20,"column":317}},"line":20},"9":{"name":"_createClass","decl":{"start":{"line":22,"column":9},"end":{"line":22,"column":21}},"loc":{"start":{"line":22,"column":60},"end":{"line":22,"column":215}},"line":22},"10":{"name":"(anonymous_10)","decl":{"start":{"line":24,"column":38},"end":{"line":24,"column":39}},"loc":{"start":{"line":24,"column":50},"end":{"line":122,"column":1}},"line":24},"11":{"name":"contactsController","decl":{"start":{"line":25,"column":11},"end":{"line":25,"column":29}},"loc":{"start":{"line":25,"column":32},"end":{"line":27,"column":3}},"line":25},"12":{"name":"(anonymous_12)","decl":{"start":{"line":31,"column":11},"end":{"line":31,"column":12}},"loc":{"start":{"line":31,"column":23},"end":{"line":66,"column":5}},"line":31},"13":{"name":"_callee","decl":{"start":{"line":32,"column":93},"end":{"line":32,"column":100}},"loc":{"start":{"line":32,"column":111},"end":{"line":59,"column":7}},"line":32},"14":{"name":"_callee$","decl":{"start":{"line":34,"column":48},"end":{"line":34,"column":56}},"loc":{"start":{"line":34,"column":67},"end":{"line":58,"column":9}},"line":34},"15":{"name":"contactGetName","decl":{"start":{"line":61,"column":15},"end":{"line":61,"column":29}},"loc":{"start":{"line":61,"column":39},"end":{"line":63,"column":7}},"line":61},"16":{"name":"(anonymous_16)","decl":{"start":{"line":69,"column":11},"end":{"line":69,"column":12}},"loc":{"start":{"line":69,"column":23},"end":{"line":118,"column":5}},"line":69},"17":{"name":"_callee2","decl":{"start":{"line":70,"column":94},"end":{"line":70,"column":102}},"loc":{"start":{"line":70,"column":113},"end":{"line":111,"column":7}},"line":70},"18":{"name":"_callee2$","decl":{"start":{"line":73,"column":48},"end":{"line":73,"column":57}},"loc":{"start":{"line":73,"column":69},"end":{"line":110,"column":9}},"line":73},"19":{"name":"contactPostName","decl":{"start":{"line":113,"column":15},"end":{"line":113,"column":30}},"loc":{"start":{"line":113,"column":41},"end":{"line":115,"column":7}},"line":113}},"branchMap":{"0":{"loc":{"start":{"line":12,"column":46},"end":{"line":12,"column":94}},"type":"cond-expr","locations":[{"start":{"line":12,"column":70},"end":{"line":12,"column":73}},{"start":{"line":12,"column":76},"end":{"line":12,"column":94}}],"line":12},"1":{"loc":{"start":{"line":12,"column":46},"end":{"line":12,"column":67}},"type":"binary-expr","locations":[{"start":{"line":12,"column":46},"end":{"line":12,"column":49}},{"start":{"line":12,"column":53},"end":{"line":12,"column":67}}],"line":12},"2":{"loc":{"start":{"line":14,"column":176},"end":{"line":14,"column":263}},"type":"if","locations":[{"start":{"line":14,"column":176},"end":{"line":14,"column":263}},{"start":{"line":14,"column":176},"end":{"line":14,"column":263}}],"line":14},"3":{"loc":{"start":{"line":18,"column":50},"end":{"line":18,"column":151}},"type":"if","locations":[{"start":{"line":18,"column":50},"end":{"line":18,"column":151}},{"start":{"line":18,"column":50},"end":{"line":18,"column":151}}],"line":18},"4":{"loc":{"start":{"line":20,"column":136},"end":{"line":20,"column":166}},"type":"binary-expr","locations":[{"start":{"line":20,"column":136},"end":{"line":20,"column":157}},{"start":{"line":20,"column":161},"end":{"line":20,"column":166}}],"line":20},"5":{"loc":{"start":{"line":20,"column":200},"end":{"line":20,"column":254}},"type":"if","locations":[{"start":{"line":20,"column":200},"end":{"line":20,"column":254}},{"start":{"line":20,"column":200},"end":{"line":20,"column":254}}],"line":20},"6":{"loc":{"start":{"line":22,"column":62},"end":{"line":22,"column":131}},"type":"if","locations":[{"start":{"line":22,"column":62},"end":{"line":22,"column":131}},{"start":{"line":22,"column":62},"end":{"line":22,"column":131}}],"line":22},"7":{"loc":{"start":{"line":22,"column":132},"end":{"line":22,"column":193}},"type":"if","locations":[{"start":{"line":22,"column":132},"end":{"line":22,"column":193}},{"start":{"line":22,"column":132},"end":{"line":22,"column":193}}],"line":22},"8":{"loc":{"start":{"line":36,"column":12},"end":{"line":56,"column":13}},"type":"switch","locations":[{"start":{"line":37,"column":14},"end":{"line":40,"column":50}},{"start":{"line":42,"column":14},"end":{"line":46,"column":22}},{"start":{"line":48,"column":14},"end":{"line":51,"column":48}},{"start":{"line":53,"column":14},"end":{"line":53,"column":22}},{"start":{"line":54,"column":14},"end":{"line":55,"column":39}}],"line":36},"9":{"loc":{"start":{"line":75,"column":12},"end":{"line":108,"column":13}},"type":"switch","locations":[{"start":{"line":76,"column":14},"end":{"line":92,"column":35}},{"start":{"line":94,"column":14},"end":{"line":98,"column":22}},{"start":{"line":100,"column":14},"end":{"line":103,"column":34}},{"start":{"line":105,"column":14},"end":{"line":105,"column":22}},{"start":{"line":106,"column":14},"end":{"line":107,"column":40}}],"line":75},"10":{"loc":{"start":{"line":79,"column":16},"end":{"line":84,"column":17}},"type":"if","locations":[{"start":{"line":79,"column":16},"end":{"line":84,"column":17}},{"start":{"line":79,"column":16},"end":{"line":84,"column":17}}],"line":79}},"s":{"0":1,"1":1,"2":1,"3":1,"4":2,"5":4,"6":4,"7":3,"8":1,"9":1,"10":3,"11":1,"12":2,"13":2,"14":2,"15":2,"16":2,"17":2,"18":4,"19":0,"20":2,"21":0,"22":0,"23":1,"24":1,"25":2,"26":2,"27":2,"28":2,"29":2,"30":2,"31":1,"32":0,"33":1,"34":1,"35":1,"36":1,"37":0,"38":1,"39":1,"40":1,"41":2,"42":3,"43":1,"44":1,"45":1,"46":1,"47":1,"48":1,"49":1,"50":0,"51":0,"52":0,"53":1,"54":1,"55":1,"56":1,"57":1,"58":4,"59":4,"60":1,"61":1,"62":1,"63":1,"64":1,"65":1,"66":1,"67":1,"68":1,"69":0,"70":0,"71":1,"72":1,"73":1,"74":1,"75":1,"76":1,"77":1,"78":1,"79":1},"f":{"0":2,"1":4,"2":2,"3":2,"4":2,"5":4,"6":0,"7":0,"8":1,"9":1,"10":1,"11":0,"12":1,"13":1,"14":2,"15":1,"16":1,"17":1,"18":4,"19":1},"b":{"0":[1,1],"1":[2,2],"2":[1,2],"3":[0,0],"4":[2,2],"5":[2,0],"6":[0,1],"7":[1,0],"8":[1,1,0,1,1],"9":[1,1,1,0,1],"10":[1,0]},"inputSourceMap":{"version":3,"sources":["contactController.js"],"names":["contactsController","req","res","contact","find","contacts","json","send","body","error","success","message","details","cont","title","save","contact1"],"mappings":";;;;;;;AAAA;;AACA;;;;;;;;;;;;;;IAEMA,kB;;;;;;;;qGAC0BC,G,EAAMC,G;;;;;;;;uBAGHC,oBAAQC,IAAR,E;;;AAAjBC,gBAAAA,Q;AACNH,gBAAAA,GAAG,CAACI,IAAJ,CAASD,QAAT;;;;;;;AAGJH,gBAAAA,GAAG,CAACK,IAAJ,CAAS,qBAAT;;;;;;;;;;;;;;;;;;;uGAGyBN,G,EAAKC,G;;;;;;;qCAEd,yBAAkBD,GAAG,CAACO,IAAtB,C,EAATC,K,sBAAAA,K;;AACP,oBAAIA,KAAJ,EAAU;AACNP,kBAAAA,GAAG,CAACI,IAAJ,CAAS;AACLI,oBAAAA,OAAO,EAAE,CADJ;AAELC,oBAAAA,OAAO,EAAEF,KAAK,CAACG,OAAN,CAAc,CAAd,EAAiBD;AAFrB,mBAAT;AAIH;;AACKE,gBAAAA,I,GAAO,IAAIV,mBAAJ,CAAY;AACrBW,kBAAAA,KAAK,EAAEb,GAAG,CAACO,IAAJ,CAASM,KADK;AAErBH,kBAAAA,OAAO,EAAEV,GAAG,CAACO,IAAJ,CAASG;AAFG,iBAAZ,C;;;uBAKcE,IAAI,CAACE,IAAL,E;;;AAAjBC,gBAAAA,Q;AACNd,gBAAAA,GAAG,CAACI,IAAJ,CAASU,QAAT;;;;;;;AAEAd,gBAAAA,GAAG,CAACK,IAAJ,CAAS,OAAT;;;;;;;;;;;;;;;;;;;;;eAKGP,kB","sourceRoot":"/Users/andela/myBrandAlexis/myBland/server/scr/controller/","sourcesContent":["import contact from '../models/Contact'\nimport contactValidation from \"../validation/contact.validation\";\n\nclass contactsController{\n    static async contactGetName(req , res){\n        try{\n\n            const contacts = await contact.find()\n            res.json(contacts)\n    \n        }catch(err){\n        res.send('error' +err)\n        }\n    }\n    static async contactPostName(req, res){\n\n        const {error} = contactValidation(req.body);\n        if (error){\n            res.json({\n                success: 0,\n                message: error.details[0].message\n            })\n        }\n        const cont = new contact({\n            title: req.body.title,\n            message: req.body.message\n        })\n        try{\n            const contact1 = await cont.save()\n            res.json(contact1)\n        }catch{\n            res.send('Error')\n        }\n    }\n}\n\nexport default contactsController"]},"_coverageSchema":"1a1c01bbd47fc00a2c39e90264f33305004495a9","hash":"250ad54f02fa77a8991cc8c81d3f647a4037ee98","contentHash":"395711299347480b76ceed6de779a4f87880655e2a150b04b923aadd8b152ed2"},"/Users/andela/myBrandAlexis/myBland/server/scr/validation/contact.validation.js":{"path":"/Users/andela/myBrandAlexis/myBland/server/scr/validation/contact.validation.js","statementMap":{"0":{"start":{"line":3,"column":0},"end":{"line":5,"column":3}},"1":{"start":{"line":6,"column":0},"end":{"line":6,"column":28}},"2":{"start":{"line":8,"column":11},"end":{"line":8,"column":49}},"3":{"start":{"line":10,"column":39},"end":{"line":10,"column":95}},"4":{"start":{"line":12,"column":24},"end":{"line":19,"column":1}},"5":{"start":{"line":13,"column":22},"end":{"line":16,"column":4}},"6":{"start":{"line":18,"column":2},"end":{"line":18,"column":38}},"7":{"start":{"line":21,"column":15},"end":{"line":21,"column":32}},"8":{"start":{"line":22,"column":0},"end":{"line":22,"column":30}}},"fnMap":{"0":{"name":"_interopRequireDefault","decl":{"start":{"line":10,"column":9},"end":{"line":10,"column":31}},"loc":{"start":{"line":10,"column":37},"end":{"line":10,"column":97}},"line":10},"1":{"name":"contactValidation","decl":{"start":{"line":12,"column":33},"end":{"line":12,"column":50}},"loc":{"start":{"line":12,"column":57},"end":{"line":19,"column":1}},"line":12}},"branchMap":{"0":{"loc":{"start":{"line":10,"column":46},"end":{"line":10,"column":94}},"type":"cond-expr","locations":[{"start":{"line":10,"column":70},"end":{"line":10,"column":73}},{"start":{"line":10,"column":76},"end":{"line":10,"column":94}}],"line":10},"1":{"loc":{"start":{"line":10,"column":46},"end":{"line":10,"column":67}},"type":"binary-expr","locations":[{"start":{"line":10,"column":46},"end":{"line":10,"column":49}},{"start":{"line":10,"column":53},"end":{"line":10,"column":67}}],"line":10}},"s":{"0":1,"1":1,"2":1,"3":1,"4":1,"5":1,"6":1,"7":1,"8":1},"f":{"0":1,"1":1},"b":{"0":[0,1],"1":[1,1]},"inputSourceMap":{"version":3,"sources":["contact.validation.js"],"names":["contactValidation","body","contactSchema","joi","object","title","string","required","min","max","content","validate"],"mappings":";;;;;;;AAAA;;;;AAEA,IAAMA,iBAAiB,GAAI,SAArBA,iBAAqB,CAACC,IAAD,EAAU;AACjC,MAAMC,aAAa,GAAGC,gBAAIC,MAAJ,CAAW;AAC7BC,IAAAA,KAAK,EAAEF,gBAAIG,MAAJ,GAAaC,QAAb,GAAwBC,GAAxB,CAA4B,CAA5B,EAA+BC,GAA/B,CAAmC,EAAnC,CADsB;AAE7BC,IAAAA,OAAO,EAAEP,gBAAIG,MAAJ,GAAaC,QAAb,GAAwBC,GAAxB,CAA4B,EAA5B;AAFoB,GAAX,CAAtB;;AAIA,SAAON,aAAa,CAACS,QAAd,CAAuBV,IAAvB,CAAP;AACH,CAND;;eAOeD,iB","sourceRoot":"/Users/andela/myBrandAlexis/myBland/server/scr/validation/","sourcesContent":["import joi from 'joi'\n\nconst contactValidation =  (body) => {\n    const contactSchema = joi.object({\n        title: joi.string().required().min(3).max(20),\n        content: joi.string().required().min(10),\n    })\n    return contactSchema.validate(body)\n}\nexport default contactValidation"]},"_coverageSchema":"1a1c01bbd47fc00a2c39e90264f33305004495a9","hash":"a5c2dbf41e92e0fcaf05b7184670b777835be2de","contentHash":"7e8c1b79fa5030324d06bc41d1d593d0e370e50c0d8a7f66f81fb191370768a8"},"/Users/andela/myBrandAlexis/myBland/server/scr/routes/blogs.js":{"path":"/Users/andela/myBrandAlexis/myBland/server/scr/routes/blogs.js","statementMap":{"0":{"start":{"line":3,"column":0},"end":{"line":5,"column":3}},"1":{"start":{"line":6,"column":0},"end":{"line":6,"column":28}},"2":{"start":{"line":8,"column":15},"end":{"line":8,"column":57}},"3":{"start":{"line":10,"column":22},"end":{"line":10,"column":85}},"4":{"start":{"line":12,"column":39},"end":{"line":12,"column":95}},"5":{"start":{"line":14,"column":13},"end":{"line":14,"column":41}},"6":{"start":{"line":16,"column":0},"end":{"line":16,"column":56}},"7":{"start":{"line":17,"column":0},"end":{"line":17,"column":62}},"8":{"start":{"line":18,"column":0},"end":{"line":18,"column":60}},"9":{"start":{"line":19,"column":0},"end":{"line":19,"column":58}},"10":{"start":{"line":20,"column":0},"end":{"line":20,"column":64}},"11":{"start":{"line":21,"column":15},"end":{"line":21,"column":21}},"12":{"start":{"line":22,"column":0},"end":{"line":22,"column":30}}},"fnMap":{"0":{"name":"_interopRequireDefault","decl":{"start":{"line":12,"column":9},"end":{"line":12,"column":31}},"loc":{"start":{"line":12,"column":37},"end":{"line":12,"column":97}},"line":12}},"branchMap":{"0":{"loc":{"start":{"line":12,"column":46},"end":{"line":12,"column":94}},"type":"cond-expr","locations":[{"start":{"line":12,"column":70},"end":{"line":12,"column":73}},{"start":{"line":12,"column":76},"end":{"line":12,"column":94}}],"line":12},"1":{"loc":{"start":{"line":12,"column":46},"end":{"line":12,"column":67}},"type":"binary-expr","locations":[{"start":{"line":12,"column":46},"end":{"line":12,"column":49}},{"start":{"line":12,"column":53},"end":{"line":12,"column":67}}],"line":12}},"s":{"0":1,"1":1,"2":1,"3":1,"4":2,"5":1,"6":1,"7":1,"8":1,"9":1,"10":1,"11":1,"12":1},"f":{"0":2},"b":{"0":[1,1],"1":[2,2]},"inputSourceMap":{"version":3,"sources":["blogs.js"],"names":["router","express","Router","get","blogController","blogGetName","blogGetOneName","patch","updateBlog","post","blogPostName","deleteBlog"],"mappings":";;;;;;;AAAA;;AACA;;;;AACA,IAAMA,MAAM,GAAGC,oBAAQC,MAAR,EAAf;;AACAF,MAAM,CAACG,GAAP,CAAW,GAAX,EAAgBC,2BAAeC,WAA/B;AACAL,MAAM,CAACG,GAAP,CAAW,MAAX,EAAmBC,2BAAeE,cAAlC;AACAN,MAAM,CAACO,KAAP,CAAa,MAAb,EAAqBH,2BAAeI,UAApC;AACAR,MAAM,CAACS,IAAP,CAAY,GAAZ,EAAiBL,2BAAeM,YAAhC;AACAV,MAAM,UAAN,CAAc,MAAd,EAAsBI,2BAAeO,UAArC;eACeX,M","sourceRoot":"/Users/andela/myBrandAlexis/myBland/server/scr/routes/","sourcesContent":["import express from \"express\"\nimport blogController from '../controller/blogController'\nconst router = express.Router()\nrouter.get('/', blogController.blogGetName )\nrouter.get('/:id', blogController.blogGetOneName )\nrouter.patch('/:id', blogController.updateBlog )\nrouter.post('/', blogController.blogPostName )\nrouter.delete('/:id', blogController.deleteBlog )\nexport default router;"]},"_coverageSchema":"1a1c01bbd47fc00a2c39e90264f33305004495a9","hash":"bc0be091d614ea918dd0370743c2d92fc269cc3d","contentHash":"457d6c3d1d0c80749e472dc054b06ce0e8d905226d2de0fdb934a59ccf2c5f94"},"/Users/andela/myBrandAlexis/myBland/server/scr/controller/blogController.js":{"path":"/Users/andela/myBrandAlexis/myBland/server/scr/controller/blogController.js","statementMap":{"0":{"start":{"line":3,"column":0},"end":{"line":5,"column":3}},"1":{"start":{"line":6,"column":0},"end":{"line":6,"column":28}},"2":{"start":{"line":8,"column":12},"end":{"line":8,"column":61}},"3":{"start":{"line":10,"column":12},"end":{"line":10,"column":76}},"4":{"start":{"line":12,"column":18},"end":{"line":12,"column":73}},"5":{"start":{"line":14,"column":39},"end":{"line":14,"column":95}},"6":{"start":{"line":16,"column":77},"end":{"line":16,"column":175}},"7":{"start":{"line":16,"column":94},"end":{"line":16,"column":107}},"8":{"start":{"line":16,"column":121},"end":{"line":16,"column":131}},"9":{"start":{"line":16,"column":151},"end":{"line":16,"column":165}},"10":{"start":{"line":16,"column":166},"end":{"line":16,"column":173}},"11":{"start":{"line":16,"column":176},"end":{"line":16,"column":263}},"12":{"start":{"line":16,"column":193},"end":{"line":16,"column":208}},"13":{"start":{"line":16,"column":218},"end":{"line":16,"column":261}},"14":{"start":{"line":18,"column":33},"end":{"line":18,"column":387}},"15":{"start":{"line":18,"column":65},"end":{"line":18,"column":69}},"16":{"start":{"line":18,"column":78},"end":{"line":18,"column":87}},"17":{"start":{"line":18,"column":89},"end":{"line":18,"column":384}},"18":{"start":{"line":18,"column":147},"end":{"line":18,"column":167}},"19":{"start":{"line":18,"column":193},"end":{"line":18,"column":264}},"20":{"start":{"line":18,"column":290},"end":{"line":18,"column":360}},"21":{"start":{"line":18,"column":363},"end":{"line":18,"column":380}},"22":{"start":{"line":20,"column":50},"end":{"line":20,"column":151}},"23":{"start":{"line":20,"column":92},"end":{"line":20,"column":149}},"24":{"start":{"line":22,"column":44},"end":{"line":22,"column":315}},"25":{"start":{"line":22,"column":57},"end":{"line":22,"column":58}},"26":{"start":{"line":22,"column":102},"end":{"line":22,"column":110}},"27":{"start":{"line":22,"column":112},"end":{"line":22,"column":167}},"28":{"start":{"line":22,"column":168},"end":{"line":22,"column":199}},"29":{"start":{"line":22,"column":200},"end":{"line":22,"column":254}},"30":{"start":{"line":22,"column":227},"end":{"line":22,"column":254}},"31":{"start":{"line":22,"column":255},"end":{"line":22,"column":313}},"32":{"start":{"line":24,"column":62},"end":{"line":24,"column":131}},"33":{"start":{"line":24,"column":78},"end":{"line":24,"column":131}},"34":{"start":{"line":24,"column":132},"end":{"line":24,"column":193}},"35":{"start":{"line":24,"column":149},"end":{"line":24,"column":193}},"36":{"start":{"line":24,"column":194},"end":{"line":24,"column":213}},"37":{"start":{"line":26,"column":35},"end":{"line":274,"column":3}},"38":{"start":{"line":28,"column":4},"end":{"line":28,"column":43}},"39":{"start":{"line":31,"column":2},"end":{"line":271,"column":6}},"40":{"start":{"line":34,"column":26},"end":{"line":102,"column":9}},"41":{"start":{"line":37,"column":8},"end":{"line":101,"column":21}},"42":{"start":{"line":38,"column":10},"end":{"line":100,"column":11}},"43":{"start":{"line":39,"column":12},"end":{"line":99,"column":13}},"44":{"start":{"line":41,"column":16},"end":{"line":41,"column":97}},"45":{"start":{"line":43,"column":16},"end":{"line":47,"column":17}},"46":{"start":{"line":49,"column":16},"end":{"line":49,"column":37}},"47":{"start":{"line":50,"column":16},"end":{"line":50,"column":58}},"48":{"start":{"line":52,"column":16},"end":{"line":94,"column":21}},"49":{"start":{"line":56,"column":29},"end":{"line":89,"column":21}},"50":{"start":{"line":58,"column":20},"end":{"line":88,"column":32}},"51":{"start":{"line":59,"column":22},"end":{"line":87,"column":23}},"52":{"start":{"line":60,"column":24},"end":{"line":86,"column":25}},"53":{"start":{"line":62,"column":28},"end":{"line":65,"column":29}},"54":{"start":{"line":63,"column":30},"end":{"line":63,"column":48}},"55":{"start":{"line":64,"column":30},"end":{"line":64,"column":36}},"56":{"start":{"line":67,"column":28},"end":{"line":67,"column":76}},"57":{"start":{"line":71,"column":28},"end":{"line":75,"column":31}},"58":{"start":{"line":76,"column":28},"end":{"line":76,"column":46}},"59":{"start":{"line":77,"column":28},"end":{"line":77,"column":46}},"60":{"start":{"line":80,"column":28},"end":{"line":80,"column":50}},"61":{"start":{"line":81,"column":28},"end":{"line":81,"column":44}},"62":{"start":{"line":85,"column":28},"end":{"line":85,"column":51}},"63":{"start":{"line":91,"column":18},"end":{"line":93,"column":20}},"64":{"start":{"line":92,"column":20},"end":{"line":92,"column":55}},"65":{"start":{"line":98,"column":16},"end":{"line":98,"column":40}},"66":{"start":{"line":105,"column":8},"end":{"line":105,"column":52}},"67":{"start":{"line":108,"column":6},"end":{"line":108,"column":26}},"68":{"start":{"line":113,"column":25},"end":{"line":132,"column":9}},"69":{"start":{"line":115,"column":8},"end":{"line":131,"column":21}},"70":{"start":{"line":116,"column":10},"end":{"line":130,"column":11}},"71":{"start":{"line":117,"column":12},"end":{"line":129,"column":13}},"72":{"start":{"line":119,"column":16},"end":{"line":119,"column":35}},"73":{"start":{"line":120,"column":16},"end":{"line":120,"column":47}},"74":{"start":{"line":123,"column":16},"end":{"line":123,"column":39}},"75":{"start":{"line":124,"column":16},"end":{"line":124,"column":32}},"76":{"start":{"line":128,"column":16},"end":{"line":128,"column":40}},"77":{"start":{"line":135,"column":8},"end":{"line":135,"column":51}},"78":{"start":{"line":138,"column":6},"end":{"line":138,"column":25}},"79":{"start":{"line":143,"column":28},"end":{"line":164,"column":9}},"80":{"start":{"line":145,"column":8},"end":{"line":163,"column":21}},"81":{"start":{"line":146,"column":10},"end":{"line":162,"column":11}},"82":{"start":{"line":147,"column":12},"end":{"line":161,"column":13}},"83":{"start":{"line":149,"column":16},"end":{"line":149,"column":35}},"84":{"start":{"line":150,"column":16},"end":{"line":150,"column":64}},"85":{"start":{"line":153,"column":16},"end":{"line":153,"column":39}},"86":{"start":{"line":154,"column":16},"end":{"line":154,"column":32}},"87":{"start":{"line":160,"column":16},"end":{"line":160,"column":40}},"88":{"start":{"line":167,"column":8},"end":{"line":167,"column":54}},"89":{"start":{"line":170,"column":6},"end":{"line":170,"column":28}},"90":{"start":{"line":175,"column":24},"end":{"line":211,"column":9}},"91":{"start":{"line":177,"column":8},"end":{"line":210,"column":21}},"92":{"start":{"line":178,"column":10},"end":{"line":209,"column":11}},"93":{"start":{"line":179,"column":12},"end":{"line":208,"column":13}},"94":{"start":{"line":181,"column":16},"end":{"line":181,"column":35}},"95":{"start":{"line":182,"column":16},"end":{"line":182,"column":64}},"96":{"start":{"line":185,"column":16},"end":{"line":185,"column":39}},"97":{"start":{"line":187,"column":16},"end":{"line":190,"column":17}},"98":{"start":{"line":188,"column":18},"end":{"line":188,"column":37}},"99":{"start":{"line":189,"column":18},"end":{"line":189,"column":24}},"100":{"start":{"line":192,"column":16},"end":{"line":192,"column":87}},"101":{"start":{"line":195,"column":16},"end":{"line":195,"column":45}},"102":{"start":{"line":196,"column":16},"end":{"line":196,"column":65}},"103":{"start":{"line":197,"column":16},"end":{"line":197,"column":57}},"104":{"start":{"line":198,"column":16},"end":{"line":198,"column":36}},"105":{"start":{"line":199,"column":16},"end":{"line":199,"column":36}},"106":{"start":{"line":202,"column":16},"end":{"line":202,"column":40}},"107":{"start":{"line":203,"column":16},"end":{"line":203,"column":33}},"108":{"start":{"line":207,"column":16},"end":{"line":207,"column":40}},"109":{"start":{"line":214,"column":8},"end":{"line":214,"column":50}},"110":{"start":{"line":217,"column":6},"end":{"line":217,"column":24}},"111":{"start":{"line":222,"column":24},"end":{"line":263,"column":9}},"112":{"start":{"line":224,"column":8},"end":{"line":262,"column":38}},"113":{"start":{"line":225,"column":10},"end":{"line":261,"column":11}},"114":{"start":{"line":226,"column":12},"end":{"line":260,"column":13}},"115":{"start":{"line":228,"column":16},"end":{"line":228,"column":35}},"116":{"start":{"line":229,"column":16},"end":{"line":229,"column":35}},"117":{"start":{"line":230,"column":16},"end":{"line":230,"column":64}},"118":{"start":{"line":233,"column":16},"end":{"line":233,"column":39}},"119":{"start":{"line":235,"column":16},"end":{"line":238,"column":17}},"120":{"start":{"line":236,"column":18},"end":{"line":236,"column":37}},"121":{"start":{"line":237,"column":18},"end":{"line":237,"column":24}},"122":{"start":{"line":240,"column":16},"end":{"line":240,"column":87}},"123":{"start":{"line":243,"column":16},"end":{"line":243,"column":35}},"124":{"start":{"line":244,"column":16},"end":{"line":244,"column":41}},"125":{"start":{"line":247,"column":16},"end":{"line":247,"column":40}},"126":{"start":{"line":248,"column":16},"end":{"line":248,"column":33}},"127":{"start":{"line":249,"column":16},"end":{"line":249,"column":36}},"128":{"start":{"line":250,"column":16},"end":{"line":250,"column":22}},"129":{"start":{"line":253,"column":16},"end":{"line":253,"column":36}},"130":{"start":{"line":254,"column":16},"end":{"line":254,"column":53}},"131":{"start":{"line":255,"column":16},"end":{"line":255,"column":72}},"132":{"start":{"line":259,"column":16},"end":{"line":259,"column":40}},"133":{"start":{"line":266,"column":8},"end":{"line":266,"column":50}},"134":{"start":{"line":269,"column":6},"end":{"line":269,"column":24}},"135":{"start":{"line":273,"column":2},"end":{"line":273,"column":25}},"136":{"start":{"line":276,"column":15},"end":{"line":276,"column":30}},"137":{"start":{"line":277,"column":0},"end":{"line":277,"column":30}}},"fnMap":{"0":{"name":"_interopRequireDefault","decl":{"start":{"line":14,"column":9},"end":{"line":14,"column":31}},"loc":{"start":{"line":14,"column":37},"end":{"line":14,"column":97}},"line":14},"1":{"name":"asyncGeneratorStep","decl":{"start":{"line":16,"column":9},"end":{"line":16,"column":27}},"loc":{"start":{"line":16,"column":75},"end":{"line":16,"column":265}},"line":16},"2":{"name":"_asyncToGenerator","decl":{"start":{"line":18,"column":9},"end":{"line":18,"column":26}},"loc":{"start":{"line":18,"column":31},"end":{"line":18,"column":389}},"line":18},"3":{"name":"(anonymous_3)","decl":{"start":{"line":18,"column":40},"end":{"line":18,"column":41}},"loc":{"start":{"line":18,"column":52},"end":{"line":18,"column":386}},"line":18},"4":{"name":"(anonymous_4)","decl":{"start":{"line":18,"column":108},"end":{"line":18,"column":109}},"loc":{"start":{"line":18,"column":135},"end":{"line":18,"column":382}},"line":18},"5":{"name":"_next","decl":{"start":{"line":18,"column":178},"end":{"line":18,"column":183}},"loc":{"start":{"line":18,"column":191},"end":{"line":18,"column":266}},"line":18},"6":{"name":"_throw","decl":{"start":{"line":18,"column":276},"end":{"line":18,"column":282}},"loc":{"start":{"line":18,"column":288},"end":{"line":18,"column":362}},"line":18},"7":{"name":"_classCallCheck","decl":{"start":{"line":20,"column":9},"end":{"line":20,"column":24}},"loc":{"start":{"line":20,"column":48},"end":{"line":20,"column":153}},"line":20},"8":{"name":"_defineProperties","decl":{"start":{"line":22,"column":9},"end":{"line":22,"column":26}},"loc":{"start":{"line":22,"column":42},"end":{"line":22,"column":317}},"line":22},"9":{"name":"_createClass","decl":{"start":{"line":24,"column":9},"end":{"line":24,"column":21}},"loc":{"start":{"line":24,"column":60},"end":{"line":24,"column":215}},"line":24},"10":{"name":"(anonymous_10)","decl":{"start":{"line":26,"column":35},"end":{"line":26,"column":36}},"loc":{"start":{"line":26,"column":47},"end":{"line":274,"column":1}},"line":26},"11":{"name":"blogsController","decl":{"start":{"line":27,"column":11},"end":{"line":27,"column":26}},"loc":{"start":{"line":27,"column":29},"end":{"line":29,"column":3}},"line":27},"12":{"name":"(anonymous_12)","decl":{"start":{"line":33,"column":11},"end":{"line":33,"column":12}},"loc":{"start":{"line":33,"column":23},"end":{"line":109,"column":5}},"line":33},"13":{"name":"_callee2","decl":{"start":{"line":34,"column":91},"end":{"line":34,"column":99}},"loc":{"start":{"line":34,"column":110},"end":{"line":102,"column":7}},"line":34},"14":{"name":"_callee2$","decl":{"start":{"line":37,"column":48},"end":{"line":37,"column":57}},"loc":{"start":{"line":37,"column":69},"end":{"line":101,"column":9}},"line":37},"15":{"name":"(anonymous_15)","decl":{"start":{"line":55,"column":32},"end":{"line":55,"column":33}},"loc":{"start":{"line":55,"column":44},"end":{"line":94,"column":17}},"line":55},"16":{"name":"_callee","decl":{"start":{"line":56,"column":94},"end":{"line":56,"column":101}},"loc":{"start":{"line":56,"column":114},"end":{"line":89,"column":19}},"line":56},"17":{"name":"_callee$","decl":{"start":{"line":58,"column":60},"end":{"line":58,"column":68}},"loc":{"start":{"line":58,"column":79},"end":{"line":88,"column":21}},"line":58},"18":{"name":"(anonymous_18)","decl":{"start":{"line":91,"column":25},"end":{"line":91,"column":26}},"loc":{"start":{"line":91,"column":45},"end":{"line":93,"column":19}},"line":91},"19":{"name":"blogPostName","decl":{"start":{"line":104,"column":15},"end":{"line":104,"column":27}},"loc":{"start":{"line":104,"column":37},"end":{"line":106,"column":7}},"line":104},"20":{"name":"(anonymous_20)","decl":{"start":{"line":112,"column":11},"end":{"line":112,"column":12}},"loc":{"start":{"line":112,"column":23},"end":{"line":139,"column":5}},"line":112},"21":{"name":"_callee3","decl":{"start":{"line":113,"column":90},"end":{"line":113,"column":98}},"loc":{"start":{"line":113,"column":109},"end":{"line":132,"column":7}},"line":113},"22":{"name":"_callee3$","decl":{"start":{"line":115,"column":48},"end":{"line":115,"column":57}},"loc":{"start":{"line":115,"column":69},"end":{"line":131,"column":9}},"line":115},"23":{"name":"blogGetName","decl":{"start":{"line":134,"column":15},"end":{"line":134,"column":26}},"loc":{"start":{"line":134,"column":37},"end":{"line":136,"column":7}},"line":134},"24":{"name":"(anonymous_24)","decl":{"start":{"line":142,"column":11},"end":{"line":142,"column":12}},"loc":{"start":{"line":142,"column":23},"end":{"line":171,"column":5}},"line":142},"25":{"name":"_callee4","decl":{"start":{"line":143,"column":93},"end":{"line":143,"column":101}},"loc":{"start":{"line":143,"column":112},"end":{"line":164,"column":7}},"line":143},"26":{"name":"_callee4$","decl":{"start":{"line":145,"column":48},"end":{"line":145,"column":57}},"loc":{"start":{"line":145,"column":69},"end":{"line":163,"column":9}},"line":145},"27":{"name":"blogGetOneName","decl":{"start":{"line":166,"column":15},"end":{"line":166,"column":29}},"loc":{"start":{"line":166,"column":40},"end":{"line":168,"column":7}},"line":166},"28":{"name":"(anonymous_28)","decl":{"start":{"line":174,"column":11},"end":{"line":174,"column":12}},"loc":{"start":{"line":174,"column":23},"end":{"line":218,"column":5}},"line":174},"29":{"name":"_callee5","decl":{"start":{"line":175,"column":89},"end":{"line":175,"column":97}},"loc":{"start":{"line":175,"column":108},"end":{"line":211,"column":7}},"line":175},"30":{"name":"_callee5$","decl":{"start":{"line":177,"column":48},"end":{"line":177,"column":57}},"loc":{"start":{"line":177,"column":69},"end":{"line":210,"column":9}},"line":177},"31":{"name":"updateBlog","decl":{"start":{"line":213,"column":15},"end":{"line":213,"column":25}},"loc":{"start":{"line":213,"column":37},"end":{"line":215,"column":7}},"line":213},"32":{"name":"(anonymous_32)","decl":{"start":{"line":221,"column":11},"end":{"line":221,"column":12}},"loc":{"start":{"line":221,"column":23},"end":{"line":270,"column":5}},"line":221},"33":{"name":"_callee6","decl":{"start":{"line":222,"column":89},"end":{"line":222,"column":97}},"loc":{"start":{"line":222,"column":108},"end":{"line":263,"column":7}},"line":222},"34":{"name":"_callee6$","decl":{"start":{"line":224,"column":48},"end":{"line":224,"column":57}},"loc":{"start":{"line":224,"column":69},"end":{"line":262,"column":9}},"line":224},"35":{"name":"deleteBlog","decl":{"start":{"line":265,"column":15},"end":{"line":265,"column":25}},"loc":{"start":{"line":265,"column":38},"end":{"line":267,"column":7}},"line":265}},"branchMap":{"0":{"loc":{"start":{"line":14,"column":46},"end":{"line":14,"column":94}},"type":"cond-expr","locations":[{"start":{"line":14,"column":70},"end":{"line":14,"column":73}},{"start":{"line":14,"column":76},"end":{"line":14,"column":94}}],"line":14},"1":{"loc":{"start":{"line":14,"column":46},"end":{"line":14,"column":67}},"type":"binary-expr","locations":[{"start":{"line":14,"column":46},"end":{"line":14,"column":49}},{"start":{"line":14,"column":53},"end":{"line":14,"column":67}}],"line":14},"2":{"loc":{"start":{"line":16,"column":176},"end":{"line":16,"column":263}},"type":"if","locations":[{"start":{"line":16,"column":176},"end":{"line":16,"column":263}},{"start":{"line":16,"column":176},"end":{"line":16,"column":263}}],"line":16},"3":{"loc":{"start":{"line":20,"column":50},"end":{"line":20,"column":151}},"type":"if","locations":[{"start":{"line":20,"column":50},"end":{"line":20,"column":151}},{"start":{"line":20,"column":50},"end":{"line":20,"column":151}}],"line":20},"4":{"loc":{"start":{"line":22,"column":136},"end":{"line":22,"column":166}},"type":"binary-expr","locations":[{"start":{"line":22,"column":136},"end":{"line":22,"column":157}},{"start":{"line":22,"column":161},"end":{"line":22,"column":166}}],"line":22},"5":{"loc":{"start":{"line":22,"column":200},"end":{"line":22,"column":254}},"type":"if","locations":[{"start":{"line":22,"column":200},"end":{"line":22,"column":254}},{"start":{"line":22,"column":200},"end":{"line":22,"column":254}}],"line":22},"6":{"loc":{"start":{"line":24,"column":62},"end":{"line":24,"column":131}},"type":"if","locations":[{"start":{"line":24,"column":62},"end":{"line":24,"column":131}},{"start":{"line":24,"column":62},"end":{"line":24,"column":131}}],"line":24},"7":{"loc":{"start":{"line":24,"column":132},"end":{"line":24,"column":193}},"type":"if","locations":[{"start":{"line":24,"column":132},"end":{"line":24,"column":193}},{"start":{"line":24,"column":132},"end":{"line":24,"column":193}}],"line":24},"8":{"loc":{"start":{"line":39,"column":12},"end":{"line":99,"column":13}},"type":"switch","locations":[{"start":{"line":40,"column":14},"end":{"line":94,"column":21}},{"start":{"line":96,"column":14},"end":{"line":96,"column":21}},{"start":{"line":97,"column":14},"end":{"line":98,"column":40}}],"line":39},"9":{"loc":{"start":{"line":43,"column":16},"end":{"line":47,"column":17}},"type":"if","locations":[{"start":{"line":43,"column":16},"end":{"line":47,"column":17}},{"start":{"line":43,"column":16},"end":{"line":47,"column":17}}],"line":43},"10":{"loc":{"start":{"line":60,"column":24},"end":{"line":86,"column":25}},"type":"switch","locations":[{"start":{"line":61,"column":26},"end":{"line":67,"column":76}},{"start":{"line":69,"column":26},"end":{"line":77,"column":46}},{"start":{"line":79,"column":26},"end":{"line":81,"column":44}},{"start":{"line":83,"column":26},"end":{"line":83,"column":33}},{"start":{"line":84,"column":26},"end":{"line":85,"column":51}}],"line":60},"11":{"loc":{"start":{"line":62,"column":28},"end":{"line":65,"column":29}},"type":"if","locations":[{"start":{"line":62,"column":28},"end":{"line":65,"column":29}},{"start":{"line":62,"column":28},"end":{"line":65,"column":29}}],"line":62},"12":{"loc":{"start":{"line":117,"column":12},"end":{"line":129,"column":13}},"type":"switch","locations":[{"start":{"line":118,"column":14},"end":{"line":120,"column":47}},{"start":{"line":122,"column":14},"end":{"line":124,"column":32}},{"start":{"line":126,"column":14},"end":{"line":126,"column":21}},{"start":{"line":127,"column":14},"end":{"line":128,"column":40}}],"line":117},"13":{"loc":{"start":{"line":147,"column":12},"end":{"line":161,"column":13}},"type":"switch","locations":[{"start":{"line":148,"column":14},"end":{"line":150,"column":64}},{"start":{"line":152,"column":14},"end":{"line":154,"column":32}},{"start":{"line":158,"column":14},"end":{"line":158,"column":21}},{"start":{"line":159,"column":14},"end":{"line":160,"column":40}}],"line":147},"14":{"loc":{"start":{"line":179,"column":12},"end":{"line":208,"column":13}},"type":"switch","locations":[{"start":{"line":180,"column":14},"end":{"line":182,"column":64}},{"start":{"line":184,"column":14},"end":{"line":192,"column":87}},{"start":{"line":194,"column":14},"end":{"line":199,"column":36}},{"start":{"line":201,"column":14},"end":{"line":203,"column":33}},{"start":{"line":205,"column":14},"end":{"line":205,"column":22}},{"start":{"line":206,"column":14},"end":{"line":207,"column":40}}],"line":179},"15":{"loc":{"start":{"line":187,"column":16},"end":{"line":190,"column":17}},"type":"if","locations":[{"start":{"line":187,"column":16},"end":{"line":190,"column":17}},{"start":{"line":187,"column":16},"end":{"line":190,"column":17}}],"line":187},"16":{"loc":{"start":{"line":226,"column":12},"end":{"line":260,"column":13}},"type":"switch","locations":[{"start":{"line":227,"column":14},"end":{"line":230,"column":64}},{"start":{"line":232,"column":14},"end":{"line":240,"column":87}},{"start":{"line":242,"column":14},"end":{"line":244,"column":41}},{"start":{"line":246,"column":14},"end":{"line":250,"column":22}},{"start":{"line":252,"column":14},"end":{"line":255,"column":72}},{"start":{"line":257,"column":14},"end":{"line":257,"column":22}},{"start":{"line":258,"column":14},"end":{"line":259,"column":40}}],"line":226},"17":{"loc":{"start":{"line":235,"column":16},"end":{"line":238,"column":17}},"type":"if","locations":[{"start":{"line":235,"column":16},"end":{"line":238,"column":17}},{"start":{"line":235,"column":16},"end":{"line":238,"column":17}}],"line":235}},"s":{"0":1,"1":1,"2":1,"3":1,"4":1,"5":3,"6":10,"7":10,"8":10,"9":0,"10":0,"11":10,"12":5,"13":5,"14":6,"15":5,"16":5,"17":5,"18":5,"19":10,"20":0,"21":5,"22":0,"23":0,"24":1,"25":1,"26":5,"27":5,"28":5,"29":5,"30":5,"31":5,"32":1,"33":0,"34":1,"35":1,"36":1,"37":1,"38":0,"39":1,"40":1,"41":1,"42":1,"43":1,"44":1,"45":1,"46":1,"47":1,"48":1,"49":1,"50":1,"51":2,"52":3,"53":1,"54":1,"55":1,"56":0,"57":1,"58":1,"59":1,"60":1,"61":1,"62":1,"63":1,"64":1,"65":1,"66":1,"67":1,"68":1,"69":1,"70":2,"71":2,"72":1,"73":1,"74":1,"75":1,"76":1,"77":1,"78":1,"79":1,"80":1,"81":2,"82":2,"83":1,"84":1,"85":1,"86":1,"87":1,"88":1,"89":1,"90":1,"91":0,"92":0,"93":0,"94":0,"95":0,"96":0,"97":0,"98":0,"99":0,"100":0,"101":0,"102":0,"103":0,"104":0,"105":0,"106":0,"107":0,"108":0,"109":0,"110":1,"111":1,"112":1,"113":3,"114":5,"115":1,"116":1,"117":1,"118":1,"119":1,"120":1,"121":1,"122":0,"123":1,"124":1,"125":1,"126":1,"127":1,"128":1,"129":0,"130":0,"131":0,"132":1,"133":1,"134":1,"135":1,"136":1,"137":1},"f":{"0":3,"1":10,"2":6,"3":5,"4":5,"5":10,"6":0,"7":0,"8":1,"9":1,"10":1,"11":0,"12":1,"13":1,"14":1,"15":1,"16":1,"17":2,"18":1,"19":1,"20":1,"21":1,"22":2,"23":1,"24":1,"25":1,"26":2,"27":1,"28":1,"29":0,"30":0,"31":0,"32":1,"33":1,"34":3,"35":1},"b":{"0":[2,1],"1":[3,3],"2":[5,5],"3":[0,0],"4":[5,5],"5":[5,0],"6":[0,1],"7":[1,0],"8":[1,1,1],"9":[0,1],"10":[1,1,1,1,1],"11":[1,0],"12":[1,1,1,1],"13":[1,1,1,1],"14":[0,0,0,0,0,0],"15":[0,0],"16":[1,1,1,1,0,1,1],"17":[1,0]},"inputSourceMap":{"version":3,"sources":["blogController.js"],"names":["blogsController","req","res","body","error","path","file","uniqueFilename","Date","toISOString","cloudinary","uploader","upload","public_id","tags","err","image","send","blo","blog","title","blogDescription","blogPicture","url","save","blog1","json","find","blogs","findById","params","id","blogup","deleteOne"],"mappings":";;;;;;;AAAA;;AACA;;AACA;;;;;;;;;;;;;;IACMA,e;;;;;;;;oGACsBC,G,EAAKC,G;;;;;;;kCACX,sBAAeD,GAAG,CAACE,IAAnB,C,EAAVC,K,mBAAAA,K;;AACR,oBAAIA,KAAJ,EAAW,CACT;AACA;AACA;AACA;AACD;;AACKC,gBAAAA,I,GAAOJ,GAAG,CAACK,IAAJ,CAASD,I;AAChBE,gBAAAA,c,GAAiB,IAAIC,IAAJ,GAAWC,WAAX,E;;AACvBC,uCAAWC,QAAX,CAAoBC,MAApB,CACEP,IADF,EAEE;AAAEQ,kBAAAA,SAAS,iBAAUN,cAAV,CAAX;AAAuCO,kBAAAA,IAAI;AAA3C,iBAFF;AAAA,qFAGE,iBAAOC,GAAP,EAAYC,KAAZ;AAAA;AAAA;AAAA;AAAA;AAAA;AAAA,iCACMD,GADN;AAAA;AAAA;AAAA;;AAAA,6DACkBb,GAAG,CAACe,IAAJ,CAASF,GAAT,CADlB;;AAAA;AAEE;AAEMG,4BAAAA,GAJR,GAIc,IAAIC,gBAAJ,CAAS;AACnBC,8BAAAA,KAAK,EAAEnB,GAAG,CAACE,IAAJ,CAASiB,KADG;AAEnBC,8BAAAA,eAAe,EAAEpB,GAAG,CAACE,IAAJ,CAASkB,eAFP;AAGnBC,8BAAAA,WAAW,EAAEN,KAAK,CAACO;AAHA,6BAAT,CAJd;AAAA;AAAA,mCAUsBL,GAAG,CAACM,IAAJ,EAVtB;;AAAA;AAUQC,4BAAAA,KAVR;AAWEvB,4BAAAA,GAAG,CAACwB,IAAJ,CAASD,KAAT;;AAXF;AAAA;AAAA;AAAA;AAAA;AAAA;AAAA,mBAHF;;AAAA;AAAA;AAAA;AAAA;;;;;;;;;;;;;;;;;;;mGAmBuBxB,G,EAAKC,G;;;;;;;uBACNiB,iBAAKQ,IAAL,E;;;AAAdC,gBAAAA,K;AACN1B,gBAAAA,GAAG,CAACwB,IAAJ,CAASE,KAAT;;;;;;;;;;;;;;;;;;;sGAGwB3B,G,EAAKC,G;;;;;;;uBAETiB,iBAAKU,QAAL,CAAc5B,GAAG,CAAC6B,MAAJ,CAAWC,EAAzB,C;;;AAAdH,gBAAAA,K;AACN1B,gBAAAA,GAAG,CAACwB,IAAJ,CAASE,KAAT,E,CACF;AACA;AACA;;;;;;;;;;;;;;;;;;;kGAGsB3B,G,EAAKC,G;;;;;;;uBACLiB,iBAAKU,QAAL,CAAc5B,GAAG,CAAC6B,MAAJ,CAAWC,EAAzB,C;;;AAAdH,gBAAAA,K;;oBACDA,K;;;;;mDAAc1B,GAAG,EAAE,GAAF,EAAO,uB;;;AAE7B0B,gBAAAA,KAAK,CAACR,KAAN,GAAcnB,GAAG,CAACE,IAAJ,CAASiB,KAAvB;AAEAQ,gBAAAA,KAAK,CAACP,eAAN,GAAwBpB,GAAG,CAACE,IAAJ,CAASkB,eAAjC;AAEAO,gBAAAA,KAAK,CAACN,WAAN,GAAoBrB,GAAG,CAACE,IAAJ,CAASmB,WAA7B;;uBACqBM,KAAK,CAACJ,IAAN,E;;;AAAfQ,gBAAAA,M;AACN9B,gBAAAA,GAAG,CAACwB,IAAJ,CAASM,MAAT;;;;;;;;;;;;;;;;;;;kGAGoB/B,G,EAAKC,G;;;;;;;;uBAELiB,iBAAKU,QAAL,CAAc5B,GAAG,CAAC6B,MAAJ,CAAWC,EAAzB,C;;;AAAdH,gBAAAA,K;;oBACDA,K;;;;;mDAAc1B,GAAG,EAAE,GAAF,EAAO,uB;;;;uBACR0B,KAAK,CAACK,SAAN,E;;;AAAfD,gBAAAA,M;AACN9B,gBAAAA,GAAG,CAACwB,IAAJ,CAASM,MAAT;;;;;;;mDAEO9B,GAAG,EAAE,GAAF,EAAO,Q;;;;;;;;;;;;;;;;;;;;;eAKRF,e","sourceRoot":"/Users/andela/myBrandAlexis/myBland/server/scr/controller/","sourcesContent":["import blog from '../models/Blog'\nimport blogValidation from \"../validation/blog.validation\"\nimport cloudinary from \"../config/cloudinary\"\nclass blogsController {\n  static async blogPostName(req, res) {\n    const { error } = blogValidation(req.body);\n    if (error) {\n      // res.json({\n      //   success: 0,\n      //   message: error.details[0].message,\n      // });\n    }\n    const path = req.file.path;\n    const uniqueFilename = new Date().toISOString();\n    cloudinary.uploader.upload(\n      path,\n      { public_id: `blog/${uniqueFilename}`, tags: `blog` },\n      async (err, image) => {\n        if (err) return res.send(err);\n        // console.log(image)\n\n        const blo = new blog({\n          title: req.body.title,\n          blogDescription: req.body.blogDescription,\n          blogPicture: image.url,\n        });\n\n        const blog1 = await blo.save();\n        res.json(blog1);\n      }\n    );\n  }\n\n  static async blogGetName(req, res) {\n      const blogs = await blog.find();\n      res.json(blogs);\n  }\n\n  static async blogGetOneName(req, res) {\n    // try {\n      const blogs = await blog.findById(req.params.id);\n      res.json(blogs);\n    // } catch (err) {\n    //   res.send(\"error\" + err);\n    // }\n  }\n\n  static async updateBlog(req, res) {\n      const blogs = await blog.findById(req.params.id);\n      if (!blogs) return res, 404, \"doesn't find one blog\";\n\n      blogs.title = req.body.title;\n\n      blogs.blogDescription = req.body.blogDescription;\n\n      blogs.blogPicture = req.body.blogPicture;\n      const blogup = await blogs.save();\n      res.json(blogup);\n  }\n\n  static async deleteBlog(req, res) {\n    try {\n      const blogs = await blog.findById(req.params.id);\n      if (!blogs) return res, 404, \"doesn't find one blog\";\n      const blogup = await blogs.deleteOne();\n      res.json(blogup);\n    } catch (e) {\n      return res, 404, \" fails\";\n    }\n  }\n}\n\nexport default blogsController"]},"_coverageSchema":"1a1c01bbd47fc00a2c39e90264f33305004495a9","hash":"e7aa404dd2b4129e981a8595d450867724965f8b","contentHash":"e16390d55d92493a174c2fbee8f0ae346e5c1fbb341946fb9e90c204cf4792b2"},"/Users/andela/myBrandAlexis/myBland/server/scr/models/Blog.js":{"path":"/Users/andela/myBrandAlexis/myBland/server/scr/models/Blog.js","statementMap":{"0":{"start":{"line":3,"column":16},"end":{"line":3,"column":59}},"1":{"start":{"line":5,"column":39},"end":{"line":5,"column":95}},"2":{"start":{"line":7,"column":17},"end":{"line":17,"column":2}},"3":{"start":{"line":18,"column":0},"end":{"line":18,"column":64}}},"fnMap":{"0":{"name":"_interopRequireDefault","decl":{"start":{"line":5,"column":9},"end":{"line":5,"column":31}},"loc":{"start":{"line":5,"column":37},"end":{"line":5,"column":97}},"line":5}},"branchMap":{"0":{"loc":{"start":{"line":5,"column":46},"end":{"line":5,"column":94}},"type":"cond-expr","locations":[{"start":{"line":5,"column":70},"end":{"line":5,"column":73}},{"start":{"line":5,"column":76},"end":{"line":5,"column":94}}],"line":5},"1":{"loc":{"start":{"line":5,"column":46},"end":{"line":5,"column":67}},"type":"binary-expr","locations":[{"start":{"line":5,"column":46},"end":{"line":5,"column":49}},{"start":{"line":5,"column":53},"end":{"line":5,"column":67}}],"line":5}},"s":{"0":1,"1":1,"2":1,"3":1},"f":{"0":1},"b":{"0":[0,1],"1":[1,1]},"inputSourceMap":{"version":3,"sources":["Blog.js"],"names":["blogSchema","mongoose","Schema","title","type","String","blogDescription","blogPicture","module","exports","model"],"mappings":";;AAAA;;;;AACA,IAAMA,UAAU,GAAG,IAAIC,qBAASC,MAAb,CAAoB;AAEnCC,EAAAA,KAAK,EAAE;AACHC,IAAAA,IAAI,EAAEC;AADH,GAF4B;AAKnCC,EAAAA,eAAe,EAAE;AACbF,IAAAA,IAAI,EAAEC;AADO,GALkB;AAQnCE,EAAAA,WAAW,EAAE;AACTH,IAAAA,IAAI,EAAEC;AADG;AARsB,CAApB,CAAnB;AAaAG,MAAM,CAACC,OAAP,GAAiBR,qBAASS,KAAT,CAAe,MAAf,EAAuBV,UAAvB,CAAjB","sourceRoot":"/Users/andela/myBrandAlexis/myBland/server/scr/models/","sourcesContent":["import mongoose from 'mongoose'\nconst blogSchema = new mongoose.Schema({\n\n    title: {\n        type: String\n    },\n    blogDescription: {\n        type: String\n    },\n    blogPicture: {\n        type: String\n    }\n})\n\nmodule.exports = mongoose.model('blog', blogSchema)"]},"_coverageSchema":"1a1c01bbd47fc00a2c39e90264f33305004495a9","hash":"227d485c85590fb3ccf48215abf54d7f46c36192","contentHash":"2a2705366d9f4008e3b759fabe55a43d466aca94b169603f4cac6ef7e02bb22f"},"/Users/andela/myBrandAlexis/myBland/server/scr/validation/blog.validation.js":{"path":"/Users/andela/myBrandAlexis/myBland/server/scr/validation/blog.validation.js","statementMap":{"0":{"start":{"line":3,"column":0},"end":{"line":5,"column":3}},"1":{"start":{"line":6,"column":0},"end":{"line":6,"column":28}},"2":{"start":{"line":8,"column":11},"end":{"line":8,"column":49}},"3":{"start":{"line":10,"column":39},"end":{"line":10,"column":95}},"4":{"start":{"line":12,"column":21},"end":{"line":20,"column":1}},"5":{"start":{"line":13,"column":19},"end":{"line":17,"column":4}},"6":{"start":{"line":19,"column":2},"end":{"line":19,"column":35}},"7":{"start":{"line":22,"column":15},"end":{"line":22,"column":29}},"8":{"start":{"line":23,"column":0},"end":{"line":23,"column":30}}},"fnMap":{"0":{"name":"_interopRequireDefault","decl":{"start":{"line":10,"column":9},"end":{"line":10,"column":31}},"loc":{"start":{"line":10,"column":37},"end":{"line":10,"column":97}},"line":10},"1":{"name":"blogValidation","decl":{"start":{"line":12,"column":30},"end":{"line":12,"column":44}},"loc":{"start":{"line":12,"column":51},"end":{"line":20,"column":1}},"line":12}},"branchMap":{"0":{"loc":{"start":{"line":10,"column":46},"end":{"line":10,"column":94}},"type":"cond-expr","locations":[{"start":{"line":10,"column":70},"end":{"line":10,"column":73}},{"start":{"line":10,"column":76},"end":{"line":10,"column":94}}],"line":10},"1":{"loc":{"start":{"line":10,"column":46},"end":{"line":10,"column":67}},"type":"binary-expr","locations":[{"start":{"line":10,"column":46},"end":{"line":10,"column":49}},{"start":{"line":10,"column":53},"end":{"line":10,"column":67}}],"line":10}},"s":{"0":1,"1":1,"2":1,"3":1,"4":1,"5":1,"6":1,"7":1,"8":1},"f":{"0":1,"1":1},"b":{"0":[0,1],"1":[1,1]},"inputSourceMap":{"version":3,"sources":["blog.validation.js"],"names":["blogValidation","body","blogSchema","joi","object","title","string","required","min","max","blogDescription","validate"],"mappings":";;;;;;;AAAA;;;;AAEA,IAAMA,cAAc,GAAI,SAAlBA,cAAkB,CAACC,IAAD,EAAU;AAC9B,MAAMC,UAAU,GAAGC,gBAAIC,MAAJ,CAAW;AAC1BC,IAAAA,KAAK,EAAEF,gBAAIG,MAAJ,GAAaC,QAAb,GAAwBC,GAAxB,CAA4B,CAA5B,EAA+BC,GAA/B,CAAmC,GAAnC,CADmB;AAE1BC,IAAAA,eAAe,EAAEP,gBAAIG,MAAJ,GAAaC,QAAb,GAAwBC,GAAxB,CAA4B,CAA5B,EAA+BC,GAA/B,CAAmC,GAAnC,CAFS,CAG1B;;AAH0B,GAAX,CAAnB;;AAKA,SAAOP,UAAU,CAACS,QAAX,CAAoBV,IAApB,CAAP;AACH,CAPD;;eAQeD,c","sourceRoot":"/Users/andela/myBrandAlexis/myBland/server/scr/validation/","sourcesContent":["import joi from 'joi'\n\nconst blogValidation =  (body) => {\n    const blogSchema = joi.object({\n        title: joi.string().required().min(3).max(200),\n        blogDescription: joi.string().required().min(3).max(200),\n        // blogPicture: joi.string().required().min(13).max(200)\n    })\n    return blogSchema.validate(body)\n}\nexport default blogValidation"]},"_coverageSchema":"1a1c01bbd47fc00a2c39e90264f33305004495a9","hash":"c9f1c4b73c931bf10c209f70291ab466bdce01c7","contentHash":"672c781b4f97d621d6f9565aa2e8f24dd6ab90b8321f88caf3b959d8cb381e44"},"/Users/andela/myBrandAlexis/myBland/server/scr/config/cloudinary.js":{"path":"/Users/andela/myBrandAlexis/myBland/server/scr/config/cloudinary.js","statementMap":{"0":{"start":{"line":3,"column":0},"end":{"line":5,"column":3}},"1":{"start":{"line":6,"column":0},"end":{"line":6,"column":28}},"2":{"start":{"line":8,"column":17},"end":{"line":8,"column":41}},"3":{"start":{"line":10,"column":0},"end":{"line":14,"column":3}},"4":{"start":{"line":15,"column":15},"end":{"line":15,"column":25}},"5":{"start":{"line":16,"column":0},"end":{"line":16,"column":30}}},"fnMap":{},"branchMap":{},"s":{"0":1,"1":1,"2":1,"3":1,"4":1,"5":1},"f":{},"b":{},"inputSourceMap":{"version":3,"sources":["cloudinary.js"],"names":["cloudinary","require","v2","config","cloud_name","api_key","api_secret"],"mappings":";;;;;;;AAAA,IAAMA,UAAU,GAAGC,OAAO,CAAC,YAAD,CAAP,CAAsBC,EAAzC;;AACAF,UAAU,CAACG,MAAX,CAAkB;AACdC,EAAAA,UAAU,EAAE,WADE;AAEdC,EAAAA,OAAO,EAAE,iBAFK;AAGdC,EAAAA,UAAU,EAAE;AAHE,CAAlB;eAKeN,U","sourceRoot":"/Users/andela/myBrandAlexis/myBland/server/scr/config/","sourcesContent":["const cloudinary = require(\"cloudinary\").v2;\ncloudinary.config({\n    cloud_name: \"do9nypdlo\",\n    api_key: \"587461832293366\",\n    api_secret: \"_odd2Ut71I8qikOJqZ3UUIk9dSo\",\n}); \nexport default cloudinary"]},"_coverageSchema":"1a1c01bbd47fc00a2c39e90264f33305004495a9","hash":"d3229e93939072696268410b1b0d336991e9102e","contentHash":"1b72ce02e9f22dadb560648c67ed03022a6f07bab2ca9b328a9dcf29f38ba5ac"},"/Users/andela/myBrandAlexis/myBland/server/scr/routes/articles.js":{"path":"/Users/andela/myBrandAlexis/myBland/server/scr/routes/articles.js","statementMap":{"0":{"start":{"line":3,"column":0},"end":{"line":5,"column":3}},"1":{"start":{"line":6,"column":0},"end":{"line":6,"column":28}},"2":{"start":{"line":8,"column":15},"end":{"line":8,"column":57}},"3":{"start":{"line":10,"column":15},"end":{"line":10,"column":67}},"4":{"start":{"line":12,"column":25},"end":{"line":12,"column":91}},"5":{"start":{"line":14,"column":39},"end":{"line":14,"column":95}},"6":{"start":{"line":16,"column":13},"end":{"line":16,"column":41}},"7":{"start":{"line":18,"column":0},"end":{"line":18,"column":62}},"8":{"start":{"line":19,"column":0},"end":{"line":19,"column":64}},"9":{"start":{"line":20,"column":15},"end":{"line":20,"column":21}},"10":{"start":{"line":21,"column":0},"end":{"line":21,"column":30}}},"fnMap":{"0":{"name":"_interopRequireDefault","decl":{"start":{"line":14,"column":9},"end":{"line":14,"column":31}},"loc":{"start":{"line":14,"column":37},"end":{"line":14,"column":97}},"line":14}},"branchMap":{"0":{"loc":{"start":{"line":14,"column":46},"end":{"line":14,"column":94}},"type":"cond-expr","locations":[{"start":{"line":14,"column":70},"end":{"line":14,"column":73}},{"start":{"line":14,"column":76},"end":{"line":14,"column":94}}],"line":14},"1":{"loc":{"start":{"line":14,"column":46},"end":{"line":14,"column":67}},"type":"binary-expr","locations":[{"start":{"line":14,"column":46},"end":{"line":14,"column":49}},{"start":{"line":14,"column":53},"end":{"line":14,"column":67}}],"line":14}},"s":{"0":1,"1":1,"2":1,"3":1,"4":1,"5":3,"6":1,"7":1,"8":1,"9":1,"10":1},"f":{"0":3},"b":{"0":[1,2],"1":[3,3]},"inputSourceMap":{"version":3,"sources":["articles.js"],"names":["router","express","Router","get","articleController","articleGetName","post","articlePostName"],"mappings":";;;;;;;AAAA;;AACA;;AACA;;;;AACA,IAAMA,MAAM,GAAGC,oBAAQC,MAAR,EAAf;;AAGAF,MAAM,CAACG,GAAP,CAAW,GAAX,EAAgBC,8BAAkBC,cAAlC;AAEAL,MAAM,CAACM,IAAP,CAAY,GAAZ,EAAiBF,8BAAkBG,eAAnC;eAGeP,M","sourceRoot":"/Users/andela/myBrandAlexis/myBland/server/scr/routes/","sourcesContent":["import express from \"express\"\nimport article from '../models/Article'\nimport articleController from '../controller/articleController'\nconst router = express.Router()\n\n\nrouter.get('/', articleController.articleGetName)\n\nrouter.post('/', articleController.articlePostName)\n\n\nexport default router;"]},"_coverageSchema":"1a1c01bbd47fc00a2c39e90264f33305004495a9","hash":"5ed4040d459cdb89660bc547184e4e77ae9b0903","contentHash":"9d9acb8b0f976b4decb830df777d5bad67b4ce7327599207d3a0b8e4407962c3"},"/Users/andela/myBrandAlexis/myBland/server/scr/models/Article.js":{"path":"/Users/andela/myBrandAlexis/myBland/server/scr/models/Article.js","statementMap":{"0":{"start":{"line":3,"column":16},"end":{"line":3,"column":59}},"1":{"start":{"line":5,"column":39},"end":{"line":5,"column":95}},"2":{"start":{"line":7,"column":20},"end":{"line":17,"column":2}},"3":{"start":{"line":18,"column":0},"end":{"line":18,"column":70}}},"fnMap":{"0":{"name":"_interopRequireDefault","decl":{"start":{"line":5,"column":9},"end":{"line":5,"column":31}},"loc":{"start":{"line":5,"column":37},"end":{"line":5,"column":97}},"line":5}},"branchMap":{"0":{"loc":{"start":{"line":5,"column":46},"end":{"line":5,"column":94}},"type":"cond-expr","locations":[{"start":{"line":5,"column":70},"end":{"line":5,"column":73}},{"start":{"line":5,"column":76},"end":{"line":5,"column":94}}],"line":5},"1":{"loc":{"start":{"line":5,"column":46},"end":{"line":5,"column":67}},"type":"binary-expr","locations":[{"start":{"line":5,"column":46},"end":{"line":5,"column":49}},{"start":{"line":5,"column":53},"end":{"line":5,"column":67}}],"line":5}},"s":{"0":1,"1":1,"2":1,"3":1},"f":{"0":1},"b":{"0":[0,1],"1":[1,1]},"inputSourceMap":{"version":3,"sources":["Article.js"],"names":["contactSchema","mongoose","Schema","title","type","String","description","picture","module","exports","model"],"mappings":";;AAAA;;;;AAEA,IAAMA,aAAa,GAAG,IAAIC,qBAASC,MAAb,CAAoB;AAEtCC,EAAAA,KAAK,EAAE;AACHC,IAAAA,IAAI,EAAEC;AADH,GAF+B;AAKtCC,EAAAA,WAAW,EAAE;AACTF,IAAAA,IAAI,EAAEC;AADG,GALyB;AAQtCE,EAAAA,OAAO,EAAE;AACLH,IAAAA,IAAI,EAAEC;AADD;AAR6B,CAApB,CAAtB;AAaAG,MAAM,CAACC,OAAP,GAAiBR,qBAASS,KAAT,CAAe,SAAf,EAA0BV,aAA1B,CAAjB","sourceRoot":"/Users/andela/myBrandAlexis/myBland/server/scr/models/","sourcesContent":["import mongoose from 'mongoose'\n\nconst contactSchema = new mongoose.Schema({\n\n    title: {\n        type: String\n    },\n    description: {\n        type: String\n    },\n    picture: {\n        type: String\n    }\n})\n\nmodule.exports = mongoose.model('article', contactSchema)"]},"_coverageSchema":"1a1c01bbd47fc00a2c39e90264f33305004495a9","hash":"bbe933bf9c22a04f3f5c81cb48fa44b98595d987","contentHash":"d92e56f7de2f58fc5c096152eb15d1d9e3980ec00fa4686b6daa84f21bd84cc1"},"/Users/andela/myBrandAlexis/myBland/server/scr/controller/articleController.js":{"path":"/Users/andela/myBrandAlexis/myBland/server/scr/controller/articleController.js","statementMap":{"0":{"start":{"line":3,"column":0},"end":{"line":5,"column":3}},"1":{"start":{"line":6,"column":0},"end":{"line":6,"column":28}},"2":{"start":{"line":8,"column":15},"end":{"line":8,"column":67}},"3":{"start":{"line":10,"column":15},"end":{"line":10,"column":82}},"4":{"start":{"line":12,"column":39},"end":{"line":12,"column":95}},"5":{"start":{"line":14,"column":77},"end":{"line":14,"column":175}},"6":{"start":{"line":14,"column":94},"end":{"line":14,"column":107}},"7":{"start":{"line":14,"column":121},"end":{"line":14,"column":131}},"8":{"start":{"line":14,"column":151},"end":{"line":14,"column":165}},"9":{"start":{"line":14,"column":166},"end":{"line":14,"column":173}},"10":{"start":{"line":14,"column":176},"end":{"line":14,"column":263}},"11":{"start":{"line":14,"column":193},"end":{"line":14,"column":208}},"12":{"start":{"line":14,"column":218},"end":{"line":14,"column":261}},"13":{"start":{"line":16,"column":33},"end":{"line":16,"column":387}},"14":{"start":{"line":16,"column":65},"end":{"line":16,"column":69}},"15":{"start":{"line":16,"column":78},"end":{"line":16,"column":87}},"16":{"start":{"line":16,"column":89},"end":{"line":16,"column":384}},"17":{"start":{"line":16,"column":147},"end":{"line":16,"column":167}},"18":{"start":{"line":16,"column":193},"end":{"line":16,"column":264}},"19":{"start":{"line":16,"column":290},"end":{"line":16,"column":360}},"20":{"start":{"line":16,"column":363},"end":{"line":16,"column":380}},"21":{"start":{"line":18,"column":50},"end":{"line":18,"column":151}},"22":{"start":{"line":18,"column":92},"end":{"line":18,"column":149}},"23":{"start":{"line":20,"column":44},"end":{"line":20,"column":315}},"24":{"start":{"line":20,"column":57},"end":{"line":20,"column":58}},"25":{"start":{"line":20,"column":102},"end":{"line":20,"column":110}},"26":{"start":{"line":20,"column":112},"end":{"line":20,"column":167}},"27":{"start":{"line":20,"column":168},"end":{"line":20,"column":199}},"28":{"start":{"line":20,"column":200},"end":{"line":20,"column":254}},"29":{"start":{"line":20,"column":227},"end":{"line":20,"column":254}},"30":{"start":{"line":20,"column":255},"end":{"line":20,"column":313}},"31":{"start":{"line":22,"column":62},"end":{"line":22,"column":131}},"32":{"start":{"line":22,"column":78},"end":{"line":22,"column":131}},"33":{"start":{"line":22,"column":132},"end":{"line":22,"column":193}},"34":{"start":{"line":22,"column":149},"end":{"line":22,"column":193}},"35":{"start":{"line":22,"column":194},"end":{"line":22,"column":213}},"36":{"start":{"line":24,"column":38},"end":{"line":123,"column":3}},"37":{"start":{"line":26,"column":4},"end":{"line":26,"column":46}},"38":{"start":{"line":29,"column":2},"end":{"line":120,"column":6}},"39":{"start":{"line":32,"column":28},"end":{"line":59,"column":9}},"40":{"start":{"line":34,"column":8},"end":{"line":58,"column":36}},"41":{"start":{"line":35,"column":10},"end":{"line":57,"column":11}},"42":{"start":{"line":36,"column":12},"end":{"line":56,"column":13}},"43":{"start":{"line":38,"column":16},"end":{"line":38,"column":34}},"44":{"start":{"line":39,"column":16},"end":{"line":39,"column":34}},"45":{"start":{"line":40,"column":16},"end":{"line":40,"column":50}},"46":{"start":{"line":43,"column":16},"end":{"line":43,"column":41}},"47":{"start":{"line":44,"column":16},"end":{"line":44,"column":35}},"48":{"start":{"line":45,"column":16},"end":{"line":45,"column":35}},"49":{"start":{"line":46,"column":16},"end":{"line":46,"column":22}},"50":{"start":{"line":49,"column":16},"end":{"line":49,"column":34}},"51":{"start":{"line":50,"column":16},"end":{"line":50,"column":51}},"52":{"start":{"line":51,"column":16},"end":{"line":51,"column":53}},"53":{"start":{"line":55,"column":16},"end":{"line":55,"column":39}},"54":{"start":{"line":62,"column":8},"end":{"line":62,"column":54}},"55":{"start":{"line":65,"column":6},"end":{"line":65,"column":28}},"56":{"start":{"line":70,"column":29},"end":{"line":112,"column":9}},"57":{"start":{"line":73,"column":8},"end":{"line":111,"column":38}},"58":{"start":{"line":74,"column":10},"end":{"line":110,"column":11}},"59":{"start":{"line":75,"column":12},"end":{"line":109,"column":13}},"60":{"start":{"line":77,"column":16},"end":{"line":77,"column":106}},"61":{"start":{"line":79,"column":16},"end":{"line":84,"column":17}},"62":{"start":{"line":80,"column":18},"end":{"line":83,"column":21}},"63":{"start":{"line":86,"column":16},"end":{"line":90,"column":19}},"64":{"start":{"line":91,"column":16},"end":{"line":91,"column":35}},"65":{"start":{"line":92,"column":16},"end":{"line":92,"column":35}},"66":{"start":{"line":93,"column":16},"end":{"line":93,"column":34}},"67":{"start":{"line":96,"column":16},"end":{"line":96,"column":42}},"68":{"start":{"line":97,"column":16},"end":{"line":97,"column":35}},"69":{"start":{"line":98,"column":16},"end":{"line":98,"column":36}},"70":{"start":{"line":99,"column":16},"end":{"line":99,"column":22}},"71":{"start":{"line":102,"column":16},"end":{"line":102,"column":36}},"72":{"start":{"line":103,"column":16},"end":{"line":103,"column":53}},"73":{"start":{"line":104,"column":16},"end":{"line":104,"column":34}},"74":{"start":{"line":108,"column":16},"end":{"line":108,"column":40}},"75":{"start":{"line":115,"column":8},"end":{"line":115,"column":55}},"76":{"start":{"line":118,"column":6},"end":{"line":118,"column":29}},"77":{"start":{"line":122,"column":2},"end":{"line":122,"column":28}},"78":{"start":{"line":125,"column":15},"end":{"line":125,"column":33}},"79":{"start":{"line":126,"column":0},"end":{"line":126,"column":30}}},"fnMap":{"0":{"name":"_interopRequireDefault","decl":{"start":{"line":12,"column":9},"end":{"line":12,"column":31}},"loc":{"start":{"line":12,"column":37},"end":{"line":12,"column":97}},"line":12},"1":{"name":"asyncGeneratorStep","decl":{"start":{"line":14,"column":9},"end":{"line":14,"column":27}},"loc":{"start":{"line":14,"column":75},"end":{"line":14,"column":265}},"line":14},"2":{"name":"_asyncToGenerator","decl":{"start":{"line":16,"column":9},"end":{"line":16,"column":26}},"loc":{"start":{"line":16,"column":31},"end":{"line":16,"column":389}},"line":16},"3":{"name":"(anonymous_3)","decl":{"start":{"line":16,"column":40},"end":{"line":16,"column":41}},"loc":{"start":{"line":16,"column":52},"end":{"line":16,"column":386
[...]
'\n// load User model\n\nconst User = require ('../models/User');\nimport { Strategy as JwtStrategy } from 'passport-jwt';\nimport { ExtractJwt } from 'passport-jwt';\n\ndotenv.config()\n\nconst opts = {\njwtFromRequest: ExtractJwt.fromAuthHeaderAsBearerToken(),\nsecretOrKey: process.env.JWT_SECRET\n}\nexport default function(passport){\n    passport.use(\n        new localStrategy( { usernameField: 'email'}, (email, password, done) => {\n            // Match User\n            User.findOne({ email: email})\n            .then(user => {\n                // if(!user){\n                //     return done(null, false, {message: ' that email is not registered.'})\n                // }\n\n                // Match Password\n\n                compare(password, user.password, (err, isMatch) => {\n                    if(err) throw err;\n\n                    if(isMatch){\n                        return done(null, user);\n                    }\n                    // else{\n                    //     return(done(null, false, {message: 'Password Incorrect'}))\n                    // }\n\n                })\n            })\n            .catch(err => console.log(err));\n        })\n    )\n    passport.serializeUser((user, done) => {\n        done(null, user.id);\n      });\n      \n      passport.deserializeUser((id, done) => {\n        User.findById(id, (err, user) => {\n          done(err, user);\n        });\n      });\n\n      passport.use(new JwtStrategy(opts, function(jwt_payload, done) {\n        User.findOne({id: jwt_payload.sub}, function(err, user) {\n            if (err) {\n                return done(err, false);\n            }\n            if (user) {\n                return done(null, user);\n            } else {\n                return done(null, false);\n                // or you could create a new account\n            }\n        });\n    }));\n}\n\n\n"]},"_coverageSchema":"1a1c01bbd47fc00a2c39e90264f33305004495a9","hash":"aed2495b496ef767682785a2963b8b3cc9c2de70","contentHash":"4fd434fcc7224ea5913639a860ccd7ebeec3311a5ad01371dec022837824d561"},"/Users/andela/myBrandAlexis/myBland/server/scr/models/User.js":{"path":"/Users/andela/myBrandAlexis/myBland/server/scr/models/User.js","statementMap":{"0":{"start":{"line":3,"column":15},"end":{"line":3,"column":34}},"1":{"start":{"line":5,"column":17},"end":{"line":22,"column":2}},"2":{"start":{"line":23,"column":11},"end":{"line":23,"column":45}},"3":{"start":{"line":24,"column":0},"end":{"line":24,"column":22}}},"fnMap":{},"branchMap":{},"s":{"0":1,"1":1,"2":1,"3":1},"f":{},"b":{},"inputSourceMap":{"version":3,"sources":["User.js"],"names":["mongoose","require","UserSchema","Schema","name","type","String","required","email","password","date","Date","now","User","model","module","exports"],"mappings":";;AAAA,IAAMA,QAAQ,GAAGC,OAAO,CAAC,UAAD,CAAxB;;AAEA,IAAMC,UAAU,GAAG,IAAIF,QAAQ,CAACG,MAAb,CAAoB;AACnCC,EAAAA,IAAI,EAAC;AACDC,IAAAA,IAAI,EAAEC,MADL;AAEDC,IAAAA,QAAQ,EAAE;AAFT,GAD8B;AAMnCC,EAAAA,KAAK,EAAC;AACFH,IAAAA,IAAI,EAAEC,MADJ;AAEFC,IAAAA,QAAQ,EAAE;AAFR,GAN6B;AAWnCE,EAAAA,QAAQ,EAAC;AACLJ,IAAAA,IAAI,EAAEC,MADD;AAELC,IAAAA,QAAQ,EAAE;AAFL,GAX0B;AAgBnCG,EAAAA,IAAI,EAAC;AACDL,IAAAA,IAAI,EAAEM,IADL;AAED,eAASA,IAAI,CAACC;AAFb;AAhB8B,CAApB,CAAnB;AAsBA,IAAMC,IAAI,GAAGb,QAAQ,CAACc,KAAT,CAAe,MAAf,EAAuBZ,UAAvB,CAAb;AACAa,MAAM,CAACC,OAAP,GAAiBH,IAAjB","sourceRoot":"/Users/andela/myBrandAlexis/myBland/server/scr/models/","sourcesContent":["const mongoose = require('mongoose');\n\nconst UserSchema = new mongoose.Schema({\n    name:{\n        type: String,\n        required: true\n    },\n\n    email:{\n        type: String,\n        required: true\n    },\n\n    password:{\n        type: String,\n        required: true\n    },\n\n    date:{\n        type: Date,\n        default: Date.now\n    },\n})\n\nconst User = mongoose.model('User', UserSchema);\nmodule.exports = User;"]},"_coverageSchema":"1a1c01bbd47fc00a2c39e90264f33305004495a9","hash":"6ada40208a91591412129c8b5c992902956c0259","contentHash":"81b1c2a5defc7d396b04b3d454daed39bc9535088fa40c5c65d3e89cafa57da0"},"/Users/andela/myBrandAlexis/myBland/server/scr/routes/users.js":{"path":"/Users/andela/myBrandAlexis/myBland/server/scr/routes/users.js","statementMap":{"0":{"start":{"line":3,"column":15},"end":{"line":3,"column":57}},"1":{"start":{"line":5,"column":23},"end":{"line":5,"column":87}},"2":{"start":{"line":7,"column":20},"end":{"line":7,"column":67}},"3":{"start":{"line":9,"column":13},"end":{"line":9,"column":68}},"4":{"start":{"line":11,"column":39},"end":{"line":11,"column":95}},"5":{"start":{"line":13,"column":13},"end":{"line":13,"column":41}},"6":{"start":{"line":17,"column":0},"end":{"line":17,"column":63}},"7":{"start":{"line":19,"column":0},"end":{"line":31,"column":3}},"8":{"start":{"line":20,"column":14},"end":{"line":24,"column":28}},"9":{"start":{"line":26,"column":2},"end":{"line":30,"column":5}},"10":{"start":{"line":33,"column":0},"end":{"line":39,"column":3}},"11":{"start":{"line":34,"column":2},"end":{"line":34,"column":15}},"12":{"start":{"line":35,"column":2},"end":{"line":38,"column":5}},"13":{"start":{"line":40,"column":0},"end":{"line":40,"column":24}}},"fnMap":{"0":{"name":"_interopRequireDefault","decl":{"start":{"line":11,"column":9},"end":{"line":11,"column":31}},"loc":{"start":{"line":11,"column":37},"end":{"line":11,"column":97}},"line":11},"1":{"name":"(anonymous_1)","decl":{"start":{"line":19,"column":47},"end":{"line":19,"column":48}},"loc":{"start":{"line":19,"column":67},"end":{"line":31,"column":1}},"line":19},"2":{"name":"(anonymous_2)","decl":{"start":{"line":33,"column":22},"end":{"line":33,"column":23}},"loc":{"start":{"line":33,"column":42},"end":{"line":39,"column":1}},"line":33}},"branchMap":{"0":{"loc":{"start":{"line":11,"column":46},"end":{"line":11,"column":94}},"type":"cond-expr","locations":[{"start":{"line":11,"column":70},"end":{"line":11,"column":73}},{"start":{"line":11,"column":76},"end":{"line":11,"column":94}}],"line":11},"1":{"loc":{"start":{"line":11,"column":46},"end":{"line":11,"column":67}},"type":"binary-expr","locations":[{"start":{"line":11,"column":46},"end":{"line":11,"column":49}},{"start":{"line":11,"column":53},"end":{"line":11,"column":67}}],"line":11}},"s":{"0":1,"1":1,"2":1,"3":1,"4":4,"5":1,"6":1,"7":1,"8":1,"9":1,"10":1,"11":1,"12":1,"13":1},"f":{"0":4,"1":1,"2":1},"b":{"0":[2,2],"1":[4,4]},"inputSourceMap":{"version":3,"sources":["users.js"],"names":["router","express","Router","post","controller","register","Auth","login","req","res","token","jwt","sign","name","user","id","_id","mail","email","process","env","JWT_SECRET","status","json","message","get","logout","module","exports"],"mappings":";;AAAA;;AACA;;AACA;;AACA;;;;AACA,IAAOA,MAAM,GAAGC,oBAAQC,MAAR,EAAhB,C,CACA;AAEA;;;AAEAF,MAAM,CAACG,IAAP,CAAY,WAAZ,EAAyBC,4BAAWC,QAApC,E,CAEI;;AAEAL,MAAM,CAACG,IAAP,CAAY,QAAZ,EAAsBG,kBAAKC,KAA3B,EAAmC,UAACC,GAAD,EAAMC,GAAN,EAAc;AACzC,MAAMC,KAAK,GAAGC,yBAAIC,IAAJ,CAAU;AAACC,IAAAA,IAAI,EAAEL,GAAG,CAACM,IAAJ,CAASD,IAAhB;AAAsBE,IAAAA,EAAE,EAAEP,GAAG,CAACM,IAAJ,CAASE,GAAnC;AAAwCC,IAAAA,IAAI,EAAET,GAAG,CAACM,IAAJ,CAASI;AAAvD,GAAV,EAAwEC,OAAO,CAACC,GAAR,CAAYC,UAApF,CAAd;;AAEAZ,EAAAA,GAAG,CACAa,MADH,CACU,GADV,EAEGC,IAFH,CAEQ;AAAED,IAAAA,MAAM,EAAE,GAAV;AAAeE,IAAAA,OAAO,EAAE,cAAxB;AAAwCd,IAAAA,KAAK,EAALA;AAAxC,GAFR;AAGP,CAND,E,CAQA;;AAEAV,MAAM,CAACyB,GAAP,CAAW,SAAX,EAAsB,UAACjB,GAAD,EAAMC,GAAN,EAAc;AAChCD,EAAAA,GAAG,CAACkB,MAAJ;AACAjB,EAAAA,GAAG,CAACa,MAAJ,CAAW,GAAX,EAAgBC,IAAhB,CAAqB;AAACD,IAAAA,MAAM,EAAC,GAAR;AAAaE,IAAAA,OAAO,EAAC;AAArB,GAArB;AACH,CAHD;AAIJG,MAAM,CAACC,OAAP,GAAiB5B,MAAjB","sourceRoot":"/Users/andela/myBrandAlexis/myBland/server/scr/routes/","sourcesContent":["import express from 'express';\nimport controller from '../controller/usersController'\nimport jwt from 'jsonwebtoken'\nimport Auth from '../middlewares/auths'\nconst  router = express.Router()\n// User modol\n\n// Register handle\n\nrouter.post('/register', controller.register)\n\n    // Login handle\n\n    router.post('/login', Auth.login , (req, res) => {\n            const token = jwt.sign( {name: req.user.name, id: req.user._id, mail: req.user.email},process.env.JWT_SECRET\n            );\n            res\n              .status(200)\n              .json({ status: 200, message: \"you loged in\", token });\n    }  )\n\n    // Logout handle\n\n    router.get('/logout', (req, res) => {\n        req.logout();\n        res.status(200).json({status:200, message:'you loged out'})\n    })\nmodule.exports = router"]},"_coverageSchema":"1a1c01bbd47fc00a2c39e90264f33305004495a9","hash":"e3d581d6f430169d289bedfb41ca5facaad5eaf2","contentHash":"6f6794f012ccd0c452398d3db34a43dac963123fc09495d0be948522900ef1be"},"/Users/andela/myBrandAlexis/myBland/server/scr/controller/usersController.js":{"path":"/Users/andela/myBrandAlexis/myBland/server/scr/controller/usersController.js","statementMap":{"0":{"start":{"line":3,"column":0},"end":{"line":5,"column":3}},"1":{"start":{"line":6,"column":0},"end":{"line":6,"column":28}},"2":{"start":{"line":8,"column":16},"end":{"line":8,"column":59}},"3":{"start":{"line":10,"column":20},"end":{"line":10,"column":67}},"4":{"start":{"line":12,"column":39},"end":{"line":12,"column":95}},"5":{"start":{"line":14,"column":50},"end":{"line":14,"column":151}},"6":{"start":{"line":14,"column":92},"end":{"line":14,"column":149}},"7":{"start":{"line":16,"column":44},"end":{"line":16,"column":315}},"8":{"start":{"line":16,"column":57},"end":{"line":16,"column":58}},"9":{"start":{"line":16,"column":102},"end":{"line":16,"column":110}},"10":{"start":{"line":16,"column":112},"end":{"line":16,"column":167}},"11":{"start":{"line":16,"column":168},"end":{"line":16,"column":199}},"12":{"start":{"line":16,"column":200},"end":{"line":16,"column":254}},"13":{"start":{"line":16,"column":227},"end":{"line":16,"column":254}},"14":{"start":{"line":16,"column":255},"end":{"line":16,"column":313}},"15":{"start":{"line":18,"column":62},"end":{"line":18,"column":131}},"16":{"start":{"line":18,"column":78},"end":{"line":18,"column":131}},"17":{"start":{"line":18,"column":132},"end":{"line":18,"column":193}},"18":{"start":{"line":18,"column":149},"end":{"line":18,"column":193}},"19":{"start":{"line":18,"column":194},"end":{"line":18,"column":213}},"20":{"start":{"line":21,"column":11},"end":{"line":21,"column":36}},"21":{"start":{"line":23,"column":34},"end":{"line":80,"column":3}},"22":{"start":{"line":25,"column":4},"end":{"line":25,"column":42}},"23":{"start":{"line":28,"column":2},"end":{"line":77,"column":6}},"24":{"start":{"line":32,"column":22},"end":{"line":32,"column":30}},"25":{"start":{"line":33,"column":17},"end":{"line":33,"column":31}},"26":{"start":{"line":34,"column":18},"end":{"line":34,"column":33}},"27":{"start":{"line":35,"column":21},"end":{"line":35,"column":39}},"28":{"start":{"line":37,"column":6},"end":{"line":75,"column":9}},"29":{"start":{"line":40,"column":8},"end":{"line":74,"column":9}},"30":{"start":{"line":42,"column":10},"end":{"line":45,"column":13}},"31":{"start":{"line":47,"column":24},"end":{"line":51,"column":12}},"32":{"start":{"line":53,"column":10},"end":{"line":73,"column":13}},"33":{"start":{"line":54,"column":12},"end":{"line":72,"column":15}},"34":{"start":{"line":55,"column":14},"end":{"line":55,"column":33}},"35":{"start":{"line":55,"column":23},"end":{"line":55,"column":33}},"36":{"start":{"line":57,"column":14},"end":{"line":57,"column":38}},"37":{"start":{"line":59,"column":14},"end":{"line":71,"column":17}},"38":{"start":{"line":60,"column":28},"end":{"line":64,"column":42}},"39":{"start":{"line":66,"column":16},"end":{"line":70,"column":19}},"40":{"start":{"line":79,"column":2},"end":{"line":79,"column":24}},"41":{"start":{"line":82,"column":15},"end":{"line":82,"column":29}},"42":{"start":{"line":83,"column":0},"end":{"line":83,"column":30}}},"fnMap":{"0":{"name":"_interopRequireDefault","decl":{"start":{"line":12,"column":9},"end":{"line":12,"column":31}},"loc":{"start":{"line":12,"column":37},"end":{"line":12,"column":97}},"line":12},"1":{"name":"_classCallCheck","decl":{"start":{"line":14,"column":9},"end":{"line":14,"column":24}},"loc":{"start":{"line":14,"column":48},"end":{"line":14,"column":153}},"line":14},"2":{"name":"_defineProperties","decl":{"start":{"line":16,"column":9},"end":{"line":16,"column":26}},"loc":{"start":{"line":16,"column":42},"end":{"line":16,"column":317}},"line":16},"3":{"name":"_createClass","decl":{"start":{"line":18,"column":9},"end":{"line":18,"column":21}},"loc":{"start":{"line":18,"column":60},"end":{"line":18,"column":215}},"line":18},"4":{"name":"(anonymous_4)","decl":{"start":{"line":23,"column":34},"end":{"line":23,"column":35}},"loc":{"start":{"line":23,"column":46},"end":{"line":80,"column":1}},"line":23},"5":{"name":"userController","decl":{"start":{"line":24,"column":11},"end":{"line":24,"column":25}},"loc":{"start":{"line":24,"column":28},"end":{"line":26,"column":3}},"line":24},"6":{"name":"register","decl":{"start":{"line":31,"column":20},"end":{"line":31,"column":28}},"loc":{"start":{"line":31,"column":39},"end":{"line":76,"column":5}},"line":31},"7":{"name":"(anonymous_7)","decl":{"start":{"line":39,"column":14},"end":{"line":39,"column":15}},"loc":{"start":{"line":39,"column":30},"end":{"line":75,"column":7}},"line":39},"8":{"name":"(anonymous_8)","decl":{"start":{"line":53,"column":43},"end":{"line":53,"column":44}},"loc":{"start":{"line":53,"column":64},"end":{"line":73,"column":11}},"line":53},"9":{"name":"(anonymous_9)","decl":{"start":{"line":54,"column":69},"end":{"line":54,"column":70}},"loc":{"start":{"line":54,"column":90},"end":{"line":72,"column":13}},"line":54},"10":{"name":"(anonymous_10)","decl":{"start":{"line":59,"column":34},"end":{"line":59,"column":35}},"loc":{"start":{"line":59,"column":46},"end":{"line":71,"column":15}},"line":59}},"branchMap":{"0":{"loc":{"start":{"line":12,"column":46},"end":{"line":12,"column":94}},"type":"cond-expr","locations":[{"start":{"line":12,"column":70},"end":{"line":12,"column":73}},{"start":{"line":12,"column":76},"end":{"line":12,"column":94}}],"line":12},"1":{"loc":{"start":{"line":12,"column":46},"end":{"line":12,"column":67}},"type":"binary-expr","locations":[{"start":{"line":12,"column":46},"end":{"line":12,"column":49}},{"start":{"line":12,"column":53},"end":{"line":12,"column":67}}],"line":12},"2":{"loc":{"start":{"line":14,"column":50},"end":{"line":14,"column":151}},"type":"if","locations":[{"start":{"line":14,"column":50},"end":{"line":14,"column":151}},{"start":{"line":14,"column":50},"end":{"line":14,"column":151}}],"line":14},"3":{"loc":{"start":{"line":16,"column":136},"end":{"line":16,"column":166}},"type":"binary-expr","locations":[{"start":{"line":16,"column":136},"end":{"line":16,"column":157}},{"start":{"line":16,"column":161},"end":{"line":16,"column":166}}],"line":16},"4":{"loc":{"start":{"line":16,"column":200},"end":{"line":16,"column":254}},"type":"if","locations":[{"start":{"line":16,"column":200},"end":{"line":16,"column":254}},{"start":{"line":16,"column":200},"end":{"line":16,"column":254}}],"line":16},"5":{"loc":{"start":{"line":18,"column":62},"end":{"line":18,"column":131}},"type":"if","locations":[{"start":{"line":18,"column":62},"end":{"line":18,"column":131}},{"start":{"line":18,"column":62},"end":{"line":18,"column":131}}],"line":18},"6":{"loc":{"start":{"line":18,"column":132},"end":{"line":18,"column":193}},"type":"if","locations":[{"start":{"line":18,"column":132},"end":{"line":18,"column":193}},{"start":{"line":18,"column":132},"end":{"line":18,"column":193}}],"line":18},"7":{"loc":{"start":{"line":40,"column":8},"end":{"line":74,"column":9}},"type":"if","locations":[{"start":{"line":40,"column":8},"end":{"line":74,"column":9}},{"start":{"line":40,"column":8},"end":{"line":74,"column":9}}],"line":40},"8":{"loc":{"start":{"line":55,"column":14},"end":{"line":55,"column":33}},"type":"if","locations":[{"start":{"line":55,"column":14},"end":{"line":55,"column":33}},{"start":{"line":55,"column":14},"end":{"line":55,"column":33}}],"line":55}},"s":{"0":1,"1":1,"2":1,"3":1,"4":2,"5":0,"6":0,"7":1,"8":1,"9":1,"10":1,"11":1,"12":1,"13":1,"14":1,"15":1,"16":0,"17":1,"18":1,"19":1,"20":1,"21":1,"22":0,"23":1,"24":1,"25":1,"26":1,"27":1,"28":1,"29":1,"30":0,"31":1,"32":1,"33":1,"34":1,"35":0,"36":1,"37":1,"38":1,"39":1,"40":1,"41":1,"42":1},"f":{"0":2,"1":0,"2":1,"3":1,"4":1,"5":0,"6":1,"7":1,"8":1,"9":1,"10":1},"b":{"0":[0,2],"1":[2,2],"2":[0,0],"3":[1,1],"4":[1,0],"5":[0,1],"6":[1,0],"7":[0,1],"8":[0,1]},"inputSourceMap":{"version":3,"sources":["usersController.js"],"names":["User","require","userController","req","res","body","name","email","password","findOne","then","user","status","json","message","newUser","bcrypt","genSalt","err","salt","hash","save","token","jwt","sign","id","_id","mail","process","env","JWT_SECRET"],"mappings":";;;;;;;AAAA;;AACA;;;;;;;;;;AACA;AACA,IAAMA,IAAI,GAAGC,OAAO,CAAC,gBAAD,CAApB;;IAEMC,c;;;;;;;AAEN;6BAEgBC,G,EAAKC,G,EAAI;AAAA,sBACYD,GAAG,CAACE,IADhB;AAAA,UACbC,IADa,aACbA,IADa;AAAA,UACPC,KADO,aACPA,KADO;AAAA,UACAC,QADA,aACAA,QADA,EAIrB;;AAEAR,MAAAA,IAAI,CAACS,OAAL,CAAa;AAAEF,QAAAA,KAAK,EAAEA;AAAT,OAAb,EACKG,IADL,CACU,UAAAC,IAAI,EAAI;AACV,YAAGA,IAAH,EAAQ;AACJ;AACAP,UAAAA,GAAG,CAACQ,MAAJ,CAAW,GAAX,EAAgBC,IAAhB,CAAqB;AAACD,YAAAA,MAAM,EAAC,GAAR;AAAaE,YAAAA,OAAO,EAAC;AAArB,WAArB;AAEH,SAJD,MAIK;AACD,cAAMC,OAAO,GAAG,IAAIf,IAAJ,CAAS;AACrBM,YAAAA,IAAI,EAAJA,IADqB;AAErBC,YAAAA,KAAK,EAALA,KAFqB;AAGrBC,YAAAA,QAAQ,EAARA;AAHqB,WAAT,CAAhB,CADC,CAMD;;AAEAQ,+BAAOC,OAAP,CAAe,EAAf,EAAmB,UAACC,GAAD,EAAMC,IAAN;AAAA,mBACnBH,qBAAOI,IAAP,CAAYL,OAAO,CAACP,QAApB,EAA8BW,IAA9B,EAAoC,UAACD,GAAD,EAAME,IAAN,EAAe;AAC/C,kBAAGF,GAAH,EAAQ,MAAMA,GAAN,CADuC,CAE/C;;AAEAH,cAAAA,OAAO,CAACP,QAAR,GAAmBY,IAAnB,CAJ+C,CAK/C;;AACAL,cAAAA,OAAO,CAACM,IAAR,GACCX,IADD,CACM,YAAM;AACR,oBAAMY,KAAK,GAAGC,yBAAIC,IAAJ,CAAU;AAAClB,kBAAAA,IAAI,EAAES,OAAO,CAACT,IAAf;AAAqBmB,kBAAAA,EAAE,EAAEV,OAAO,CAACW,GAAjC;AAAsCC,kBAAAA,IAAI,EAAEZ,OAAO,CAACR;AAApD,iBAAV,EAAqEqB,OAAO,CAACC,GAAR,CAAYC,UAAjF,CAAd;;AAEA1B,gBAAAA,GAAG,CAACQ,MAAJ,CAAW,GAAX,EAAgBC,IAAhB,CAAqB;AAACD,kBAAAA,MAAM,EAAE,GAAT;AAAcE,kBAAAA,OAAO,EAAE,kCAAvB;AAA2DQ,kBAAAA,KAAK,EAALA;AAA3D,iBAArB;AAEH,eAND;AAOH,aAbD,CADmB;AAAA,WAAnB;AAgBH;AACJ,OA/BL;AAgCC;;;;;;eAIUpB,c","sourceRoot":"/Users/andela/myBrandAlexis/myBland/server/scr/controller/","sourcesContent":["import bcrypt from 'bcryptjs'\nimport jwt from 'jsonwebtoken'\n// User modol\nconst User = require('../models/User');\n\nclass userController { \n\n// Register handle\n\nstatic register(req, res){\n    const { name, email, password} = req.body;\n\n\n    // Validation\n\n    User.findOne({ email: email})\n        .then(user => {\n            if(user){\n                // User exists\n                res.status(409).json({status:409, message:'User exist'}) \n\n            }else{\n                const newUser = new User({\n                    name,\n                    email,\n                    password\n                })\n                //  Hash Password\n\n                bcrypt.genSalt(10, (err, salt) =>\n                bcrypt.hash(newUser.password, salt, (err, hash) => {\n                    if(err) throw err;\n                    // set password to hashed\n\n                    newUser.password = hash;\n                    // save user \n                    newUser.save() \n                    .then(() => {\n                        const token = jwt.sign( {name: newUser.name, id: newUser._id, mail: newUser.email},process.env.JWT_SECRET\n                        );\n                        res.status(201).json({status: 201, message: 'you are register you can log in!', token});\n                        \n                    })               \n                })\n                )\n            }\n        })\n    }\n\n}\n\nexport default userController"]},"_coverageSchema":"1a1c01bbd47fc00a2c39e90264f33305004495a9","hash":"22413ce8edaf735979985b638ab88f805664df0d","contentHash":"e32ff12682fda2ae6f5e5f2b224a1984812f4bf5d798ff9fb86c41e1c75d6ec3"}}