{"/home/alexis/Andela/MyBrandAlex/server/server.js":{"path":"/home/alexis/Andela/MyBrandAlex/server/server.js","statementMap":{"0":{"start":{"line":3,"column":0},"end":{"line":5,"column":3}},"1":{"start":{"line":6,"column":0},"end":{"line":6,"column":28}},"2":{"start":{"line":8,"column":0},"end":{"line":8,"column":27}},"3":{"start":{"line":10,"column":15},"end":{"line":10,"column":57}},"4":{"start":{"line":12,"column":16},"end":{"line":12,"column":59}},"5":{"start":{"line":14,"column":16},"end":{"line":14,"column":72}},"6":{"start":{"line":16,"column":13},"end":{"line":16,"column":66}},"7":{"start":{"line":18,"column":16},"end":{"line":18,"column":72}},"8":{"start":{"line":20,"column":13},"end":{"line":20,"column":66}},"9":{"start":{"line":22,"column":19},"end":{"line":22,"column":53}},"10":{"start":{"line":24,"column":16},"end":{"line":24,"column":59}},"11":{"start":{"line":26,"column":14},"end":{"line":26,"column":55}},"12":{"start":{"line":28,"column":39},"end":{"line":28,"column":95}},"13":{"start":{"line":30,"column":0},"end":{"line":30,"column":28}},"14":{"start":{"line":33,"column":10},"end":{"line":33,"column":36}},"15":{"start":{"line":35,"column":0},"end":{"line":35,"column":66}},"16":{"start":{"line":37,"column":0},"end":{"line":39,"column":3}},"17":{"start":{"line":41,"column":10},"end":{"line":41,"column":41}},"18":{"start":{"line":42,"column":0},"end":{"line":44,"column":3}},"19":{"start":{"line":43,"column":2},"end":{"line":43,"column":30}},"20":{"start":{"line":46,"column":0},"end":{"line":48,"column":4}},"21":{"start":{"line":50,"column":0},"end":{"line":50,"column":43}},"22":{"start":{"line":51,"column":0},"end":{"line":51,"column":36}},"23":{"start":{"line":52,"column":0},"end":{"line":52,"column":51}},"24":{"start":{"line":53,"column":0},"end":{"line":53,"column":39}},"25":{"start":{"line":54,"column":0},"end":{"line":54,"column":43}},"26":{"start":{"line":55,"column":0},"end":{"line":55,"column":37}},"27":{"start":{"line":56,"column":0},"end":{"line":56,"column":43}},"28":{"start":{"line":58,"column":0},"end":{"line":58,"column":49}},"29":{"start":{"line":59,"column":0},"end":{"line":61,"column":3}},"30":{"start":{"line":60,"column":2},"end":{"line":60,"column":32}},"31":{"start":{"line":62,"column":15},"end":{"line":62,"column":18}},"32":{"start":{"line":63,"column":0},"end":{"line":63,"column":30}}},"fnMap":{"0":{"name":"_interopRequireDefault","decl":{"start":{"line":28,"column":9},"end":{"line":28,"column":31}},"loc":{"start":{"line":28,"column":37},"end":{"line":28,"column":97}},"line":28},"1":{"name":"(anonymous_1)","decl":{"start":{"line":42,"column":15},"end":{"line":42,"column":16}},"loc":{"start":{"line":42,"column":27},"end":{"line":44,"column":1}},"line":42},"2":{"name":"(anonymous_2)","decl":{"start":{"line":59,"column":17},"end":{"line":59,"column":18}},"loc":{"start":{"line":59,"column":29},"end":{"line":61,"column":1}},"line":59}},"branchMap":{"0":{"loc":{"start":{"line":28,"column":46},"end":{"line":28,"column":94}},"type":"cond-expr","locations":[{"start":{"line":28,"column":70},"end":{"line":28,"column":73}},{"start":{"line":28,"column":76},"end":{"line":28,"column":94}}],"line":28},"1":{"loc":{"start":{"line":28,"column":46},"end":{"line":28,"column":67}},"type":"binary-expr","locations":[{"start":{"line":28,"column":46},"end":{"line":28,"column":49}},{"start":{"line":28,"column":53},"end":{"line":28,"column":67}}],"line":28}},"s":{"0":1,"1":1,"2":1,"3":1,"4":1,"5":1,"6":1,"7":1,"8":1,"9":1,"10":1,"11":1,"12":8,"13":1,"14":1,"15":1,"16":1,"17":1,"18":1,"19":1,"20":1,"21":1,"22":1,"23":1,"24":1,"25":1,"26":1,"27":1,"28":1,"29":1,"30":1,"31":1,"32":1},"f":{"0":8,"1":1,"2":1},"b":{"0":[4,4],"1":[8,8]},"inputSourceMap":{"version":3,"sources":["server.js"],"names":["dotenv","config","app","require","passport","mongoose","connect","process","env","URL","useNewUrlParser","con","connection","on","console","log","use","express","urlencoded","extended","initialize","json","upload","single","queryRoute","contactRoute","blogRoute","articleRoute","listen"],"mappings":";;;;;;;AAAA;;AACA;;AACA;;AACA;;AACA;;AACA;;AACA;;AACA;;AACA;;AACA;;;;AAEAA,mBAAOC,MAAP,G,CAEA;;;AAEA,IAAMC,GAAG,GAAG,0BAAZ;;AACEC,OAAO,CAAC,uBAAD,CAAP,YAAyCC,oBAAzC;;AAEFC,qBAASC,OAAT,CAAiBC,OAAO,CAACC,GAAR,CAAYC,GAA7B,EAAkC;AAAEC,EAAAA,eAAe,EAAE;AAAnB,CAAlC;;AACC,IAAMC,GAAG,GAAGN,qBAASO,UAArB;AAEAD,GAAG,CAACE,EAAJ,CAAO,MAAP,EAAe,YAAM;AAEpBC,EAAAA,OAAO,CAACC,GAAR,CAAY,cAAZ;AACA,CAHD,E,CAKA;;AAEDb,GAAG,CAACc,GAAJ,CAAQC,oBAAQC,UAAR,CAAmB;AAACC,EAAAA,QAAQ,EAAE;AAAX,CAAnB,CAAR,E,CAEE;;AACAjB,GAAG,CAACc,GAAJ,CAAQZ,qBAASgB,UAAT,EAAR;AAGDlB,GAAG,CAACc,GAAJ,CAAQC,oBAAQI,IAAR,EAAR;AACAnB,GAAG,CAACc,GAAJ,CAAQM,oBAAOC,MAAP,CAAc,aAAd,CAAR;AACArB,GAAG,CAACc,GAAJ,CAAQ,UAAR,EAAoBQ,iBAApB;AACAtB,GAAG,CAACc,GAAJ,CAAQ,WAAR,EAAqBS,oBAArB;AACAvB,GAAG,CAACc,GAAJ,CAAQ,QAAR,EAAkBU,iBAAlB;AACAxB,GAAG,CAACc,GAAJ,CAAQ,WAAR,EAAqBW,oBAArB,E,CAEA;;AACAzB,GAAG,CAACc,GAAJ,CAAQ,QAAR,EAAkBb,OAAO,CAAC,oBAAD,CAAzB;AACAD,GAAG,CAAC0B,MAAJ,CAAW,IAAX,EAAiB,YAAM;AACtBd,EAAAA,OAAO,CAACC,GAAR,CAAY,gBAAZ;AACA,CAFD;eAIcb,G","sourceRoot":"/home/alexis/Andela/MyBrandAlex/server/","sourcesContent":["import '@babel/polyfill'\nimport express from \"express\"\nimport mongoose from \"mongoose\"\nimport contactRoute from './scr/routes/contacts'\nimport blogRoute from './scr/routes/blogs'\nimport articleRoute from './scr/routes/articles'\nimport queryRoute from './scr/routes/query'\nimport {upload} from './scr/utils/imageUpload'\nimport passport from'passport'\nimport dotenv from 'dotenv'\n\ndotenv.config()\n\n//loading passpot\n\nconst app = express()\n  require('./scr/config/passport').default(passport)\n\nmongoose.connect(process.env.URL, { useNewUrlParser: true })\n\tconst con = mongoose.connection\n\t\n\tcon.on('open', () => {\n\n\t\tconsole.log('Connected...')\n\t})\n\n\t//bodyparser\n\napp.use(express.urlencoded({extended: false }));\n\n  // passport middleware\n  app.use(passport.initialize());\n\n\n\tapp.use(express.json())\n\tapp.use(upload.single(\"blogPicture\"))\n\tapp.use('/queries', queryRoute)\n\tapp.use('/contacts', contactRoute)\n\tapp.use('/blogs', blogRoute)\n\tapp.use('/articles', articleRoute)\n\n\t// app.use('/', require('./routes/index'))\n\tapp.use('/users', require('./scr/routes/users'))\n\tapp.listen(6000, () => {\n\t\tconsole.log('Server started')\n\t})\n\nexport default app"]},"_coverageSchema":"1a1c01bbd47fc00a2c39e90264f33305004495a9","hash":"a422ea450bc3013f233731cbef27ed9782dc50a8","contentHash":"ec84a6ca39abe42922d6ed4dfd522f0a3e1b105829709544eb52659e7980020f"},"/home/alexis/Andela/MyBrandAlex/server/scr/routes/contacts.js":{"path":"/home/alexis/Andela/MyBrandAlex/server/scr/routes/contacts.js","statementMap":{"0":{"start":{"line":3,"column":0},"end":{"line":5,"column":3}},"1":{"start":{"line":6,"column":0},"end":{"line":6,"column":28}},"2":{"start":{"line":8,"column":15},"end":{"line":8,"column":57}},"3":{"start":{"line":10,"column":15},"end":{"line":10,"column":67}},"4":{"start":{"line":12,"column":25},"end":{"line":12,"column":91}},"5":{"start":{"line":14,"column":39},"end":{"line":14,"column":95}},"6":{"start":{"line":16,"column":13},"end":{"line":16,"column":41}},"7":{"start":{"line":18,"column":0},"end":{"line":18,"column":62}},"8":{"start":{"line":19,"column":0},"end":{"line":19,"column":64}},"9":{"start":{"line":20,"column":15},"end":{"line":20,"column":21}},"10":{"start":{"line":21,"column":0},"end":{"line":21,"column":30}}},"fnMap":{"0":{"name":"_interopRequireDefault","decl":{"start":{"line":14,"column":9},"end":{"line":14,"column":31}},"loc":{"start":{"line":14,"column":37},"end":{"line":14,"column":97}},"line":14}},"branchMap":{"0":{"loc":{"start":{"line":14,"column":46},"end":{"line":14,"column":94}},"type":"cond-expr","locations":[{"start":{"line":14,"column":70},"end":{"line":14,"column":73}},{"start":{"line":14,"column":76},"end":{"line":14,"column":94}}],"line":14},"1":{"loc":{"start":{"line":14,"column":46},"end":{"line":14,"column":67}},"type":"binary-expr","locations":[{"start":{"line":14,"column":46},"end":{"line":14,"column":49}},{"start":{"line":14,"column":53},"end":{"line":14,"column":67}}],"line":14}},"s":{"0":1,"1":1,"2":1,"3":1,"4":1,"5":3,"6":1,"7":1,"8":1,"9":1,"10":1},"f":{"0":3},"b":{"0":[1,2],"1":[3,3]},"inputSourceMap":{"version":3,"sources":["contacts.js"],"names":["router","express","Router","get","contactController","contactGetName","post","contactPostName"],"mappings":";;;;;;;AAAA;;AACA;;AACA;;;;AACA,IAAMA,MAAM,GAAGC,oBAAQC,MAAR,EAAf;;AACAF,MAAM,CAACG,GAAP,CAAW,GAAX,EAAgBC,8BAAkBC,cAAlC;AAEAL,MAAM,CAACM,IAAP,CAAY,GAAZ,EAAiBF,8BAAkBG,eAAnC;eAEeP,M","sourceRoot":"/home/alexis/Andela/MyBrandAlex/server/scr/routes/","sourcesContent":["import express from \"express\"\nimport contact from '../models/Contact'\nimport contactController from '../controller/contactController'\nconst router = express.Router()\nrouter.get('/', contactController.contactGetName)\n\nrouter.post('/', contactController.contactPostName)\n\nexport default router;"]},"_coverageSchema":"1a1c01bbd47fc00a2c39e90264f33305004495a9","hash":"26fc06bbb282a505c7f73f41192d1b822f50ec03","contentHash":"b753410d9bf7ce96aa5bf96c2d3f754f5425b65157ac3c9fdf49e358959fb1ed"},"/home/alexis/Andela/MyBrandAlex/server/scr/models/Contact.js":{"path":"/home/alexis/Andela/MyBrandAlex/server/scr/models/Contact.js","statementMap":{"0":{"start":{"line":3,"column":16},"end":{"line":3,"column":59}},"1":{"start":{"line":5,"column":39},"end":{"line":5,"column":95}},"2":{"start":{"line":7,"column":20},"end":{"line":14,"column":2}},"3":{"start":{"line":15,"column":0},"end":{"line":15,"column":70}}},"fnMap":{"0":{"name":"_interopRequireDefault","decl":{"start":{"line":5,"column":9},"end":{"line":5,"column":31}},"loc":{"start":{"line":5,"column":37},"end":{"line":5,"column":97}},"line":5}},"branchMap":{"0":{"loc":{"start":{"line":5,"column":46},"end":{"line":5,"column":94}},"type":"cond-expr","locations":[{"start":{"line":5,"column":70},"end":{"line":5,"column":73}},{"start":{"line":5,"column":76},"end":{"line":5,"column":94}}],"line":5},"1":{"loc":{"start":{"line":5,"column":46},"end":{"line":5,"column":67}},"type":"binary-expr","locations":[{"start":{"line":5,"column":46},"end":{"line":5,"column":49}},{"start":{"line":5,"column":53},"end":{"line":5,"column":67}}],"line":5}},"s":{"0":1,"1":1,"2":1,"3":1},"f":{"0":1},"b":{"0":[0,1],"1":[1,1]},"inputSourceMap":{"version":3,"sources":["Contact.js"],"names":["contactSchema","mongoose","Schema","title","type","String","message","module","exports","model"],"mappings":";;AAAA;;;;AAEA,IAAMA,aAAa,GAAG,IAAIC,qBAASC,MAAb,CAAoB;AAEtCC,EAAAA,KAAK,EAAE;AACHC,IAAAA,IAAI,EAAEC;AADH,GAF+B;AAKtCC,EAAAA,OAAO,EAAE;AACLF,IAAAA,IAAI,EAAEC;AADD;AAL6B,CAApB,CAAtB;AAUAE,MAAM,CAACC,OAAP,GAAiBP,qBAASQ,KAAT,CAAe,SAAf,EAA0BT,aAA1B,CAAjB","sourceRoot":"/home/alexis/Andela/MyBrandAlex/server/scr/models/","sourcesContent":["import mongoose from 'mongoose'\n\nconst contactSchema = new mongoose.Schema({\n\n    title: {\n        type: String\n    },\n    message: {\n        type: String\n    }\n})\n\nmodule.exports = mongoose.model('contact', contactSchema)"]},"_coverageSchema":"1a1c01bbd47fc00a2c39e90264f33305004495a9","hash":"0c60bfbc7a1cc3fb2f1c2a093ee5ad22a3bd46c2","contentHash":"de18ec43eed097e5d2eb81553f6536d3609818e79cf9e2e9449d8fb3bead680a"},"/home/alexis/Andela/MyBrandAlex/server/scr/controller/contactController.js":{"path":"/home/alexis/Andela/MyBrandAlex/server/scr/controller/contactController.js","statementMap":{"0":{"start":{"line":3,"column":0},"end":{"line":5,"column":3}},"1":{"start":{"line":6,"column":0},"end":{"line":6,"column":28}},"2":{"start":{"line":8,"column":15},"end":{"line":8,"column":67}},"3":{"start":{"line":10,"column":15},"end":{"line":10,"column":82}},"4":{"start":{"line":12,"column":39},"end":{"line":12,"column":95}},"5":{"start":{"line":14,"column":77},"end":{"line":14,"column":175}},"6":{"start":{"line":14,"column":94},"end":{"line":14,"column":107}},"7":{"start":{"line":14,"column":121},"end":{"line":14,"column":131}},"8":{"start":{"line":14,"column":151},"end":{"line":14,"column":165}},"9":{"start":{"line":14,"column":166},"end":{"line":14,"column":173}},"10":{"start":{"line":14,"column":176},"end":{"line":14,"column":263}},"11":{"start":{"line":14,"column":193},"end":{"line":14,"column":208}},"12":{"start":{"line":14,"column":218},"end":{"line":14,"column":261}},"13":{"start":{"line":16,"column":33},"end":{"line":16,"column":387}},"14":{"start":{"line":16,"column":65},"end":{"line":16,"column":69}},"15":{"start":{"line":16,"column":78},"end":{"line":16,"column":87}},"16":{"start":{"line":16,"column":89},"end":{"line":16,"column":384}},"17":{"start":{"line":16,"column":147},"end":{"line":16,"column":167}},"18":{"start":{"line":16,"column":193},"end":{"line":16,"column":264}},"19":{"start":{"line":16,"column":290},"end":{"line":16,"column":360}},"20":{"start":{"line":16,"column":363},"end":{"line":16,"column":380}},"21":{"start":{"line":18,"column":50},"end":{"line":18,"column":151}},"22":{"start":{"line":18,"column":92},"end":{"line":18,"column":149}},"23":{"start":{"line":20,"column":44},"end":{"line":20,"column":315}},"24":{"start":{"line":20,"column":57},"end":{"line":20,"column":58}},"25":{"start":{"line":20,"column":102},"end":{"line":20,"column":110}},"26":{"start":{"line":20,"column":112},"end":{"line":20,"column":167}},"27":{"start":{"line":20,"column":168},"end":{"line":20,"column":199}},"28":{"start":{"line":20,"column":200},"end":{"line":20,"column":254}},"29":{"start":{"line":20,"column":227},"end":{"line":20,"column":254}},"30":{"start":{"line":20,"column":255},"end":{"line":20,"column":313}},"31":{"start":{"line":22,"column":62},"end":{"line":22,"column":131}},"32":{"start":{"line":22,"column":78},"end":{"line":22,"column":131}},"33":{"start":{"line":22,"column":132},"end":{"line":22,"column":193}},"34":{"start":{"line":22,"column":149},"end":{"line":22,"column":193}},"35":{"start":{"line":22,"column":194},"end":{"line":22,"column":213}},"36":{"start":{"line":24,"column":38},"end":{"line":122,"column":3}},"37":{"start":{"line":26,"column":4},"end":{"line":26,"column":46}},"38":{"start":{"line":29,"column":2},"end":{"line":119,"column":6}},"39":{"start":{"line":32,"column":28},"end":{"line":59,"column":9}},"40":{"start":{"line":34,"column":8},"end":{"line":58,"column":36}},"41":{"start":{"line":35,"column":10},"end":{"line":57,"column":11}},"42":{"start":{"line":36,"column":12},"end":{"line":56,"column":13}},"43":{"start":{"line":38,"column":16},"end":{"line":38,"column":34}},"44":{"start":{"line":39,"column":16},"end":{"line":39,"column":34}},"45":{"start":{"line":40,"column":16},"end":{"line":40,"column":50}},"46":{"start":{"line":43,"column":16},"end":{"line":43,"column":41}},"47":{"start":{"line":44,"column":16},"end":{"line":44,"column":35}},"48":{"start":{"line":45,"column":16},"end":{"line":45,"column":35}},"49":{"start":{"line":46,"column":16},"end":{"line":46,"column":22}},"50":{"start":{"line":49,"column":16},"end":{"line":49,"column":34}},"51":{"start":{"line":50,"column":16},"end":{"line":50,"column":51}},"52":{"start":{"line":51,"column":16},"end":{"line":51,"column":48}},"53":{"start":{"line":55,"column":16},"end":{"line":55,"column":39}},"54":{"start":{"line":62,"column":8},"end":{"line":62,"column":54}},"55":{"start":{"line":65,"column":6},"end":{"line":65,"column":28}},"56":{"start":{"line":70,"column":29},"end":{"line":111,"column":9}},"57":{"start":{"line":73,"column":8},"end":{"line":110,"column":38}},"58":{"start":{"line":74,"column":10},"end":{"line":109,"column":11}},"59":{"start":{"line":75,"column":12},"end":{"line":108,"column":13}},"60":{"start":{"line":77,"column":16},"end":{"line":77,"column":106}},"61":{"start":{"line":79,"column":16},"end":{"line":84,"column":17}},"62":{"start":{"line":80,"column":18},"end":{"line":83,"column":21}},"63":{"start":{"line":86,"column":16},"end":{"line":89,"column":19}},"64":{"start":{"line":90,"column":16},"end":{"line":90,"column":35}},"65":{"start":{"line":91,"column":16},"end":{"line":91,"column":35}},"66":{"start":{"line":92,"column":16},"end":{"line":92,"column":35}},"67":{"start":{"line":95,"column":16},"end":{"line":95,"column":42}},"68":{"start":{"line":96,"column":16},"end":{"line":96,"column":35}},"69":{"start":{"line":97,"column":16},"end":{"line":97,"column":36}},"70":{"start":{"line":98,"column":16},"end":{"line":98,"column":22}},"71":{"start":{"line":101,"column":16},"end":{"line":101,"column":36}},"72":{"start":{"line":102,"column":16},"end":{"line":102,"column":53}},"73":{"start":{"line":103,"column":16},"end":{"line":103,"column":34}},"74":{"start":{"line":107,"column":16},"end":{"line":107,"column":40}},"75":{"start":{"line":114,"column":8},"end":{"line":114,"column":55}},"76":{"start":{"line":117,"column":6},"end":{"line":117,"column":29}},"77":{"start":{"line":121,"column":2},"end":{"line":121,"column":28}},"78":{"start":{"line":124,"column":15},"end":{"line":124,"column":33}},"79":{"start":{"line":125,"column":0},"end":{"line":125,"column":30}}},"fnMap":{"0":{"name":"_interopRequireDefault","decl":{"start":{"line":12,"column":9},"end":{"line":12,"column":31}},"loc":{"start":{"line":12,"column":37},"end":{"line":12,"column":97}},"line":12},"1":{"name":"asyncGeneratorStep","decl":{"start":{"line":14,"column":9},"end":{"line":14,"column":27}},"loc":{"start":{"line":14,"column":75},"end":{"line":14,"column":265}},"line":14},"2":{"name":"_asyncToGenerator","decl":{"start":{"line":16,"column":9},"end":{"line":16,"column":26}},"loc":{"start":{"line":16,"column":31},"end":{"line":16,"column":389}},"line":16},"3":{"name":"(anonymous_3)","decl":{"start":{"line":16,"column":40},"end":{"line":16,"column":41}},"loc":{"start":{"line":16,"column":52},"end":{"line":16,"column":386}},"line":16},"4":{"name":"(anonymous_4)","decl":{"start":{"line":16,"column":108},"end":{"line":16,"column":109}},"loc":{"start":{"line":16,"column":135},"end":{"line":16,"column":382}},"line":16},"5":{"name":"_next","decl":{"start":{"line":16,"column":178},"end":{"line":16,"column":183}},"loc":{"start":{"line":16,"column":191},"end":{"line":16,"column":266}},"line":16},"6":{"name":"_throw","decl":{"start":{"line":16,"column":276},"end":{"line":16,"column":282}},"loc":{"start":{"line":16,"column":288},"end":{"line":16,"column":362}},"line":16},"7":{"name":"_classCallCheck","decl":{"start":{"line":18,"column":9},"end":{"line":18,"column":24}},"loc":{"start":{"line":18,"column":48},"end":{"line":18,"column":153}},"line":18},"8":{"name":"_defineProperties","decl":{"start":{"line":20,"column":9},"end":{"line":20,"column":26}},"loc":{"start":{"line":20,"column":42},"end":{"line":20,"column":317}},"line":20},"9":{"name":"_createClass","decl":{"start":{"line":22,"column":9},"end":{"line":22,"column":21}},"loc":{"start":{"line":22,"column":60},"end":{"line":22,"column":215}},"line":22},"10":{"name":"(anonymous_10)","decl":{"start":{"line":24,"column":38},"end":{"line":24,"column":39}},"loc":{"start":{"line":24,"column":50},"end":{"line":122,"column":1}},"line":24},"11":{"name":"contactsController","decl":{"start":{"line":25,"column":11},"end":{"line":25,"column":29}},"loc":{"start":{"line":25,"column":32},"end":{"line":27,"column":3}},"line":25},"12":{"name":"(anonymous_12)","decl":{"start":{"line":31,"column":11},"end":{"line":31,"column":12}},"loc":{"start":{"line":31,"column":23},"end":{"line":66,"column":5}},"line":31},"13":{"name":"_callee","decl":{"start":{"line":32,"column":93},"end":{"line":32,"column":100}},"loc":{"start":{"line":32,"column":111},"end":{"line":59,"column":7}},"line":32},"14":{"name":"_callee$","decl":{"start":{"line":34,"column":48},"end":{"line":34,"column":56}},"loc":{"start":{"line":34,"column":67},"end":{"line":58,"column":9}},"line":34},"15":{"name":"contactGetName","decl":{"start":{"line":61,"column":15},"end":{"line":61,"column":29}},"loc":{"start":{"line":61,"column":39},"end":{"line":63,"column":7}},"line":61},"16":{"name":"(anonymous_16)","decl":{"start":{"line":69,"column":11},"end":{"line":69,"column":12}},"loc":{"start":{"line":69,"column":23},"end":{"line":118,"column":5}},"line":69},"17":{"name":"_callee2","decl":{"start":{"line":70,"column":94},"end":{"line":70,"column":102}},"loc":{"start":{"line":70,"column":113},"end":{"line":111,"column":7}},"line":70},"18":{"name":"_callee2$","decl":{"start":{"line":73,"column":48},"end":{"line":73,"column":57}},"loc":{"start":{"line":73,"column":69},"end":{"line":110,"column":9}},"line":73},"19":{"name":"contactPostName","decl":{"start":{"line":113,"column":15},"end":{"line":113,"column":30}},"loc":{"start":{"line":113,"column":41},"end":{"line":115,"column":7}},"line":113}},"branchMap":{"0":{"loc":{"start":{"line":12,"column":46},"end":{"line":12,"column":94}},"type":"cond-expr","locations":[{"start":{"line":12,"column":70},"end":{"line":12,"column":73}},{"start":{"line":12,"column":76},"end":{"line":12,"column":94}}],"line":12},"1":{"loc":{"start":{"line":12,"column":46},"end":{"line":12,"column":67}},"type":"binary-expr","locations":[{"start":{"line":12,"column":46},"end":{"line":12,"column":49}},{"start":{"line":12,"column":53},"end":{"line":12,"column":67}}],"line":12},"2":{"loc":{"start":{"line":14,"column":176},"end":{"line":14,"column":263}},"type":"if","locations":[{"start":{"line":14,"column":176},"end":{"line":14,"column":263}},{"start":{"line":14,"column":176},"end":{"line":14,"column":263}}],"line":14},"3":{"loc":{"start":{"line":18,"column":50},"end":{"line":18,"column":151}},"type":"if","locations":[{"start":{"line":18,"column":50},"end":{"line":18,"column":151}},{"start":{"line":18,"column":50},"end":{"line":18,"column":151}}],"line":18},"4":{"loc":{"start":{"line":20,"column":136},"end":{"line":20,"column":166}},"type":"binary-expr","locations":[{"start":{"line":20,"column":136},"end":{"line":20,"column":157}},{"start":{"line":20,"column":161},"end":{"line":20,"column":166}}],"line":20},"5":{"loc":{"start":{"line":20,"column":200},"end":{"line":20,"column":254}},"type":"if","locations":[{"start":{"line":20,"column":200},"end":{"line":20,"column":254}},{"start":{"line":20,"column":200},"end":{"line":20,"column":254}}],"line":20},"6":{"loc":{"start":{"line":22,"column":62},"end":{"line":22,"column":131}},"type":"if","locations":[{"start":{"line":22,"column":62},"end":{"line":22,"column":131}},{"start":{"line":22,"column":62},"end":{"line":22,"column":131}}],"line":22},"7":{"loc":{"start":{"line":22,"column":132},"end":{"line":22,"column":193}},"type":"if","locations":[{"start":{"line":22,"column":132},"end":{"line":22,"column":193}},{"start":{"line":22,"column":132},"end":{"line":22,"column":193}}],"line":22},"8":{"loc":{"start":{"line":36,"column":12},"end":{"line":56,"column":13}},"type":"switch","locations":[{"start":{"line":37,"column":14},"end":{"line":40,"column":50}},{"start":{"line":42,"column":14},"end":{"line":46,"column":22}},{"start":{"line":48,"column":14},"end":{"line":51,"column":48}},{"start":{"line":53,"column":14},"end":{"line":53,"column":22}},{"start":{"line":54,"column":14},"end":{"line":55,"column":39}}],"line":36},"9":{"loc":{"start":{"line":75,"column":12},"end":{"line":108,"column":13}},"type":"switch","locations":[{"start":{"line":76,"column":14},"end":{"line":92,"column":35}},{"start":{"line":94,"column":14},"end":{"line":98,"column":22}},{"start":{"line":100,"column":14},"end":{"line":103,"column":34}},{"start":{"line":105,"column":14},"end":{"line":105,"column":22}},{"start":{"line":106,"column":14},"end":{"line":107,"column":40}}],"line":75},"10":{"loc":{"start":{"line":79,"column":16},"end":{"line":84,"column":17}},"type":"if","locations":[{"start":{"line":79,"column":16},"end":{"line":84,"column":17}},{"start":{"line":79,"column":16},"end":{"line":84,"column":17}}],"line":79}},"s":{"0":1,"1":1,"2":1,"3":1,"4":2,"5":4,"6":4,"7":3,"8":1,"9":1,"10":3,"11":1,"12":2,"13":2,"14":2,"15":2,"16":2,"17":2,"18":4,"19":0,"20":2,"21":0,"22":0,"23":1,"24":1,"25":2,"26":2,"27":2,"28":2,"29":2,"30":2,"31":1,"32":0,"33":1,"34":1,"35":1,"36":1,"37":0,"38":1,"39":1,"40":1,"41":2,"42":3,"43":1,"44":1,"45":1,"46":1,"47":1,"48":1,"49":1,"50":0,"51":0,"52":0,"53":1,"54":1,"55":1,"56":1,"57":1,"58":4,"59":4,"60":1,"61":1,"62":1,"63":1,"64":1,"65":1,"66":1,"67":1,"68":1,"69":0,"70":0,"71":1,"72":1,"73":1,"74":1,"75":1,"76":1,"77":1,"78":1,"79":1},"f":{"0":2,"1":4,"2":2,"3":2,"4":2,"5":4,"6":0,"7":0,"8":1,"9":1,"10":1,"11":0,"12":1,"13":1,"14":2,"15":1,"16":1,"17":1,"18":4,"19":1},"b":{"0":[1,1],"1":[2,2],"2":[1,2],"3":[0,0],"4":[2,2],"5":[2,0],"6":[0,1],"7":[1,0],"8":[1,1,0,1,1],"9":[1,1,1,0,1],"10":[1,0]},"inputSourceMap":{"version":3,"sources":["contactController.js"],"names":["contactsController","req","res","contact","find","contacts","json","send","body","error","success","message","details","cont","title","save","contact1"],"mappings":";;;;;;;AAAA;;AACA;;;;;;;;;;;;;;IAEMA,kB;;;;;;;;qGAC0BC,G,EAAMC,G;;;;;;;;uBAGHC,oBAAQC,IAAR,E;;;AAAjBC,gBAAAA,Q;AACNH,gBAAAA,GAAG,CAACI,IAAJ,CAASD,QAAT;;;;;;;AAGJH,gBAAAA,GAAG,CAACK,IAAJ,CAAS,qBAAT;;;;;;;;;;;;;;;;;;;uGAGyBN,G,EAAKC,G;;;;;;;qCAEd,yBAAkBD,GAAG,CAACO,IAAtB,C,EAATC,K,sBAAAA,K;;AACP,oBAAIA,KAAJ,EAAU;AACNP,kBAAAA,GAAG,CAACI,IAAJ,CAAS;AACLI,oBAAAA,OAAO,EAAE,CADJ;AAELC,oBAAAA,OAAO,EAAEF,KAAK,CAACG,OAAN,CAAc,CAAd,EAAiBD;AAFrB,mBAAT;AAIH;;AACKE,gBAAAA,I,GAAO,IAAIV,mBAAJ,CAAY;AACrBW,kBAAAA,KAAK,EAAEb,GAAG,CAACO,IAAJ,CAASM,KADK;AAErBH,kBAAAA,OAAO,EAAEV,GAAG,CAACO,IAAJ,CAASG;AAFG,iBAAZ,C;;;uBAKcE,IAAI,CAACE,IAAL,E;;;AAAjBC,gBAAAA,Q;AACNd,gBAAAA,GAAG,CAACI,IAAJ,CAASU,QAAT;;;;;;;AAEAd,gBAAAA,GAAG,CAACK,IAAJ,CAAS,OAAT;;;;;;;;;;;;;;;;;;;;;eAKGP,kB","sourceRoot":"/home/alexis/Andela/MyBrandAlex/server/scr/controller/","sourcesContent":["import contact from '../models/Contact'\nimport contactValidation from \"../validation/contact.validation\";\n\nclass contactsController{\n    static async contactGetName(req , res){\n        try{\n\n            const contacts = await contact.find()\n            res.json(contacts)\n    \n        }catch(err){\n        res.send('error' +err)\n        }\n    }\n    static async contactPostName(req, res){\n\n        const {error} = contactValidation(req.body);\n        if (error){\n            res.json({\n                success: 0,\n                message: error.details[0].message\n            })\n        }\n        const cont = new contact({\n            title: req.body.title,\n            message: req.body.message\n        })\n        try{\n            const contact1 = await cont.save()\n            res.json(contact1)\n        }catch{\n            res.send('Error')\n        }\n    }\n}\n\nexport default contactsController"]},"_coverageSchema":"1a1c01bbd47fc00a2c39e90264f33305004495a9","hash":"3dd2f978bc944b1afb0e3611b0b6853f8553a911","contentHash":"d3ca649e7021113e1aa777fd9a2fb1900d1cd6203497aa0738fe9525c75694f2"},"/home/alexis/Andela/MyBrandAlex/server/scr/validation/contact.validation.js":{"path":"/home/alexis/Andela/MyBrandAlex/server/scr/validation/contact.validation.js","statementMap":{"0":{"start":{"line":3,"column":0},"end":{"line":5,"column":3}},"1":{"start":{"line":6,"column":0},"end":{"line":6,"column":28}},"2":{"start":{"line":8,"column":11},"end":{"line":8,"column":49}},"3":{"start":{"line":10,"column":39},"end":{"line":10,"column":95}},"4":{"start":{"line":12,"column":24},"end":{"line":19,"column":1}},"5":{"start":{"line":13,"column":22},"end":{"line":16,"column":4}},"6":{"start":{"line":18,"column":2},"end":{"line":18,"column":38}},"7":{"start":{"line":21,"column":15},"end":{"line":21,"column":32}},"8":{"start":{"line":22,"column":0},"end":{"line":22,"column":30}}},"fnMap":{"0":{"name":"_interopRequireDefault","decl":{"start":{"line":10,"column":9},"end":{"line":10,"column":31}},"loc":{"start":{"line":10,"column":37},"end":{"line":10,"column":97}},"line":10},"1":{"name":"contactValidation","decl":{"start":{"line":12,"column":33},"end":{"line":12,"column":50}},"loc":{"start":{"line":12,"column":57},"end":{"line":19,"column":1}},"line":12}},"branchMap":{"0":{"loc":{"start":{"line":10,"column":46},"end":{"line":10,"column":94}},"type":"cond-expr","locations":[{"start":{"line":10,"column":70},"end":{"line":10,"column":73}},{"start":{"line":10,"column":76},"end":{"line":10,"column":94}}],"line":10},"1":{"loc":{"start":{"line":10,"column":46},"end":{"line":10,"column":67}},"type":"binary-expr","locations":[{"start":{"line":10,"column":46},"end":{"line":10,"column":49}},{"start":{"line":10,"column":53},"end":{"line":10,"column":67}}],"line":10}},"s":{"0":1,"1":1,"2":1,"3":1,"4":1,"5":1,"6":1,"7":1,"8":1},"f":{"0":1,"1":1},"b":{"0":[0,1],"1":[1,1]},"inputSourceMap":{"version":3,"sources":["contact.validation.js"],"names":["contactValidation","body","contactSchema","joi","object","title","string","required","min","max","content","validate"],"mappings":";;;;;;;AAAA;;;;AAEA,IAAMA,iBAAiB,GAAI,SAArBA,iBAAqB,CAACC,IAAD,EAAU;AACjC,MAAMC,aAAa,GAAGC,gBAAIC,MAAJ,CAAW;AAC7BC,IAAAA,KAAK,EAAEF,gBAAIG,MAAJ,GAAaC,QAAb,GAAwBC,GAAxB,CAA4B,CAA5B,EAA+BC,GAA/B,CAAmC,EAAnC,CADsB;AAE7BC,IAAAA,OAAO,EAAEP,gBAAIG,MAAJ,GAAaC,QAAb,GAAwBC,GAAxB,CAA4B,EAA5B;AAFoB,GAAX,CAAtB;;AAIA,SAAON,aAAa,CAACS,QAAd,CAAuBV,IAAvB,CAAP;AACH,CAND;;eAOeD,iB","sourceRoot":"/home/alexis/Andela/MyBrandAlex/server/scr/validation/","sourcesContent":["import joi from 'joi'\n\nconst contactValidation =  (body) => {\n    const contactSchema = joi.object({\n        title: joi.string().required().min(3).max(20),\n        content: joi.string().required().min(10),\n    })\n    return contactSchema.validate(body)\n}\nexport default contactValidation"]},"_coverageSchema":"1a1c01bbd47fc00a2c39e90264f33305004495a9","hash":"6fa6231fde7e1bd6e97df0cea4a816290a195326","contentHash":"6cd45e48aaf368b20306e457e3f8adffb330fb26c8e0716c0d0fdcf74c5d729f"},"/home/alexis/Andela/MyBrandAlex/server/scr/routes/blogs.js":{"path":"/home/alexis/Andela/MyBrandAlex/server/scr/routes/blogs.js","statementMap":{"0":{"start":{"line":3,"column":0},"end":{"line":5,"column":3}},"1":{"start":{"line":6,"column":0},"end":{"line":6,"column":28}},"2":{"start":{"line":8,"column":15},"end":{"line":8,"column":57}},"3":{"start":{"line":10,"column":22},"end":{"line":10,"column":85}},"4":{"start":{"line":12,"column":39},"end":{"line":12,"column":95}},"5":{"start":{"line":14,"column":13},"end":{"line":14,"column":41}},"6":{"start":{"line":16,"column":0},"end":{"line":16,"column":56}},"7":{"start":{"line":17,"column":0},"end":{"line":17,"column":62}},"8":{"start":{"line":18,"column":0},"end":{"line":18,"column":60}},"9":{"start":{"line":19,"column":0},"end":{"line":19,"column":58}},"10":{"start":{"line":20,"column":0},"end":{"line":20,"column":64}},"11":{"start":{"line":21,"column":15},"end":{"line":21,"column":21}},"12":{"start":{"line":22,"column":0},"end":{"line":22,"column":30}}},"fnMap":{"0":{"name":"_interopRequireDefault","decl":{"start":{"line":12,"column":9},"end":{"line":12,"column":31}},"loc":{"start":{"line":12,"column":37},"end":{"line":12,"column":97}},"line":12}},"branchMap":{"0":{"loc":{"start":{"line":12,"column":46},"end":{"line":12,"column":94}},"type":"cond-expr","locations":[{"start":{"line":12,"column":70},"end":{"line":12,"column":73}},{"start":{"line":12,"column":76},"end":{"line":12,"column":94}}],"line":12},"1":{"loc":{"start":{"line":12,"column":46},"end":{"line":12,"column":67}},"type":"binary-expr","locations":[{"start":{"line":12,"column":46},"end":{"line":12,"column":49}},{"start":{"line":12,"column":53},"end":{"line":12,"column":67}}],"line":12}},"s":{"0":1,"1":1,"2":1,"3":1,"4":2,"5":1,"6":1,"7":1,"8":1,"9":1,"10":1,"11":1,"12":1},"f":{"0":2},"b":{"0":[1,1],"1":[2,2]},"inputSourceMap":{"version":3,"sources":["blogs.js"],"names":["router","express","Router","get","blogController","blogGetName","blogGetOneName","patch","updateBlog","post","blogPostName","deleteBlog"],"mappings":";;;;;;;AAAA;;AACA;;;;AACA,IAAMA,MAAM,GAAGC,oBAAQC,MAAR,EAAf;;AACAF,MAAM,CAACG,GAAP,CAAW,GAAX,EAAgBC,2BAAeC,WAA/B;AACAL,MAAM,CAACG,GAAP,CAAW,MAAX,EAAmBC,2BAAeE,cAAlC;AACAN,MAAM,CAACO,KAAP,CAAa,MAAb,EAAqBH,2BAAeI,UAApC;AACAR,MAAM,CAACS,IAAP,CAAY,GAAZ,EAAiBL,2BAAeM,YAAhC;AACAV,MAAM,UAAN,CAAc,MAAd,EAAsBI,2BAAeO,UAArC;eACeX,M","sourceRoot":"/home/alexis/Andela/MyBrandAlex/server/scr/routes/","sourcesContent":["import express from \"express\"\nimport blogController from '../controller/blogController'\nconst router = express.Router()\nrouter.get('/', blogController.blogGetName )\nrouter.get('/:id', blogController.blogGetOneName )\nrouter.patch('/:id', blogController.updateBlog )\nrouter.post('/', blogController.blogPostName )\nrouter.delete('/:id', blogController.deleteBlog )\nexport default router;"]},"_coverageSchema":"1a1c01bbd47fc00a2c39e90264f33305004495a9","hash":"e26b6b687b7d2ee94980d18d1b5d8cec61a827a2","contentHash":"baf3a0a7aad09b66bcd9f19f2e08faea046ba8025f3476e47c36973d7ee84733"},"/home/alexis/Andela/MyBrandAlex/server/scr/controller/blogController.js":{"path":"/home/alexis/Andela/MyBrandAlex/server/scr/controller/blogController.js","statementMap":{"0":{"start":{"line":3,"column":0},"end":{"line":5,"column":3}},"1":{"start":{"line":6,"column":0},"end":{"line":6,"column":28}},"2":{"start":{"line":8,"column":12},"end":{"line":8,"column":61}},"3":{"start":{"line":10,"column":12},"end":{"line":10,"column":76}},"4":{"start":{"line":12,"column":18},"end":{"line":12,"column":73}},"5":{"start":{"line":14,"column":39},"end":{"line":14,"column":95}},"6":{"start":{"line":16,"column":77},"end":{"line":16,"column":175}},"7":{"start":{"line":16,"column":94},"end":{"line":16,"column":107}},"8":{"start":{"line":16,"column":121},"end":{"line":16,"column":131}},"9":{"start":{"line":16,"column":151},"end":{"line":16,"column":165}},"10":{"start":{"line":16,"column":166},"end":{"line":16,"column":173}},"11":{"start":{"line":16,"column":176},"end":{"line":16,"column":263}},"12":{"start":{"line":16,"column":193},"end":{"line":16,"column":208}},"13":{"start":{"line":16,"column":218},"end":{"line":16,"column":261}},"14":{"start":{"line":18,"column":33},"end":{"line":18,"column":387}},"15":{"start":{"line":18,"column":65},"end":{"line":18,"column":69}},"16":{"start":{"line":18,"column":78},"end":{"line":18,"column":87}},"17":{"start":{"line":18,"column":89},"end":{"line":18,"column":384}},"18":{"start":{"line":18,"column":147},"end":{"line":18,"column":167}},"19":{"start":{"line":18,"column":193},"end":{"line":18,"column":264}},"20":{"start":{"line":18,"column":290},"end":{"line":18,"column":360}},"21":{"start":{"line":18,"column":363},"end":{"line":18,"column":380}},"22":{"start":{"line":20,"column":50},"end":{"line":20,"column":151}},"23":{"start":{"line":20,"column":92},"end":{"line":20,"column":149}},"24":{"start":{"line":22,"column":44},"end":{"line":22,"column":315}},"25":{"start":{"line":22,"column":57},"end":{"line":22,"column":58}},"26":{"start":{"line":22,"column":102},"end":{"line":22,"column":110}},"27":{"start":{"line":22,"column":112},"end":{"line":22,"column":167}},"28":{"start":{"line":22,"column":168},"end":{"line":22,"column":199}},"29":{"start":{"line":22,"column":200},"end":{"line":22,"column":254}},"30":{"start":{"line":22,"column":227},"end":{"line":22,"column":254}},"31":{"start":{"line":22,"column":255},"end":{"line":22,"column":313}},"32":{"start":{"line":24,"column":62},"end":{"line":24,"column":131}},"33":{"start":{"line":24,"column":78},"end":{"line":24,"column":131}},"34":{"start":{"line":24,"column":132},"end":{"line":24,"column":193}},"35":{"start":{"line":24,"column":149},"end":{"line":24,"column":193}},"36":{"start":{"line":24,"column":194},"end":{"line":24,"column":213}},"37":{"start":{"line":26,"column":35},"end":{"line":301,"column":3}},"38":{"start":{"line":28,"column":4},"end":{"line":28,"column":43}},"39":{"start":{"line":31,"column":2},"end":{"line":298,"column":6}},"40":{"start":{"line":34,"column":26},"end":{"line":107,"column":9}},"41":{"start":{"line":37,"column":8},"end":{"line":106,"column":21}},"42":{"start":{"line":38,"column":10},"end":{"line":105,"column":11}},"43":{"start":{"line":39,"column":12},"end":{"line":104,"column":13}},"44":{"start":{"line":41,"column":16},"end":{"line":41,"column":97}},"45":{"start":{"line":43,"column":16},"end":{"line":48,"column":17}},"46":{"start":{"line":44,"column":18},"end":{"line":47,"column":21}},"47":{"start":{"line":51,"column":16},"end":{"line":51,"column":37}},"48":{"start":{"line":52,"column":16},"end":{"line":52,"column":58}},"49":{"start":{"line":54,"column":16},"end":{"line":96,"column":21}},"50":{"start":{"line":58,"column":29},"end":{"line":91,"column":21}},"51":{"start":{"line":60,"column":20},"end":{"line":90,"column":32}},"52":{"start":{"line":61,"column":22},"end":{"line":89,"column":23}},"53":{"start":{"line":62,"column":24},"end":{"line":88,"column":25}},"54":{"start":{"line":64,"column":28},"end":{"line":67,"column":29}},"55":{"start":{"line":65,"column":30},"end":{"line":65,"column":48}},"56":{"start":{"line":66,"column":30},"end":{"line":66,"column":36}},"57":{"start":{"line":69,"column":28},"end":{"line":69,"column":76}},"58":{"start":{"line":73,"column":28},"end":{"line":77,"column":31}},"59":{"start":{"line":78,"column":28},"end":{"line":78,"column":46}},"60":{"start":{"line":79,"column":28},"end":{"line":79,"column":46}},"61":{"start":{"line":82,"column":28},"end":{"line":82,"column":50}},"62":{"start":{"line":83,"column":28},"end":{"line":83,"column":44}},"63":{"start":{"line":87,"column":28},"end":{"line":87,"column":51}},"64":{"start":{"line":93,"column":18},"end":{"line":95,"column":20}},"65":{"start":{"line":94,"column":20},"end":{"line":94,"column":55}},"66":{"start":{"line":103,"column":16},"end":{"line":103,"column":40}},"67":{"start":{"line":110,"column":8},"end":{"line":110,"column":52}},"68":{"start":{"line":113,"column":6},"end":{"line":113,"column":26}},"69":{"start":{"line":118,"column":25},"end":{"line":145,"column":9}},"70":{"start":{"line":120,"column":8},"end":{"line":144,"column":37}},"71":{"start":{"line":121,"column":10},"end":{"line":143,"column":11}},"72":{"start":{"line":122,"column":12},"end":{"line":142,"column":13}},"73":{"start":{"line":124,"column":16},"end":{"line":124,"column":35}},"74":{"start":{"line":125,"column":16},"end":{"line":125,"column":35}},"75":{"start":{"line":126,"column":16},"end":{"line":126,"column":47}},"76":{"start":{"line":129,"column":16},"end":{"line":129,"column":39}},"77":{"start":{"line":130,"column":16},"end":{"line":130,"column":32}},"78":{"start":{"line":131,"column":16},"end":{"line":131,"column":36}},"79":{"start":{"line":132,"column":16},"end":{"line":132,"column":22}},"80":{"start":{"line":135,"column":16},"end":{"line":135,"column":35}},"81":{"start":{"line":136,"column":16},"end":{"line":136,"column":53}},"82":{"start":{"line":137,"column":16},"end":{"line":137,"column":49}},"83":{"start":{"line":141,"column":16},"end":{"line":141,"column":40}},"84":{"start":{"line":148,"column":8},"end":{"line":148,"column":51}},"85":{"start":{"line":151,"column":6},"end":{"line":151,"column":25}},"86":{"start":{"line":156,"column":28},"end":{"line":183,"column":9}},"87":{"start":{"line":158,"column":8},"end":{"line":182,"column":37}},"88":{"start":{"line":159,"column":10},"end":{"line":181,"column":11}},"89":{"start":{"line":160,"column":12},"end":{"line":180,"column":13}},"90":{"start":{"line":162,"column":16},"end":{"line":162,"column":35}},"91":{"start":{"line":163,"column":16},"end":{"line":163,"column":35}},"92":{"start":{"line":164,"column":16},"end":{"line":164,"column":64}},"93":{"start":{"line":167,"column":16},"end":{"line":167,"column":39}},"94":{"start":{"line":168,"column":16},"end":{"line":168,"column":32}},"95":{"start":{"line":169,"column":16},"end":{"line":169,"column":36}},"96":{"start":{"line":170,"column":16},"end":{"line":170,"column":22}},"97":{"start":{"line":173,"column":16},"end":{"line":173,"column":35}},"98":{"start":{"line":174,"column":16},"end":{"line":174,"column":53}},"99":{"start":{"line":175,"column":16},"end":{"line":175,"column":49}},"100":{"start":{"line":179,"column":16},"end":{"line":179,"column":40}},"101":{"start":{"line":186,"column":8},"end":{"line":186,"column":54}},"102":{"start":{"line":189,"column":6},"end":{"line":189,"column":28}},"103":{"start":{"line":194,"column":24},"end":{"line":238,"column":9}},"104":{"start":{"line":196,"column":8},"end":{"line":237,"column":38}},"105":{"start":{"line":197,"column":10},"end":{"line":236,"column":11}},"106":{"start":{"line":198,"column":12},"end":{"line":235,"column":13}},"107":{"start":{"line":200,"column":16},"end":{"line":200,"column":35}},"108":{"start":{"line":201,"column":16},"end":{"line":201,"column":35}},"109":{"start":{"line":202,"column":16},"end":{"line":202,"column":64}},"110":{"start":{"line":205,"column":16},"end":{"line":205,"column":39}},"111":{"start":{"line":207,"column":16},"end":{"line":210,"column":17}},"112":{"start":{"line":208,"column":18},"end":{"line":208,"column":37}},"113":{"start":{"line":209,"column":18},"end":{"line":209,"column":24}},"114":{"start":{"line":212,"column":16},"end":{"line":212,"column":87}},"115":{"start":{"line":215,"column":16},"end":{"line":215,"column":45}},"116":{"start":{"line":216,"column":16},"end":{"line":216,"column":65}},"117":{"start":{"line":217,"column":16},"end":{"line":217,"column":57}},"118":{"start":{"line":218,"column":16},"end":{"line":218,"column":36}},"119":{"start":{"line":219,"column":16},"end":{"line":219,"column":36}},"120":{"start":{"line":222,"column":16},"end":{"line":222,"column":40}},"121":{"start":{"line":223,"column":16},"end":{"line":223,"column":33}},"122":{"start":{"line":224,"column":16},"end":{"line":224,"column":36}},"123":{"start":{"line":225,"column":16},"end":{"line":225,"column":22}},"124":{"start":{"line":228,"column":16},"end":{"line":228,"column":36}},"125":{"start":{"line":229,"column":16},"end":{"line":229,"column":53}},"126":{"start":{"line":230,"column":16},"end":{"line":230,"column":72}},"127":{"start":{"line":234,"column":16},"end":{"line":234,"column":40}},"128":{"start":{"line":241,"column":8},"end":{"line":241,"column":50}},"129":{"start":{"line":244,"column":6},"end":{"line":244,"column":24}},"130":{"start":{"line":249,"column":24},"end":{"line":290,"column":9}},"131":{"start":{"line":251,"column":8},"end":{"line":289,"column":38}},"132":{"start":{"line":252,"column":10},"end":{"line":288,"column":11}},"133":{"start":{"line":253,"column":12},"end":{"line":287,"column":13}},"134":{"start":{"line":255,"column":16},"end":{"line":255,"column":35}},"135":{"start":{"line":256,"column":16},"end":{"line":256,"column":35}},"136":{"start":{"line":257,"column":16},"end":{"line":257,"column":64}},"137":{"start":{"line":260,"column":16},"end":{"line":260,"column":39}},"138":{"start":{"line":262,"column":16},"end":{"line":265,"column":17}},"139":{"start":{"line":263,"column":18},"end":{"line":263,"column":37}},"140":{"start":{"line":264,"column":18},"end":{"line":264,"column":24}},"141":{"start":{"line":267,"column":16},"end":{"line":267,"column":87}},"142":{"start":{"line":270,"column":16},"end":{"line":270,"column":35}},"143":{"start":{"line":271,"column":16},"end":{"line":271,"column":41}},"144":{"start":{"line":274,"column":16},"end":{"line":274,"column":40}},"145":{"start":{"line":275,"column":16},"end":{"line":275,"column":33}},"146":{"start":{"line":276,"column":16},"end":{"line":276,"column":36}},"147":{"start":{"line":277,"column":16},"end":{"line":277,"column":22}},"148":{"start":{"line":280,"column":16},"end":{"line":280,"column":36}},"149":{"start":{"line":281,"column":16},"end":{"line":281,"column":53}},"150":{"start":{"line":282,"column":16},"end":{"line":282,"column":72}},"151":{"start":{"line":286,"column":16},"end":{"line":286,"column":40}},"152":{"start":{"line":293,"column":8},"end":{"line":293,"column":50}},"153":{"start":{"line":296,"column":6},"end":{"line":296,"column":24}},"154":{"start":{"line":300,"column":2},"end":{"line":300,"column":25}},"155":{"start":{"line":303,"column":15},"end":{"line":303,"column":30}},"156":{"start":{"line":304,"column":0},"end":{"line":304,"column":30}}},"fnMap":{"0":{"name":"_interopRequireDefault","decl":{"start":{"line":14,"column":9},"end":{"line":14,"column":31}},"loc":{"start":{"line":14,"column":37},"end":{"line":14,"column":97}},"line":14},"1":{"name":"asyncGeneratorStep","decl":{"start":{"line":16,"column":9},"end":{"line":16,"column":27}},"loc":{"start":{"line":16,"column":75},"end":{"line":16,"column":265}},"line":16},"2":{"name":"_asyncToGenerator","decl":{"start":{"line":18,"column":9},"end":{"line":18,"column":26}},"loc":{"start":{"line":18,"column":31},"end":{"line":18,"column":389}},"line":18},"3":{"name":"(anonymous_3)","decl":{"start":{"line":18,"column":40},"end":{"line":18,"column":41}},"loc":{"start":{"line":18,"column":52},"end":{"line":18,"column":386}},"line":18},"4":{"name":"(anonymous_4)","decl":{"start":{"line":18,"column":108},"end":{"line":18,"column":109}},"loc":{"start":{"line":18,"column":135},"end":{"line":18,"column":382}},"line":18},"5":{"name":"_next","decl":{"start":{"line":18,"column":178},"end":{"line":18,"column":183}},"loc":{"start":{"line":18,"column":191},"end":{"line":18,"column":266}},"line":18},"6":{"name":"_throw","decl":{"start":{"line":18,"column":276},"end":{"line":18,"column":282}},"loc":{"start":{"line":18,"column":288},"end":{"line":18,"column":362}},"line":18},"7":{"name":"_classCallCheck","decl":{"start":{"line":20,"column":9},"end":{"line":20,"column":24}},"loc":{"start":{"line":20,"column":48},"end":{"line":20,"column":153}},"line":20},"8":{"name":"_defineProperties","decl":{"start":{"line":22,"column":9},"end":{"line":22,"column":26}},"loc":{"start":{"line":22,"column":42},"end":{"line":22,"column":317}},"line":22},"9":{"name":"_createClass","decl":{"start":{"line":24,"column":9},"end":{"line":24,"column":21}},"loc":{"start":{"line":24,"column":60},"end":{"line":24,"column":215}},"line":24},"10":{"name":"(anonymous_10)","decl":{"start":{"line":26,"column":35},"end":{"line":26,"column":36}},"loc":{"start":{"line":26,"column":47},"end":{"line":301,"column":1}},"line":26},"11":{"name":"blogsController","decl":{"start":{"line":27,"column":11},"end":{"line":27,"column":26}},"loc":{"start":{"line":27,"column":29},"end":{"line":29,"column":3}},"line":27},"12":{"name":"(anonymous_12)","decl":{"start":{"line":33,"column":11},"end":{"line":33,"column":12}},"loc":{"start":{"line":33,"column":23},"end":{"line":114,"column":5}},"line":33},"13":{"name":"_callee2","decl":{"start":{"line":34,"column":91},"end":{"line":34,"column":99}},"loc":{"start":{"line":34,"column":110},"end":{"line":107,"column":7}},"line":34},"14":{"name":"_callee2$","decl":{"start":{"line":37,"column":48},"end":{"line":37,"column":57}},"loc":{"start":{"line":37,"column":69},"end":{"line":106,"column":9}},"line":37},"15":{"name":"(anonymous_15)","decl":{"start":{"line":57,"column":32},"end":{"line":57,"column":33}},"loc":{"start":{"line":57,"column":44},"end":{"line":96,"column":17}},"line":57},"16":{"name":"_callee","decl":{"start":{"line":58,"column":94},"end":{"line":58,"column":101}},"loc":{"start":{"line":58,"column":114},"end":{"line":91,"column":19}},"line":58},"17":{"name":"_callee$","decl":{"start":{"line":60,"column":60},"end":{"line":60,"column":68}},"loc":{"start":{"line":60,"column":79},"end":{"line":90,"column":21}},"line":60},"18":{"name":"(anonymous_18)","decl":{"start":{"line":93,"column":25},"end":{"line":93,"column":26}},"loc":{"start":{"line":93,"column":45},"end":{"line":95,"column":19}},"line":93},"19":{"name":"blogPostName","decl":{"start":{"line":109,"column":15},"end":{"line":109,"column":27}},"loc":{"start":{"line":109,"column":37},"end":{"line":111,"column":7}},"line":109},"20":{"name":"(anonymous_20)","decl":{"start":{"line":117,"column":11},"end":{"line":117,"column":12}},"loc":{"start":{"line":117,"column":23},"end":{"line":152,"column":5}},"line":117},"21":{"name":"_callee3","decl":{"start":{"line":118,"column":90},"end":{"line":118,"column":98}},"loc":{"start":{"line":118,"column":109},"end":{"line":145,"column":7}},"line":118},"22":{"name":"_callee3$","decl":{"start":{"line":120,"column":48},"end":{"line":120,"column":57}},"loc":{"start":{"line":120,"column":69},"end":{"line":144,"column":9}},"line":120},"23":{"name":"blogGetName","decl":{"start":{"line":147,"column":15},"end":{"line":147,"column":26}},"loc":{"start":{"line":147,"column":37},"end":{"line":149,"column":7}},"line":147},"24":{"name":"(anonymous_24)","decl":{"start":{"line":155,"column":11},"end":{"line":155,"column":12}},"loc":{"start":{"line":155,"column":23},"end":{"line":190,"column":5}},"line":155},"25":{"name":"_callee4","decl":{"start":{"line":156,"column":93},"end":{"line":156,"column":101}},"loc":{"start":{"line":156,"column":112},"end":{"line":183,"column":7}},"line":156},"26":{"name":"_callee4$","decl":{"start":{"line":158,"column":48},"end":{"line":158,"column":57}},"loc":{"start":{"line":158,"column":69},"end":{"line":182,"column":9}},"line":158},"27":{"name":"blogGetOneName","decl":{"start":{"line":185,"column":15},"end":{"line":185,"column":29}},"loc":{"start":{"line":185,"column":40},"end":{"line":187,"column":7}},"line":185},"28":{"name":"(anonymous_28)","decl":{"start":{"line":193,"column":11},"end":{"line":193,"column":12}},"loc":{"start":{"line":193,"column":23},"end":{"line":245,"column":5}},"line":193},"29":{"name":"_callee5","decl":{"start":{"line":194,"column":89},"end":{"line":194,"column":97}},"loc":{"start":{"line":194,"column":108},"end":{"line":238,"column":7}},"line":194},"30":{"name":"_callee5$","decl":{"start":{"line":196,"column":48},"end":{"line":196,"column":57}},"loc":{"start":{"line":196,"column":69},"end":{"line":237,"column":9}},"line":196},"31":{"name":"updateBlog","decl":{"start":{"line":240,"column":15},"end":{"line":240,"column":25}},"loc":{"start":{"line":240,"column":37},"end":{"line":242,"column":7}},"line":240},"32":{"name":"(anonymous_32)","decl":{"start":{"line":248,"column":11},"end":{"line":248,"column":12}},"loc":{"start":{"line":248,"column":23},"end":{"line":297,"column":5}},"line":248},"33":{"name":"_callee6","decl":{"start":{"line":249,"column":89},"end":{"line":249,"column":97}},"loc":{"start":{"line":249,"column":108},"end":{"line":290,"column":7}},"line":249},"34":{"name":"_callee6$","decl":{"start":{"line":251,"column":48},"end":{"line":251,"column":57}},"loc":{"start":{"line":251,"column":69},"end":{"line":289,"column":9}},"line":251},"35":{"name":"deleteBlog","decl":{"start":{"line":292,"column":15},"end":{"line":292,"column":25}},"loc":{"start":{"line":292,"column":38},"end":{"line":294,"column":7}},"line":292}},"branchMap":{"0":{"loc":{"start":{"line":14,"column":46},"end":{"line":14,"column":94}},"type":"cond-expr","locations":[{"start":{"line":14,"column":70},"end":{"line":14,"column":73}},{"start":{"line":14,"column":76},"end":{"line":14,"column":94}}],"line":14},"1":{"loc":{"start":{"line":14,"column":46},"end":{"line":14,"column":67}},"type":"binary-expr","locations":[{"start":{"line":14,"column":46},"end":{"line":14,"column":49}},{"start":{"line":14,"column":53},"end":{"line":14,"column":67}}],"line":14},"2":{"loc":{"start":{"line":16,"column":176},"end":{"line":16,"column":263}},"type":"if","locations":[{"start":{"line":16,"column":176},"end":{"line":16,"column":263}},{"start":{"line":16,"column":176},"end":{"line":16,"column":263}}],"line":16},"3":{"loc":{"start":{"line":20,"column":50},"end":{"line":20,"column":151}},"type":"if","locations":[{"start":{"line":20,"column":50},"end":{"line":20,"column":151}},{"start":{"line":20,"column":50},"end":{"line":20,"column":151}}],"line":20},"4":{"loc":{"start":{"line":22,"column":136},"end":{"line":22,"column":166}},"type":"binary-expr","locations":[{"start":{"line":22,"column":136},"end":{"line":22,"column":157}},{"start":{"line":22,"column":161},"end":{"line":22,"column":166}}],"line":22},"5":{"loc":{"start":{"line":22,"column":200},"end":{"line":22,"column":254}},"type":"if","locations":[{"start":{"line":22,"column":200},"end":{"line":22,"column":254}},{"start":{"line":22,"column":200},"end":{"line":22,"column":254}}],"line":22},"6":{"loc":{"start":{"line":24,"column":62},"end":{"line":24,"column":131}},"type":"if","locations":[{"start":{"line":24,"column":62},"end":{"line":24,"column":131}},{"start":{"line":24,"column":62},"end":{"line":24,"column":131}}],"line":24},"7":{"loc":{"start":{"line":24,"column":132},"end":{"line":24,"column":193}},"type":"if","locations":[{"start":{"line":24,"column":132},"end":{"line":24,"column":193}},{"start":{"line":24,"column":132},"end":{"line":24,"column":193}}],"line":24},"8":{"loc":{"start":{"line":39,"column":12},"end":{"line":104,"column":13}},"type":"switch","locations":[{"start":{"line":40,"column":14},"end":{"line":96,"column":21}},{"start":{"line":101,"column":14},"end":{"line":101,"column":21}},{"start":{"line":102,"column":14},"end":{"line":103,"column":40}}],"line":39},"9":{"loc":{"start":{"line":43,"column":16},"end":{"line":48,"column":17}},"type":"if","locations":[{"start":{"line":43,"column":16},"end":{"line":48,"column":17}},{"start":{"line":43,"column":16},"end":{"line":48,"column":17}}],"line":43},"10":{"loc":{"start":{"line":62,"column":24},"end":{"line":88,"column":25}},"type":"switch","locations":[{"start":{"line":63,"column":26},"end":{"line":69,"column":76}},{"start":{"line":71,"column":26},"end":{"line":79,"column":46}},{"start":{"line":81,"column":26},"end":{"line":83,"column":44}},{"start":{"line":85,"column":26},"end":{"line":85,"column":33}},{"start":{"line":86,"column":26},"end":{"line":87,"column":51}}],"line":62},"11":{"loc":{"start":{"line":64,"column":28},"end":{"line":67,"column":29}},"type":"if","locations":[{"start":{"line":64,"column":28},"end":{"line":67,"column":29}},{"start":{"line":64,"column":28},"end":{"line":67,"column":29}}],"line":64},"12":{"loc":{"start":{"line":122,"column":12},"end":{"line":142,"column":13}},"type":"switch","locations":[{"start":{"line":123,"column":14},"end":{"line":126,"column":47}},{"start":{"line":128,"column":14},"end":{"line":132,"column":22}},{"start":{"line":134,"column":14},"end":{"line":137,"column":49}},{"start":{"line":139,"column":14},"end":{"line":139,"column":22}},{"start":{"line":140,"column":14},"end":{"line":141,"column":40}}],"line":122},"13":{"loc":{"start":{"line":160,"column":12},"end":{"line":180,"column":13}},"type":"switch","locations":[{"start":{"line":161,"column":14},"end":{"line":164,"column":64}},{"start":{"line":166,"column":14},"end":{"line":170,"column":22}},{"start":{"line":172,"column":14},"end":{"line":175,"column":49}},{"start":{"line":177,"column":14},"end":{"line":177,"column":22}},{"start":{"line":178,"column":14},"end":{"line":179,"column":40}}],"line":160},"14":{"loc":{"start":{"line":198,"column":12},"end":{"line":235,"column":13}},"type":"switch","locations":[{"start":{"line":199,"column":14},"end":{"line":202,"column":64}},{"start":{"line":204,"column":14},"end":{"line":212,"column":87}},{"start":{"line":214,"column":14},"end":{"line":219,"column":36}},{"start":{"line":221,"column":14},"end":{"line":225,"column":22}},{"start":{"line":227,"column":14},"end":{"line":230,"column":72}},{"start":{"line":232,"column":14},"end":{"line":232,"column":22}},{"start":{"line":233,"column":14},"end":{"line":234,"column":40}}],"line":198},"15":{"loc":{"start":{"line":207,"column":16},"end":{"line":210,"column":17}},"type":"if","locations":[{"start":{"line":207,"column":16},"end":{"line":210,"column":17}},{"start":{"line":207,"column":16},"end":{"line":210,"column":17}}],"line":207},"16":{"loc":{"start":{"line":253,"column":12},"end":{"line":287,"column":13}},"type":"switch","locations":[{"start":{"line":254,"column":14},"end":{"line":257,"column":64}},{"start":{"line":259,"column":14},"end":{"line":267,"column":87}},{"start":{"line":269,"column":14},"end":{"line":271,"column":41}},{"start":{"line":273,"column":14},"end":{"line":277,"column":22}},{"start":{"line":279,"column":14},"end":{"line":282,"column":72}},{"start":{"line":284,"column":14},"end":{"line":284,"column":22}},{"start":{"line":285,"column":14},"end":{"line":286,"column":40}}],"line":253},"17":{"loc":{"start":{"line":262,"column":16},"end":{"line":265,"column":17}},"type":"if","locations":[{"start":{"line":262,"column":16},"end":{"line":265,"column":17}},{"start":{"line":262,"column":16},"end":{"line":265,"column":17}}],"line":262}},"s":{"0":1,"1":1,"2":1,"3":1,"4":1,"5":3,"6":10,"7":10,"8":10,"9":0,"10":0,"11":10,"12":5,"13":5,"14":6,"15":5,"16":5,"17":5,"18":5,"19":10,"20":0,"21":5,"22":0,"23":0,"24":1,"25":1,"26":5,"27":5,"28":5,"29":5,"30":5,"31":5,"32":1,"33":0,"34":1,"35":1,"36":1,"37":1,"38":0,"39":1,"40":1,"41":1,"42":1,"43":1,"44":1,"45":1,"46":0,"47":1,"48":1,"49":1,"50":1,"51":1,"52":2,"53":3,"54":1,"55":1,"56":1,"57":0,"58":1,"59":1,"60":1,"61":1,"62":1,"63":1,"64":1,"65":1,"66":1,"67":1,"68":1,"69":1,"70":1,"71":2,"72":3,"73":1,"74":1,"75":1,"76":1,"77":1,"78":1,"79":1,"80":0,"81":0,"82":0,"83":1,"84":1,"85":1,"86":1,"87":1,"88":2,"89":3,"90":1,"91":1,"92":1,"93":1,"94":1,"95":1,"96":1,"97":0,"98":0,"99":0,"100":1,"101":1,"102":1,"103":1,"104":0,"105":0,"106":0,"107":0,"108":0,"109":0,"110":0,"111":0,"112":0,"113":0,"114":0,"115":0,"116":0,"117":0,"118":0,"119":0,"120":0,"121":0,"122":0,"123":0,"124":0,"125":0,"126":0,"127":0,"128":0,"129":1,"130":1,"131":1,"132":3,"133":5,"134":1,"135":1,"136":1,"137":1,"138":1,"139":1,"140":1,"141":0,"142":1,"143":1,"144":1,"145":1,"146":1,"147":1,"148":0,"149":0,"150":0,"151":1,"152":1,"153":1,"154":1,"155":1,"156":1},"f":{"0":3,"1":10,"2":6,"3":5,"4":5,"5":10,"6":0,"7":0,"8":1,"9":1,"10":1,"11":0,"12":1,"13":1,"14":1,"15":1,"16":1,"17":2,"18":1,"19":1,"20":1,"21":1,"22":2,"23":1,"24":1,"25":1,"26":2,"27":1,"28":1,"29":0,"30":0,"31":0,"32":1,"33":1,"34":3,"35":1},"b":{"0":[2,1],"1":[3,3],"2":[5,5],"3":[0,0],"4":[5,5],"5":[5,0],"6":[0,1],"7":[1,0],"8":[1,1,1],"9":[0,1],"10":[1,1,1,1,1],"11":[1,0],"12":[1,1,0,1,1],"13":[1,1,0,1,1],"14":[0,0,0,0,0,0,0],"15":[0,0],"16":[1,1,1,1,0,1,1],"17":[1,0]},"inputSourceMap":{"version":3,"sources":["blogController.js"],"names":["blogsController","req","res","body","error","json","success","message","details","path","file","uniqueFilename","Date","toISOString","cloudinary","uploader","upload","public_id","tags","err","image","send","blo","blog","title","blogDescription","blogPicture","url","save","blog1","find","blogs","findById","params","id","blogup","deleteOne"],"mappings":";;;;;;;AAAA;;AACA;;AACA;;;;;;;;;;;;;;IACMA,e;;;;;;;;oGACsBC,G,EAAKC,G;;;;;;;kCACX,sBAAeD,GAAG,CAACE,IAAnB,C,EAAVC,K,mBAAAA,K;;AACR,oBAAIA,KAAJ,EAAW;AACTF,kBAAAA,GAAG,CAACG,IAAJ,CAAS;AACPC,oBAAAA,OAAO,EAAE,CADF;AAEPC,oBAAAA,OAAO,EAAEH,KAAK,CAACI,OAAN,CAAc,CAAd,EAAiBD;AAFnB,mBAAT;AAID,iB,CAED;;;AAEME,gBAAAA,I,GAAOR,GAAG,CAACS,IAAJ,CAASD,I;AAChBE,gBAAAA,c,GAAiB,IAAIC,IAAJ,GAAWC,WAAX,E;;AACvBC,uCAAWC,QAAX,CAAoBC,MAApB,CACEP,IADF,EAEE;AAAEQ,kBAAAA,SAAS,iBAAUN,cAAV,CAAX;AAAuCO,kBAAAA,IAAI;AAA3C,iBAFF;AAAA,qFAGE,iBAAOC,GAAP,EAAYC,KAAZ;AAAA;AAAA;AAAA;AAAA;AAAA;AAAA,iCACMD,GADN;AAAA;AAAA;AAAA;;AAAA,6DACkBjB,GAAG,CAACmB,IAAJ,CAASF,GAAT,CADlB;;AAAA;AAEE;AAEMG,4BAAAA,GAJR,GAIc,IAAIC,gBAAJ,CAAS;AACnBC,8BAAAA,KAAK,EAAEvB,GAAG,CAACE,IAAJ,CAASqB,KADG;AAEnBC,8BAAAA,eAAe,EAAExB,GAAG,CAACE,IAAJ,CAASsB,eAFP;AAGnBC,8BAAAA,WAAW,EAAEN,KAAK,CAACO;AAHA,6BAAT,CAJd;AAAA;AAAA,mCAUsBL,GAAG,CAACM,IAAJ,EAVtB;;AAAA;AAUQC,4BAAAA,KAVR;AAWE3B,4BAAAA,GAAG,CAACG,IAAJ,CAASwB,KAAT;;AAXF;AAAA;AAAA;AAAA;AAAA;AAAA;AAAA,mBAHF;;AAAA;AAAA;AAAA;AAAA,qB,CAiBA;AACA;AACA;;;;;;;;;;;;;;;;;;;;mGAGuB5B,G,EAAKC,G;;;;;;;;uBAENqB,iBAAKO,IAAL,E;;;AAAdC,gBAAAA,K;AACN7B,gBAAAA,GAAG,CAACG,IAAJ,CAAS0B,KAAT;;;;;;;AAEA7B,gBAAAA,GAAG,CAACmB,IAAJ,CAAS,sBAAT;;;;;;;;;;;;;;;;;;;sGAIwBpB,G,EAAKC,G;;;;;;;;uBAETqB,iBAAKS,QAAL,CAAc/B,GAAG,CAACgC,MAAJ,CAAWC,EAAzB,C;;;AAAdH,gBAAAA,K;AACN7B,gBAAAA,GAAG,CAACG,IAAJ,CAAS0B,KAAT;;;;;;;AAEA7B,gBAAAA,GAAG,CAACmB,IAAJ,CAAS,sBAAT;;;;;;;;;;;;;;;;;;;kGAIoBpB,G,EAAKC,G;;;;;;;;uBAELqB,iBAAKS,QAAL,CAAc/B,GAAG,CAACgC,MAAJ,CAAWC,EAAzB,C;;;AAAdH,gBAAAA,K;;oBACDA,K;;;;;mDAAc7B,GAAG,EAAE,GAAF,EAAO,uB;;;AAE7B6B,gBAAAA,KAAK,CAACP,KAAN,GAAcvB,GAAG,CAACE,IAAJ,CAASqB,KAAvB;AAEAO,gBAAAA,KAAK,CAACN,eAAN,GAAwBxB,GAAG,CAACE,IAAJ,CAASsB,eAAjC;AAEAM,gBAAAA,KAAK,CAACL,WAAN,GAAoBzB,GAAG,CAACE,IAAJ,CAASuB,WAA7B;;uBACqBK,KAAK,CAACH,IAAN,E;;;AAAfO,gBAAAA,M;AACNjC,gBAAAA,GAAG,CAACG,IAAJ,CAAS8B,MAAT;;;;;;;mDAEOjC,GAAG,EAAE,GAAF,EAAO,Q;;;;;;;;;;;;;;;;;;;kGAIGD,G,EAAKC,G;;;;;;;;uBAELqB,iBAAKS,QAAL,CAAc/B,GAAG,CAACgC,MAAJ,CAAWC,EAAzB,C;;;AAAdH,gBAAAA,K;;oBACDA,K;;;;;mDAAc7B,GAAG,EAAE,GAAF,EAAO,uB;;;;uBACR6B,KAAK,CAACK,SAAN,E;;;AAAfD,gBAAAA,M;AACNjC,gBAAAA,GAAG,CAACG,IAAJ,CAAS8B,MAAT;;;;;;;mDAEOjC,GAAG,EAAE,GAAF,EAAO,Q;;;;;;;;;;;;;;;;;;;;;eAKRF,e","sourceRoot":"/home/alexis/Andela/MyBrandAlex/server/scr/controller/","sourcesContent":["import blog from '../models/Blog'\nimport blogValidation from \"../validation/blog.validation\"\nimport cloudinary from \"../config/cloudinary\"\nclass blogsController {\n  static async blogPostName(req, res) {\n    const { error } = blogValidation(req.body);\n    if (error) {\n      res.json({\n        success: 0,\n        message: error.details[0].message,\n      });\n    }\n\n    // try{\n\n    const path = req.file.path;\n    const uniqueFilename = new Date().toISOString();\n    cloudinary.uploader.upload(\n      path,\n      { public_id: `blog/${uniqueFilename}`, tags: `blog` },\n      async (err, image) => {\n        if (err) return res.send(err);\n        // console.log(image)\n\n        const blo = new blog({\n          title: req.body.title,\n          blogDescription: req.body.blogDescription,\n          blogPicture: image.url,\n        });\n\n        const blog1 = await blo.save();\n        res.json(blog1);\n      }\n    );\n    // }catch{\n    //     res.send('Error')\n    // }\n  }\n\n  static async blogGetName(req, res) {\n    try {\n      const blogs = await blog.find();\n      res.json(blogs);\n    } catch (err) {\n      res.send(\"error\" + err);\n    }\n  }\n\n  static async blogGetOneName(req, res) {\n    try {\n      const blogs = await blog.findById(req.params.id);\n      res.json(blogs);\n    } catch (err) {\n      res.send(\"error\" + err);\n    }\n  }\n\n  static async updateBlog(req, res) {\n    try {\n      const blogs = await blog.findById(req.params.id);\n      if (!blogs) return res, 404, \"doesn't find one blog\";\n\n      blogs.title = req.body.title;\n\n      blogs.blogDescription = req.body.blogDescription;\n\n      blogs.blogPicture = req.body.blogPicture;\n      const blogup = await blogs.save();\n      res.json(blogup);\n    } catch (e) {\n      return res, 404, \" fails\";\n    }\n  }\n\n  static async deleteBlog(req, res) {\n    try {\n      const blogs = await blog.findById(req.params.id);\n      if (!blogs) return res, 404, \"doesn't find one blog\";\n      const blogup = await blogs.deleteOne();\n      res.json(blogup);\n    } catch (e) {\n      return res, 404, \" fails\";\n    }\n  }\n}\n\nexport default blogsController"]},"_coverageSchema":"1a1c01bbd47fc00a2c39e90264f33305004495a9","hash":"156d10d925bf1d2d404d785d26714452baa3d2ce","contentHash":"3a4b82c515e9c4ed3325d934d81e8dba66769ce3b0b546549005ce14234019bc"},"/home/alexis/Andela/MyBrandAlex/server/scr/models/Blog.js":{"path":"/home/alexis/Andela/MyBrandAlex/server/scr/models/Blog.js","statementMap":{"0":{"start":{"line":3,"column":16},"end":{"line":3,"column":59}},"1":{"start":{"line":5,"column":39},"end":{"line":5,"column":95}},"2":{"start":{"line":7,"column":17},"end":{"line":17,"column":2}},"3":{"start":{"line":18,"column":0},"end":{"line":18,"column":64}}},"fnMap":{"0":{"name":"_interopRequireDefault","decl":{"start":{"line":5,"column":9},"end":{"line":5,"column":31}},"loc":{"start":{"line":5,"column":37},"end":{"line":5,"column":97}},"line":5}},"branchMap":{"0":{"loc":{"start":{"line":5,"column":46},"end":{"line":5,"column":94}},"type":"cond-expr","locations":[{"start":{"line":5,"column":70},"end":{"line":5,"column":73}},{"start":{"line":5,"column":76},"end":{"line":5,"column":94}}],"line":5},"1":{"loc":{"start":{"line":5,"column":46},"end":{"line":5,"column":67}},"type":"binary-expr","locations":[{"start":{"line":5,"column":46},"end":{"line":5,"column":49}},{"start":{"line":5,"column":53},"end":{"line":5,"column":67}}],"line":5}},"s":{"0":1,"1":1,"2":1,"3":1},"f":{"0":1},"b":{"0":[0,1],"1":[1,1]},"inputSourceMap":{"version":3,"sources":["Blog.js"],"names":["blogSchema","mongoose","Schema","title","type","String","blogDescription","blogPicture","module","exports","model"],"mappings":";;AAAA;;;;AACA,IAAMA,UAAU,GAAG,IAAIC,qBAASC,MAAb,CAAoB;AAEnCC,EAAAA,KAAK,EAAE;AACHC,IAAAA,IAAI,EAAEC;AADH,GAF4B;AAKnCC,EAAAA,eAAe,EAAE;AACbF,IAAAA,IAAI,EAAEC;AADO,GALkB;AAQnCE,EAAAA,WAAW,EAAE;AACTH,IAAAA,IAAI,EAAEC;AADG;AARsB,CAApB,CAAnB;AAaAG,MAAM,CAACC,OAAP,GAAiBR,qBAASS,KAAT,CAAe,MAAf,EAAuBV,UAAvB,CAAjB","sourceRoot":"/home/alexis/Andela/MyBrandAlex/server/scr/models/","sourcesContent":["import mongoose from 'mongoose'\nconst blogSchema = new mongoose.Schema({\n\n    title: {\n        type: String\n    },\n    blogDescription: {\n        type: String\n    },\n    blogPicture: {\n        type: String\n    }\n})\n\nmodule.exports = mongoose.model('blog', blogSchema)"]},"_coverageSchema":"1a1c01bbd47fc00a2c39e90264f33305004495a9","hash":"8058a2dd33e6a591a2bf60e5f23a9b873b907297","contentHash":"5c9949193d184aebe5fb95713e5f48119c4aeaf21b34cae36c01723a96da8d84"},"/home/alexis/Andela/MyBrandAlex/server/scr/validation/blog.validation.js":{"path":"/home/alexis/Andela/MyBrandAlex/server/scr/validation/blog.validation.js","statementMap":{"0":{"start":{"line":3,"column":0},"end":{"line":5,"column":3}},"1":{"start":{"line":6,"column":0},"end":{"line":6,"column":28}},"2":{"start":{"line":8,"column":11},"end":{"line":8,"column":49}},"3":{"start":{"line":10,"column":39},"end":{"line":10,"column":95}},"4":{"start":{"line":12,"column":21},"end":{"line":20,"column":1}},"5":{"start":{"line":13,"column":19},"end":{"line":17,"column":4}},"6":{"start":{"line":19,"column":2},"end":{"line":19,"column":35}},"7":{"start":{"line":22,"column":15},"end":{"line":22,"column":29}},"8":{"start":{"line":23,"column":0},"end":{"line":23,"column":30}}},"fnMap":{"0":{"name":"_interopRequireDefault","decl":{"start":{"line":10,"column":9},"end":{"line":10,"column":31}},"loc":{"start":{"line":10,"column":37},"end":{"line":10,"column":97}},"line":10},"1":{"name":"blogValidation","decl":{"start":{"line":12,"column":30},"end":{"line":12,"column":44}},"loc":{"start":{"line":12,"column":51},"end":{"line":20,"column":1}},"line":12}},"branchMap":{"0":{"loc":{"start":{"line":10,"column":46},"end":{"line":10,"column":94}},"type":"cond-expr","locations":[{"start":{"line":10,"column":70},"end":{"line":10,"column":73}},{"start":{"line":10,"column":76},"end":{"line":10,"column":94}}],"line":10},"1":{"loc":{"start":{"line":10,"column":46},"end":{"line":10,"column":67}},"type":"binary-expr","locations":[{"start":{"line":10,"column":46},"end":{"line":10,"column":49}},{"start":{"line":10,"column":53},"end":{"line":10,"column":67}}],"line":10}},"s":{"0":1,"1":1,"2":1,"3":1,"4":1,"5":1,"6":1,"7":1,"8":1},"f":{"0":1,"1":1},"b":{"0":[0,1],"1":[1,1]},"inputSourceMap":{"version":3,"sources":["blog.validation.js"],"names":["blogValidation","body","blogSchema","joi","object","title","string","required","min","max","blogDescription","validate"],"mappings":";;;;;;;AAAA;;;;AAEA,IAAMA,cAAc,GAAI,SAAlBA,cAAkB,CAACC,IAAD,EAAU;AAC9B,MAAMC,UAAU,GAAGC,gBAAIC,MAAJ,CAAW;AAC1BC,IAAAA,KAAK,EAAEF,gBAAIG,MAAJ,GAAaC,QAAb,GAAwBC,GAAxB,CAA4B,CAA5B,EAA+BC,GAA/B,CAAmC,GAAnC,CADmB;AAE1BC,IAAAA,eAAe,EAAEP,gBAAIG,MAAJ,GAAaC,QAAb,GAAwBC,GAAxB,CAA4B,CAA5B,EAA+BC,GAA/B,CAAmC,GAAnC,CAFS,CAG1B;;AAH0B,GAAX,CAAnB;;AAKA,SAAOP,UAAU,CAACS,QAAX,CAAoBV,IAApB,CAAP;AACH,CAPD;;eAQeD,c","sourceRoot":"/home/alexis/Andela/MyBrandAlex/server/scr/validation/","sourcesContent":["import joi from 'joi'\n\nconst blogValidation =  (body) => {\n    const blogSchema = joi.object({\n        title: joi.string().required().min(3).max(200),\n        blogDescription: joi.string().required().min(3).max(200),\n        // blogPicture: joi.string().required().min(13).max(200)\n    })\n    return blogSchema.validate(body)\n}\nexport default blogValidation"]},"_coverageSchema":"1a1c01bbd47fc00a2c39e90264f33305004495a9","hash":"d6b53cd203f2bc96ebca2d6b03af1d966b272625","contentHash":"a09d51d6dd68742f8c33a00986808c7bee8da544b84549639036520c865cd00d"},"/home/alexis/Andela/MyBrandAlex/server/scr/config/cloudinary.js":{"path":"/home/alexis/Andela/MyBrandAlex/server/scr/config/cloudinary.js","statementMap":{"0":{"start":{"line":3,"column":0},"end":{"line":5,"column":3}},"1":{"start":{"line":6,"column":0},"end":{"line":6,"column":28}},"2":{"start":{"line":8,"column":17},"end":{"line":8,"column":41}},"3":{"start":{"line":10,"column":0},"end":{"line":14,"column":3}},"4":{"start":{"line":15,"column":15},"end":{"line":15,"column":25}},"5":{"start":{"line":16,"column":0},"end":{"line":16,"column":30}}},"fnMap":{},"branchMap":{},"s":{"0":1,"1":1,"2":1,"3":1,"4":1,"5":1},"f":{},"b":{},"inputSourceMap":{"version":3,"sources":["cloudinary.js"],"names":["cloudinary","require","v2","config","cloud_name","api_key","api_secret"],"mappings":";;;;;;;AAAA,IAAMA,UAAU,GAAGC,OAAO,CAAC,YAAD,CAAP,CAAsBC,EAAzC;;AACAF,UAAU,CAACG,MAAX,CAAkB;AACdC,EAAAA,UAAU,EAAE,WADE;AAEdC,EAAAA,OAAO,EAAE,iBAFK;AAGdC,EAAAA,UAAU,EAAE;AAHE,CAAlB;eAKeN,U","sourceRoot":"/home/alexis/Andela/MyBrandAlex/server/scr/config/","sourcesContent":["const cloudinary = require(\"cloudinary\").v2;\ncloudinary.config({\n    cloud_name: \"do9nypdlo\",\n    api_key: \"587461832293366\",\n    api_secret: \"_odd2Ut71I8qikOJqZ3UUIk9dSo\",\n}); \nexport default cloudinary"]},"_coverageSchema":"1a1c01bbd47fc00a2c39e90264f33305004495a9","hash":"86af2840ec726bd660ed01cf02fbbb6cdcaf467e","contentHash":"975176e1544513c506dc2656d93b6ccb649c07aca9a8b6ebc6d99122326d69bc"},"/home/alexis/Andela/MyBrandAlex/server/scr/routes/articles.js":{"path":"/home/alexis/Andela/MyBrandAlex/server/scr/routes/articles.js","statementMap":{"0":{"start":{"line":3,"column":0},"end":{"line":5,"column":3}},"1":{"start":{"line":6,"column":0},"end":{"line":6,"column":28}},"2":{"start":{"line":8,"column":15},"end":{"line":8,"column":57}},"3":{"start":{"line":10,"column":15},"end":{"line":10,"column":67}},"4":{"start":{"line":12,"column":25},"end":{"line":12,"column":91}},"5":{"start":{"line":14,"column":39},"end":{"line":14,"column":95}},"6":{"start":{"line":16,"column":13},"end":{"line":16,"column":41}},"7":{"start":{"line":18,"column":0},"end":{"line":18,"column":62}},"8":{"start":{"line":19,"column":0},"end":{"line":19,"column":64}},"9":{"start":{"line":20,"column":15},"end":{"line":20,"column":21}},"10":{"start":{"line":21,"column":0},"end":{"line":21,"column":30}}},"fnMap":{"0":{"name":"_interopRequireDefault","decl":{"start":{"line":14,"column":9},"end":{"line":14,"column":31}},"loc":{"start":{"line":14,"column":37},"end":{"line":14,"column":97}},"line":14}},"branchMap":{"0":{"loc":{"start":{"line":14,"column":46},"end":{"line":14,"column":94}},"type":"cond-expr","locations":[{"start":{"line":14,"column":70},"end":{"line":14,"column":73}},{"start":{"line":14,"column":76},"end":{"line":14,"column":94}}],"line":14},"1":{"loc":{"start":{"line":14,"column":46},"end":{"line":14,"column":67}},"type":"binary-expr","locations":[{"start":{"line":14,"column":46},"end":{"line":14,"column":49}},{"start":{"line":14,"column":53},"end":{"line":14,"column":67}}],"line":14}},"s":{"0":1,"1":1,"2":1,"3":1,"4":1,"5":3,"6":1,"7":1,"8":1,"9":1,"10":1},"f":{"0":3},"b":{"0":[1,2],"1":[3,3]},"inputSourceMap":{"version":3,"sources":["articles.js"],"names":["router","express","Router","get","articleController","articleGetName","post","articlePostName"],"mappings":";;;;;;;AAAA;;AACA;;AACA;;;;AACA,IAAMA,MAAM,GAAGC,oBAAQC,MAAR,EAAf;;AAGAF,MAAM,CAACG,GAAP,CAAW,GAAX,EAAgBC,8BAAkBC,cAAlC;AAEAL,MAAM,CAACM,IAAP,CAAY,GAAZ,EAAiBF,8BAAkBG,eAAnC;eAGeP,M","sourceRoot":"/home/alexis/Andela/MyBrandAlex/server/scr/routes/","sourcesContent":["import express from \"express\"\nimport article from '../models/Article'\nimport articleController from '../controller/articleController'\nconst router = express.Router()\n\n\nrouter.get('/', articleController.articleGetName)\n\nrouter.post('/', articleController.articlePostName)\n\n\nexport default router;"]},"_coverageSchema":"1a1c01bbd47fc00a2c39e90264f33305004495a9","hash":"807df93fcede029d08fc989275ea69a2a18e636e","contentHash":"ab4ff167a11402b3258dde5e3b41058e650014f196e099e71d3c652186bfb410"},"/home/alexis/Andela/MyBrandAlex/server/scr/models/Article.js":{"path":"/home/alexis/Andela/MyBrandAlex/server/scr/models/Article.js","statementMap":{"0":{"start":{"line":3,"column":16},"end":{"line":3,"column":59}},"1":{"start":{"line":5,"column":39},"end":{"line":5,"column":95}},"2":{"start":{"line":7,"column":20},"end":{"line":17,"column":2}},"3":{"start":{"line":18,"column":0},"end":{"line":18,"column":70}}},"fnMap":{"0":{"name":"_interopRequireDefault","decl":{"start":{"line":5,"column":9},"end":{"line":5,"column":31}},"loc":{"start":{"line":5,"column":37},"end":{"line":5,"column":97}},"line":5}},"branchMap":{"0":{"loc":{"start":{"line":5,"column":46},"end":{"line":5,"column":94}},"type":"cond-expr","locations":[{"start":{"line":5,"column":70},"end":{"line":5,"column":73}},{"start":{"line":5,"column":76},"end":{"line":5,"column":94}}],"line":5},"1":{"loc":{"start":{"line":5,"column":46},"end":{"line":5,"column":67}},"type":"binary-expr","locations":[{"start":{"line":5,"column":46},"end":{"line":5,"column":49}},{"start":{"line":5,"column":53},"end":{"line":5,"column":67}}],"line":5}},"s":{"0":1,"1":1,"2":1,"3":1},"f":{"0":1},"b":{"0":[0,1],"1":[1,1]},"inputSourceMap":{"version":3,"sources":["Article.js"],"names":["contactSchema","mongoose","Schema","title","type","String","description","picture","module","exports","model"],"mappings":";;AAAA;;;;AAEA,IAAMA,aAAa,GAAG,IAAIC,qBAASC,MAAb,CAAoB;AAEtCC,EAAAA,KAAK,EAAE;AACHC,IAAAA,IAAI,EAAEC;AADH,GAF+B;AAKtCC,EAAAA,WAAW,EAAE;AACTF,IAAAA,IAAI,EAAEC;AADG,GALyB;AAQtCE,EAAAA,OAAO,EAAE;AACLH,IAAAA,IAAI,EAAEC;AADD;AAR6B,CAApB,CAAtB;AAaAG,MAAM,CAACC,OAAP,GAAiBR,qBAASS,KAAT,CAAe,SAAf,EAA0BV,aAA1B,CAAjB","sourceRoot":"/home/alexis/Andela/MyBrandAlex/server/scr/models/","sourcesContent":["import mongoose from 'mongoose'\n\nconst contactSchema = new mongoose.Schema({\n\n    title: {\n        type: String\n    },\n    description: {\n        type: String\n    },\n    picture: {\n        type: String\n    }\n})\n\nmodule.exports = mongoose.model('article', contactSchema)"]},"_coverageSchema":"1a1c01bbd47fc00a2c39e90264f33305004495a9","hash":"c52c667329e5f1d205d718e8d6d639d783bc0794","contentHash":"31064525b478f929df28f6e77e68eef2f152b492882e680432e345e58b22377e"},"/home/alexis/Andela/MyBrandAlex/server/scr/controller/articleController.js":{"path":"/home/alexis/Andela/MyBrandAlex/server/scr/controller/articleController.js","statementMap":{"0":{"start":{"line":3,"column":0},"end":{"line":5,"column":3}},"1":{"start":{"line":6,"column":0},"end":{"line":6,"column":28}},"2":{"start":{"line":8,"column":15},"end":{"line":8,"column":67}},"3":{"start":{"line":10,"column":15},"end":{"line":10,"column":82}},"4":{"start":{"line":12,"column":39},"end":{"line":12,"column":95}},"5":{"start":{"line":14,"column":77},"end":{"line":14,"column":175}},"6":{"start":{"line":14,"column":94},"end":{"line":14,"column":107}},"7":{"start":{"line":14,"column":121},"end":{"line":14,"column":131}},"8":{"start":{"line":14,"column":151},"end":{"line":14,"column":165}},"9":{"start":{"line":14,"column":166},"end":{"line":14,"column":173}},"10":{"start":{"line":14,"column":176},"end":{"line":14,"column":263}},"11":{"start":{"line":14,"column":193},"end":{"line":14,"column":208}},"12":{"start":{"line":14,"column":218},"end":{"line":14,"column":261}},"13":{"start":{"line":16,"column":33},"end":{"line":16,"column":387}},"14":{"start":{"line":16,"column":65},"end":{"line":16,"column":69}},"15":{"start":{"line":16,"column":78},"end":{"line":16,"column":87}},"16":{"start":{"line":16,"column":89},"end":{"line":16,"column":384}},"17":{"start":{"line":16,"column":147},"end":{"line":16,"column":167}},"18":{"start":{"line":16,"column":193},"end":{"line":16,"column":264}},"19":{"start":{"line":16,"column":290},"end":{"line":16,"column":360}},"20":{"start":{"line":16,"column":363},"end":{"line":16,"column":380}},"21":{"start":{"line":18,"column":50},"end":{"line":18,"column":151}},"22":{"start":{"line":18,"column":92},"end":{"line":18,"column":149}},"23":{"start":{"line":20,"column":44},"end":{"line":20,"column":315}},"24":{"start":{"line":20,"column":57},"end":{"line":20,"column":58}},"25":{"start":{"line":20,"column":102},"end":{"line":20,"column":110}},"26":{"start":{"line":20,"column":112},"end":{"line":20,"column":167}},"27":{"start":{"line":20,"column":168},"end":{"line":20,"column":199}},"28":{"start":{"line":20,"column":200},"end":{"line":20,"column":254}},"29":{"start":{"line":20,"column":227},"end":{"line":20,"column":254}},"30":{"start":{"line":20,"column":255},"end":{"line":20,"column":313}},"31":{"start":{"line":22,"column":62},"end":{"line":22,"column":131}},"32":{"start":{"line":22,"column":78},"end":{"line":22,"column":131}},"33":{"start":{"line":22,"column":132},"end":{"line":22,"column":193}},"34":{"start":{"line":22,"column":149},"end":{"line":22,"column":193}},"35":{"start":{"line":22,"column":194},"end":{"line":22,"column":213}},"36":{"start":{"line":24,"column":38},"end":{"line":123,"column":3}},"37":{"start":{"line":26,"column":4},"end":{"line":26,"column":46}},"38":{"start":{"line":29,"column":2},"end":{"line":120,"column":6}},"39":{"start":{"line":32,"column":28},"end":{"line":59,"column":9}},"40":{"start":{"line":34,"column":8},"end":{"line":58,"column":36}},"41":{"start":{"line":35,"column":10},"end":{"line":57,"column":11}},"42":{"start":{"line":36,"column":12},"end":{"line":56,"column":13}},"43":{"start":{"line":38,"column":16},"end":{"line":38,"column":34}},"44":{"start":{"line":39,"column":16},"end":{"line":39,"column":34}},"45":{"start":{"line":40,"column":16},"end":{"line":40,"column":50}},"46":{"start":{"line":43,"column":16},"end":{"line":43,"column":41}},"47":{"start":{"line":44,"column":16},"end":{"line":44,"column":35}},"48":{"start":{"line":45,"column":16},"end":{"line":45,"column":35}},"49":{"start":{"line":46,"column":16},"end":{"line":46,"column":22}},"50":{"start":{"line":49,"column":16},"end":{"line":49,"column":34}},"51":{"start":{"line":50,"column":16},"end":{"line":50,"column":51}},"52":{"start":{"line":51,"column":16},"end":{"line":51,"column":48}},"53":{"start":{"line":55,"column":16},"end":{"line":55,"column":39}},"54":{"start":{"line":62,"column":8},"end":{"line":62,"column":54}},"55":{"start":{"line":65,"column":6},"end":{"line":65,"column":28}},"56":{"start":{"line":70,"column":29},"end":{"line":112,"column":9}},"57":{"start":{"line":73,"column":8},"end":{"line":111,"column":38}},"58":{"start":{"line":74,"column":10},"end":{"line":110,"column":11}},"59":{"start":{"line":75,"column":12},"end":{"line":109,"column":13}},"60":{"start":{"line":77,"column":16},"end":{"line":77,"column":106}},"61":{"start":{"line":79,"column":16},"end":{"line":84,"column":17}},"62":{"start":{"line":80,"column":18},"end":{"line":83,"column":21}},"63":{"start":{"line":86,"column":16},"end":{"line":90,"column":19}},"64":{"start":{"line":91,"column":16},"end":{"line":91,"column":35}},"65":{"start":{"line":92,"column":16},"end":{"line":92,"column":35}},"66":{"start":{"line":93,"column":16},"end":{"line":93,"column":34}},"67":{"start":{"line":96,"column":16},"end":{"line":96,"column":42}},"68":{"start":{"line":97,"column":16},"end":{"line":97,"column":35}},"69":{"start":{"line":98,"column":16},"end":{"line":98,"column":36}},"70":{"start":{"line":99,"column":16},"end":{"line":99,"column":22}},"71":{"start":{"line":102,"column":16},"end":{"line":102,"column":36}},"
[...]
file, cb){\n        cb(null, file.fieldname + '_' + Date());\n    }\n});\n\nconst uploads = multer({\n    storage: storage\n}).single('blogPicture');\n\n\nexport const upload = multer({storage})"]},"_coverageSchema":"1a1c01bbd47fc00a2c39e90264f33305004495a9","hash":"d9be610f6f0930b8f11cc65e996df18be0f96e85","contentHash":"bcd35bdfd71f85f48002a8ae52c5ee03b6aa6076ab2662753c667a8766ec5f44"},"/home/alexis/Andela/MyBrandAlex/server/scr/config/passport.js":{"path":"/home/alexis/Andela/MyBrandAlex/server/scr/config/passport.js","statementMap":{"0":{"start":{"line":3,"column":0},"end":{"line":5,"column":3}},"1":{"start":{"line":6,"column":0},"end":{"line":6,"column":30}},"2":{"start":{"line":8,"column":21},"end":{"line":8,"column":46}},"3":{"start":{"line":10,"column":16},"end":{"line":10,"column":35}},"4":{"start":{"line":12,"column":14},"end":{"line":12,"column":55}},"5":{"start":{"line":14,"column":19},"end":{"line":14,"column":42}},"6":{"start":{"line":16,"column":39},"end":{"line":16,"column":95}},"7":{"start":{"line":19,"column":11},"end":{"line":19,"column":36}},"8":{"start":{"line":21,"column":0},"end":{"line":21,"column":28}},"9":{"start":{"line":23,"column":11},"end":{"line":26,"column":1}},"10":{"start":{"line":29,"column":2},"end":{"line":57,"column":6}},"11":{"start":{"line":33,"column":4},"end":{"line":56,"column":7}},"12":{"start":{"line":36,"column":6},"end":{"line":40,"column":7}},"13":{"start":{"line":37,"column":8},"end":{"line":39,"column":11}},"14":{"start":{"line":43,"column":6},"end":{"line":53,"column":9}},"15":{"start":{"line":44,"column":8},"end":{"line":44,"column":27}},"16":{"start":{"line":44,"column":17},"end":{"line":44,"column":27}},"17":{"start":{"line":46,"column":8},"end":{"line":52,"column":9}},"18":{"start":{"line":47,"column":10},"end":{"line":47,"column":34}},"19":{"start":{"line":49,"column":10},"end":{"line":51,"column":13}},"20":{"start":{"line":55,"column":6},"end":{"line":55,"column":30}},"21":{"start":{"line":58,"column":2},"end":{"line":60,"column":5}},"22":{"start":{"line":59,"column":4},"end":{"line":59,"column":24}},"23":{"start":{"line":61,"column":2},"end":{"line":65,"column":5}},"24":{"start":{"line":62,"column":4},"end":{"line":64,"column":7}},"25":{"start":{"line":63,"column":6},"end":{"line":63,"column":22}},"26":{"start":{"line":66,"column":2},"end":{"line":80,"column":6}},"27":{"start":{"line":67,"column":4},"end":{"line":79,"column":7}},"28":{"start":{"line":70,"column":6},"end":{"line":72,"column":7}},"29":{"start":{"line":71,"column":8},"end":{"line":71,"column":32}},"30":{"start":{"line":74,"column":6},"end":{"line":78,"column":7}},"31":{"start":{"line":75,"column":8},"end":{"line":75,"column":32}},"32":{"start":{"line":77,"column":8},"end":{"line":77,"column":33}}},"fnMap":{"0":{"name":"_interopRequireDefault","decl":{"start":{"line":16,"column":9},"end":{"line":16,"column":31}},"loc":{"start":{"line":16,"column":37},"end":{"line":16,"column":97}},"line":16},"1":{"name":"_default","decl":{"start":{"line":28,"column":9},"end":{"line":28,"column":17}},"loc":{"start":{"line":28,"column":28},"end":{"line":81,"column":1}},"line":28},"2":{"name":"(anonymous_2)","decl":{"start":{"line":31,"column":5},"end":{"line":31,"column":6}},"loc":{"start":{"line":31,"column":38},"end":{"line":57,"column":3}},"line":31},"3":{"name":"(anonymous_3)","decl":{"start":{"line":35,"column":12},"end":{"line":35,"column":13}},"loc":{"start":{"line":35,"column":28},"end":{"line":54,"column":5}},"line":35},"4":{"name":"(anonymous_4)","decl":{"start":{"line":43,"column":54},"end":{"line":43,"column":55}},"loc":{"start":{"line":43,"column":78},"end":{"line":53,"column":7}},"line":43},"5":{"name":"(anonymous_5)","decl":{"start":{"line":54,"column":16},"end":{"line":54,"column":17}},"loc":{"start":{"line":54,"column":31},"end":{"line":56,"column":5}},"line":54},"6":{"name":"(anonymous_6)","decl":{"start":{"line":58,"column":25},"end":{"line":58,"column":26}},"loc":{"start":{"line":58,"column":47},"end":{"line":60,"column":3}},"line":58},"7":{"name":"(anonymous_7)","decl":{"start":{"line":61,"column":27},"end":{"line":61,"column":28}},"loc":{"start":{"line":61,"column":47},"end":{"line":65,"column":3}},"line":61},"8":{"name":"(anonymous_8)","decl":{"start":{"line":62,"column":22},"end":{"line":62,"column":23}},"loc":{"start":{"line":62,"column":43},"end":{"line":64,"column":5}},"line":62},"9":{"name":"(anonymous_9)","decl":{"start":{"line":66,"column":47},"end":{"line":66,"column":48}},"loc":{"start":{"line":66,"column":76},"end":{"line":80,"column":3}},"line":66},"10":{"name":"(anonymous_10)","decl":{"start":{"line":69,"column":7},"end":{"line":69,"column":8}},"loc":{"start":{"line":69,"column":28},"end":{"line":79,"column":5}},"line":69}},"branchMap":{"0":{"loc":{"start":{"line":16,"column":46},"end":{"line":16,"column":94}},"type":"cond-expr","locations":[{"start":{"line":16,"column":70},"end":{"line":16,"column":73}},{"start":{"line":16,"column":76},"end":{"line":16,"column":94}}],"line":16},"1":{"loc":{"start":{"line":16,"column":46},"end":{"line":16,"column":67}},"type":"binary-expr","locations":[{"start":{"line":16,"column":46},"end":{"line":16,"column":49}},{"start":{"line":16,"column":53},"end":{"line":16,"column":67}}],"line":16},"2":{"loc":{"start":{"line":36,"column":6},"end":{"line":40,"column":7}},"type":"if","locations":[{"start":{"line":36,"column":6},"end":{"line":40,"column":7}},{"start":{"line":36,"column":6},"end":{"line":40,"column":7}}],"line":36},"3":{"loc":{"start":{"line":44,"column":8},"end":{"line":44,"column":27}},"type":"if","locations":[{"start":{"line":44,"column":8},"end":{"line":44,"column":27}},{"start":{"line":44,"column":8},"end":{"line":44,"column":27}}],"line":44},"4":{"loc":{"start":{"line":46,"column":8},"end":{"line":52,"column":9}},"type":"if","locations":[{"start":{"line":46,"column":8},"end":{"line":52,"column":9}},{"start":{"line":46,"column":8},"end":{"line":52,"column":9}}],"line":46},"5":{"loc":{"start":{"line":70,"column":6},"end":{"line":72,"column":7}},"type":"if","locations":[{"start":{"line":70,"column":6},"end":{"line":72,"column":7}},{"start":{"line":70,"column":6},"end":{"line":72,"column":7}}],"line":70},"6":{"loc":{"start":{"line":74,"column":6},"end":{"line":78,"column":7}},"type":"if","locations":[{"start":{"line":74,"column":6},"end":{"line":78,"column":7}},{"start":{"line":74,"column":6},"end":{"line":78,"column":7}}],"line":74}},"s":{"0":1,"1":1,"2":1,"3":1,"4":1,"5":1,"6":1,"7":1,"8":1,"9":1,"10":1,"11":1,"12":1,"13":0,"14":1,"15":1,"16":0,"17":1,"18":1,"19":0,"20":0,"21":1,"22":0,"23":1,"24":0,"25":0,"26":1,"27":1,"28":1,"29":0,"30":1,"31":1,"32":0},"f":{"0":1,"1":1,"2":1,"3":1,"4":1,"5":0,"6":0,"7":0,"8":0,"9":1,"10":1},"b":{"0":[0,1],"1":[1,1],"2":[0,1],"3":[0,1],"4":[1,0],"5":[0,1],"6":[1,0]},"inputSourceMap":{"version":3,"sources":["passport.js"],"names":["User","require","dotenv","config","opts","jwtFromRequest","ExtractJwt","fromAuthHeaderAsBearerToken","secretOrKey","process","env","JWT_SECRET","passport","use","localStrategy","usernameField","email","password","done","findOne","then","user","message","err","isMatch","console","log","serializeUser","id","deserializeUser","findById","JwtStrategy","jwt_payload","sub"],"mappings":";;;;;;;AAAA;;AACA;;AACA;;AAIA;;;;AAHA;AAEA,IAAMA,IAAI,GAAGC,OAAO,CAAE,gBAAF,CAApB;;AAIAC,mBAAOC,MAAP;;AAEA,IAAMC,IAAI,GAAG;AACbC,EAAAA,cAAc,EAAEC,wBAAWC,2BAAX,EADH;AAEbC,EAAAA,WAAW,EAAEC,OAAO,CAACC,GAAR,CAAYC;AAFZ,CAAb;;AAIe,kBAASC,QAAT,EAAkB;AAC7BA,EAAAA,QAAQ,CAACC,GAAT,CACI,IAAIC,uBAAJ,CAAmB;AAAEC,IAAAA,aAAa,EAAE;AAAjB,GAAnB,EAA8C,UAACC,KAAD,EAAQC,QAAR,EAAkBC,IAAlB,EAA2B;AACrE;AACAlB,IAAAA,IAAI,CAACmB,OAAL,CAAa;AAAEH,MAAAA,KAAK,EAAEA;AAAT,KAAb,EACCI,IADD,CACM,UAAAC,IAAI,EAAI;AACV,UAAG,CAACA,IAAJ,EAAS;AACL,eAAOH,IAAI,CAAC,IAAD,EAAO,KAAP,EAAc;AAACI,UAAAA,OAAO,EAAE;AAAV,SAAd,CAAX;AACH,OAHS,CAKV;;;AAEA,6BAAQL,QAAR,EAAkBI,IAAI,CAACJ,QAAvB,EAAiC,UAACM,GAAD,EAAMC,OAAN,EAAkB;AAC/C,YAAGD,GAAH,EAAQ,MAAMA,GAAN;;AAER,YAAGC,OAAH,EAAW;AACP,iBAAON,IAAI,CAAC,IAAD,EAAOG,IAAP,CAAX;AACH,SAFD,MAEK;AACD,iBAAOH,IAAI,CAAC,IAAD,EAAO,KAAP,EAAc;AAACI,YAAAA,OAAO,EAAE;AAAV,WAAd,CAAX;AACH;AAEJ,OATD;AAUH,KAlBD,WAmBO,UAAAC,GAAG;AAAA,aAAIE,OAAO,CAACC,GAAR,CAAYH,GAAZ,CAAJ;AAAA,KAnBV;AAoBH,GAtBD,CADJ;AAyBAX,EAAAA,QAAQ,CAACe,aAAT,CAAuB,UAACN,IAAD,EAAOH,IAAP,EAAgB;AACnCA,IAAAA,IAAI,CAAC,IAAD,EAAOG,IAAI,CAACO,EAAZ,CAAJ;AACD,GAFH;AAIEhB,EAAAA,QAAQ,CAACiB,eAAT,CAAyB,UAACD,EAAD,EAAKV,IAAL,EAAc;AACrClB,IAAAA,IAAI,CAAC8B,QAAL,CAAcF,EAAd,EAAkB,UAACL,GAAD,EAAMF,IAAN,EAAe;AAC/BH,MAAAA,IAAI,CAACK,GAAD,EAAMF,IAAN,CAAJ;AACD,KAFD;AAGD,GAJD;AAMAT,EAAAA,QAAQ,CAACC,GAAT,CAAa,IAAIkB,qBAAJ,CAAgB3B,IAAhB,EAAsB,UAAS4B,WAAT,EAAsBd,IAAtB,EAA4B;AAC7DlB,IAAAA,IAAI,CAACmB,OAAL,CAAa;AAACS,MAAAA,EAAE,EAAEI,WAAW,CAACC;AAAjB,KAAb,EAAoC,UAASV,GAAT,EAAcF,IAAd,EAAoB;AACpD,UAAIE,GAAJ,EAAS;AACL,eAAOL,IAAI,CAACK,GAAD,EAAM,KAAN,CAAX;AACH;;AACD,UAAIF,IAAJ,EAAU;AACN,eAAOH,IAAI,CAAC,IAAD,EAAOG,IAAP,CAAX;AACH,OAFD,MAEO;AACH,eAAOH,IAAI,CAAC,IAAD,EAAO,KAAP,CAAX,CADG,CAEH;AACH;AACJ,KAVD;AAWH,GAZc,CAAb;AAaL","sourceRoot":"/home/alexis/Andela/MyBrandAlex/server/scr/config/","sourcesContent":["import { Strategy as localStrategy } from 'passport-local';\nimport { compare } from 'bcryptjs';\nimport dotenv from 'dotenv'\n// load User model\n\nconst User = require ('../models/User');\nimport { Strategy as JwtStrategy } from 'passport-jwt';\nimport { ExtractJwt } from 'passport-jwt';\n\ndotenv.config()\n\nconst opts = {\njwtFromRequest: ExtractJwt.fromAuthHeaderAsBearerToken(),\nsecretOrKey: process.env.JWT_SECRET\n}\nexport default function(passport){\n    passport.use(\n        new localStrategy( { usernameField: 'email'}, (email, password, done) => {\n            // Match User\n            User.findOne({ email: email})\n            .then(user => {\n                if(!user){\n                    return done(null, false, {message: ' that email is not registered.'})\n                }\n\n                // Match Password\n\n                compare(password, user.password, (err, isMatch) => {\n                    if(err) throw err;\n\n                    if(isMatch){\n                        return done(null, user);\n                    }else{\n                        return(done(null, false, {message: 'Password Incorrect'}))\n                    }\n\n                })\n            })\n            .catch(err => console.log(err));\n        })\n    )\n    passport.serializeUser((user, done) => {\n        done(null, user.id);\n      });\n      \n      passport.deserializeUser((id, done) => {\n        User.findById(id, (err, user) => {\n          done(err, user);\n        });\n      });\n\n      passport.use(new JwtStrategy(opts, function(jwt_payload, done) {\n        User.findOne({id: jwt_payload.sub}, function(err, user) {\n            if (err) {\n                return done(err, false);\n            }\n            if (user) {\n                return done(null, user);\n            } else {\n                return done(null, false);\n                // or you could create a new account\n            }\n        });\n    }));\n}\n\n\n"]},"_coverageSchema":"1a1c01bbd47fc00a2c39e90264f33305004495a9","hash":"8c32ed1579e8544aa1c454ab3ef1231238565a7c","contentHash":"197f15886d4712f2091c715147874b62334db5ff89bbb6eb00d048227e7b1c94"},"/home/alexis/Andela/MyBrandAlex/server/scr/models/User.js":{"path":"/home/alexis/Andela/MyBrandAlex/server/scr/models/User.js","statementMap":{"0":{"start":{"line":3,"column":15},"end":{"line":3,"column":34}},"1":{"start":{"line":5,"column":17},"end":{"line":22,"column":2}},"2":{"start":{"line":23,"column":11},"end":{"line":23,"column":45}},"3":{"start":{"line":24,"column":0},"end":{"line":24,"column":22}}},"fnMap":{},"branchMap":{},"s":{"0":1,"1":1,"2":1,"3":1},"f":{},"b":{},"inputSourceMap":{"version":3,"sources":["User.js"],"names":["mongoose","require","UserSchema","Schema","name","type","String","required","email","password","date","Date","now","User","model","module","exports"],"mappings":";;AAAA,IAAMA,QAAQ,GAAGC,OAAO,CAAC,UAAD,CAAxB;;AAEA,IAAMC,UAAU,GAAG,IAAIF,QAAQ,CAACG,MAAb,CAAoB;AACnCC,EAAAA,IAAI,EAAC;AACDC,IAAAA,IAAI,EAAEC,MADL;AAEDC,IAAAA,QAAQ,EAAE;AAFT,GAD8B;AAMnCC,EAAAA,KAAK,EAAC;AACFH,IAAAA,IAAI,EAAEC,MADJ;AAEFC,IAAAA,QAAQ,EAAE;AAFR,GAN6B;AAWnCE,EAAAA,QAAQ,EAAC;AACLJ,IAAAA,IAAI,EAAEC,MADD;AAELC,IAAAA,QAAQ,EAAE;AAFL,GAX0B;AAgBnCG,EAAAA,IAAI,EAAC;AACDL,IAAAA,IAAI,EAAEM,IADL;AAED,eAASA,IAAI,CAACC;AAFb;AAhB8B,CAApB,CAAnB;AAsBA,IAAMC,IAAI,GAAGb,QAAQ,CAACc,KAAT,CAAe,MAAf,EAAuBZ,UAAvB,CAAb;AACAa,MAAM,CAACC,OAAP,GAAiBH,IAAjB","sourceRoot":"/home/alexis/Andela/MyBrandAlex/server/scr/models/","sourcesContent":["const mongoose = require('mongoose');\n\nconst UserSchema = new mongoose.Schema({\n    name:{\n        type: String,\n        required: true\n    },\n\n    email:{\n        type: String,\n        required: true\n    },\n\n    password:{\n        type: String,\n        required: true\n    },\n\n    date:{\n        type: Date,\n        default: Date.now\n    },\n})\n\nconst User = mongoose.model('User', UserSchema);\nmodule.exports = User;"]},"_coverageSchema":"1a1c01bbd47fc00a2c39e90264f33305004495a9","hash":"0049bd38937ad61d0b7f70fe95627f63e4c4e412","contentHash":"1ccfd2de7193ce8013598314b9ace712afe4672d1c57d11d3cabcb74b2c2ad5a"},"/home/alexis/Andela/MyBrandAlex/server/scr/routes/users.js":{"path":"/home/alexis/Andela/MyBrandAlex/server/scr/routes/users.js","statementMap":{"0":{"start":{"line":3,"column":15},"end":{"line":3,"column":57}},"1":{"start":{"line":5,"column":20},"end":{"line":5,"column":67}},"2":{"start":{"line":7,"column":13},"end":{"line":7,"column":68}},"3":{"start":{"line":9,"column":39},"end":{"line":9,"column":95}},"4":{"start":{"line":12,"column":13},"end":{"line":12,"column":41}},"5":{"start":{"line":18,"column":0},"end":{"line":30,"column":3}},"6":{"start":{"line":19,"column":14},"end":{"line":23,"column":28}},"7":{"start":{"line":25,"column":2},"end":{"line":29,"column":5}},"8":{"start":{"line":32,"column":0},"end":{"line":38,"column":3}},"9":{"start":{"line":33,"column":2},"end":{"line":33,"column":15}},"10":{"start":{"line":34,"column":2},"end":{"line":37,"column":5}},"11":{"start":{"line":39,"column":0},"end":{"line":39,"column":24}}},"fnMap":{"0":{"name":"_interopRequireDefault","decl":{"start":{"line":9,"column":9},"end":{"line":9,"column":31}},"loc":{"start":{"line":9,"column":37},"end":{"line":9,"column":97}},"line":9},"1":{"name":"(anonymous_1)","decl":{"start":{"line":18,"column":47},"end":{"line":18,"column":48}},"loc":{"start":{"line":18,"column":67},"end":{"line":30,"column":1}},"line":18},"2":{"name":"(anonymous_2)","decl":{"start":{"line":32,"column":22},"end":{"line":32,"column":23}},"loc":{"start":{"line":32,"column":42},"end":{"line":38,"column":1}},"line":32}},"branchMap":{"0":{"loc":{"start":{"line":9,"column":46},"end":{"line":9,"column":94}},"type":"cond-expr","locations":[{"start":{"line":9,"column":70},"end":{"line":9,"column":73}},{"start":{"line":9,"column":76},"end":{"line":9,"column":94}}],"line":9},"1":{"loc":{"start":{"line":9,"column":46},"end":{"line":9,"column":67}},"type":"binary-expr","locations":[{"start":{"line":9,"column":46},"end":{"line":9,"column":49}},{"start":{"line":9,"column":53},"end":{"line":9,"column":67}}],"line":9}},"s":{"0":1,"1":1,"2":1,"3":3,"4":1,"5":1,"6":1,"7":1,"8":1,"9":1,"10":1,"11":1},"f":{"0":3,"1":1,"2":1},"b":{"0":[1,2],"1":[3,3]},"inputSourceMap":{"version":3,"sources":["users.js"],"names":["router","express","Router","post","Auth","login","req","res","token","jwt","sign","name","user","id","_id","mail","email","process","env","JWT_SECRET","status","json","message","get","logout","module","exports"],"mappings":";;AAAA;;AAEA;;AACA;;;;AAFA;AAGA,IAAOA,MAAM,GAAGC,oBAAQC,MAAR,EAAhB,C,CACA;AAEA;AAEA;AAEI;;;AAEAF,MAAM,CAACG,IAAP,CAAY,QAAZ,EAAsBC,kBAAKC,KAA3B,EAAmC,UAACC,GAAD,EAAMC,GAAN,EAAc;AACzC,MAAMC,KAAK,GAAGC,yBAAIC,IAAJ,CAAU;AAACC,IAAAA,IAAI,EAAEL,GAAG,CAACM,IAAJ,CAASD,IAAhB;AAAsBE,IAAAA,EAAE,EAAEP,GAAG,CAACM,IAAJ,CAASE,GAAnC;AAAwCC,IAAAA,IAAI,EAAET,GAAG,CAACM,IAAJ,CAASI;AAAvD,GAAV,EAAwEC,OAAO,CAACC,GAAR,CAAYC,UAApF,CAAd;;AAEAZ,EAAAA,GAAG,CACAa,MADH,CACU,GADV,EAEGC,IAFH,CAEQ;AAAED,IAAAA,MAAM,EAAE,GAAV;AAAeE,IAAAA,OAAO,EAAE,cAAxB;AAAwCd,IAAAA,KAAK,EAALA;AAAxC,GAFR;AAGP,CAND,E,CAQA;;AAEAR,MAAM,CAACuB,GAAP,CAAW,SAAX,EAAsB,UAACjB,GAAD,EAAMC,GAAN,EAAc;AAChCD,EAAAA,GAAG,CAACkB,MAAJ;AACAjB,EAAAA,GAAG,CAACa,MAAJ,CAAW,GAAX,EAAgBC,IAAhB,CAAqB;AAACD,IAAAA,MAAM,EAAC,GAAR;AAAaE,IAAAA,OAAO,EAAC;AAArB,GAArB;AACH,CAHD;AAIJG,MAAM,CAACC,OAAP,GAAiB1B,MAAjB","sourceRoot":"/home/alexis/Andela/MyBrandAlex/server/scr/routes/","sourcesContent":["import express from 'express';\n// import controller from '../controller/usersController'\nimport jwt from 'jsonwebtoken'\nimport Auth from '../middlewares/auths'\nconst  router = express.Router()\n// User modol\n\n// Register handle\n\n// router.post('/register', controller.register)\n\n    // Login handle\n\n    router.post('/login', Auth.login , (req, res) => {\n            const token = jwt.sign( {name: req.user.name, id: req.user._id, mail: req.user.email},process.env.JWT_SECRET\n            );\n            res\n              .status(200)\n              .json({ status: 200, message: \"you loged in\", token });\n    }  )\n\n    // Logout handle\n\n    router.get('/logout', (req, res) => {\n        req.logout();\n        res.status(200).json({status:200, message:'you loged out'})\n    })\nmodule.exports = router"]},"_coverageSchema":"1a1c01bbd47fc00a2c39e90264f33305004495a9","hash":"673d0f26e9a3186a0f137a9b250d4ad38a3baf2f","contentHash":"875bf4dbafb141c457f43496e3734f13f37017087c65af06f00e8823b8de5db6"},"/home/alexis/Andela/MyBrandAlex/server/scr/controller/usersController.js":{"path":"/home/alexis/Andela/MyBrandAlex/server/scr/controller/usersController.js","statementMap":{},"fnMap":{},"branchMap":{},"s":{},"f":{},"b":{},"inputSourceMap":{"version":3,"sources":["usersController.js"],"names":[],"mappings":"AAAA;AACA;AACA;AACA;AAEA;AAEA;AAEA;AACA;AAGA;AAEA;AACA;AACA;AACA;AACA;AAEA;AACA;AACA;AACA;AACA;AACA;AACA;AAEA;AACA;AACA;AACA;AAEA;AACA;AACA;AACA;AACA;AACA;AACA;AAEA;AACA;AACA;AACA;AACA;AACA;AAEA;AAEA","sourceRoot":"/home/alexis/Andela/MyBrandAlex/server/scr/controller/","sourcesContent":["// import bcrypt from 'bcryptjs'\n// import jwt from 'jsonwebtoken'\n// // User modol\n// const User = require('../models/User');\n\n// class userController { \n\n// // Register handle\n\n// static register(req, res){\n//     const { name, email, password} = req.body;\n\n\n//     // Validation\n\n//     User.findOne({ email: email})\n//         .then(user => {\n//             if(user){\n//                 // User exists\n//                 res.status(409).json({status:409, message:'User exist'}) \n\n//             }else{\n//                 const newUser = new User({\n//                     name,\n//                     email,\n//                     password\n//                 })\n//                 //  Hash Password\n\n//                 bcrypt.genSalt(10, (err, salt) =>\n//                 bcrypt.hash(newUser.password, salt, (err, hash) => {\n//                     if(err) throw err;\n//                     // set password to hashed\n\n//                     newUser.password = hash;\n//                     // save user\n//                     newUser.save() \n//                     .then(() => {\n//                         const token = jwt.sign( {name: newUser.name, id: newUser._id, mail: newUser.email},process.env.JWT_SECRET\n//                         );\n//                         res.status(201).json({status: 201, message: 'you are register you can log in!', token});\n                        \n//                     })               \n//                 })\n//                 )\n//             }\n//         })\n//     }\n\n// }\n\n// export default userController"]},"_coverageSchema":"1a1c01bbd47fc00a2c39e90264f33305004495a9","hash":"d9728fe37ff10613c62ba3c76fec3f755e4c1757","contentHash":"3a435942359fe02e2025eb8612d330271c2691d8a87b6463021c8be083e35f6b"}}